The path of the results is all_sites\CNN_HPO_GVDA
Basic_3inp model is applied
Learning rate is 0.000010
Apply pretrain model!
=================================================================
Layer (type:depth-idx)                   Param #
=================================================================
CNN_allsites                             --
©À©¤Sequential: 1-1                        --
©¦    ©¸©¤Conv1d: 2-1                       (688)
©¦    ©¸©¤ReLU: 2-2                         --
©¦    ©¸©¤Conv1d: 2-3                       (3,616)
©¦    ©¸©¤ReLU: 2-4                         --
©¦    ©¸©¤Conv1d: 2-5                       (14,400)
©¦    ©¸©¤ReLU: 2-6                         --
©¦    ©¸©¤Flatten: 2-7                      --
©¦    ©¸©¤Linear: 2-8                       (1,442,816)
©¦    ©¸©¤ReLU: 2-9                         --
©¦    ©¸©¤Linear: 2-10                      (524,800)
©¦    ©¸©¤ReLU: 2-11                        --
©¦    ©¸©¤Linear: 2-12                      (455,031)
©¦    ©¸©¤ReLU: 2-13                        --
©À©¤Sequential: 1-2                        --
©¦    ©¸©¤Conv1d: 2-14                      (664)
©¦    ©¸©¤ReLU: 2-15                        --
©¦    ©¸©¤Conv1d: 2-16                      (5,264)
©¦    ©¸©¤ReLU: 2-17                        --
©¦    ©¸©¤Conv1d: 2-18                      (10,512)
©¦    ©¸©¤ReLU: 2-19                        --
©¦    ©¸©¤Flatten: 2-20                     --
©¦    ©¸©¤Linear: 2-21                      (1,639,424)
©¦    ©¸©¤ReLU: 2-22                        --
©¦    ©¸©¤Linear: 2-23                      (524,800)
©¦    ©¸©¤ReLU: 2-24                        --
©¦    ©¸©¤Linear: 2-25                      (455,031)
©¦    ©¸©¤ReLU: 2-26                        --
©À©¤ModuleList: 1-3                        --
©¦    ©¸©¤Sequential: 2-27                  --
©¦    ©¦    ©¸©¤Linear: 3-1                  787,656
©¦    ©¦    ©¸©¤ReLU: 3-2                    --
©¦    ©¦    ©¸©¤Linear: 3-3                  787,656
©¦    ©¦    ©¸©¤ReLU: 3-4                    --
©¦    ©¦    ©¸©¤Linear: 3-5                  787,656
©¦    ©¦    ©¸©¤ReLU: 3-6                    --
©À©¤ModuleList: 1-4                        --
©¦    ©¸©¤Sequential: 2-28                  --
©¦    ©¦    ©¸©¤Linear: 3-7                  787,656
©¦    ©¦    ©¸©¤Sigmoid: 3-8                 --
©¦    ©¦    ©¸©¤Linear: 3-9                  787,656
©¦    ©¦    ©¸©¤Sigmoid: 3-10                --
©¦    ©¦    ©¸©¤Linear: 3-11                 787,656
©¦    ©¦    ©¸©¤Sigmoid: 3-12                --
©À©¤Sequential: 1-5                        --
©¦    ©¸©¤Linear: 2-29                      113,664
©¦    ©¸©¤Linear: 2-30                      16,512
©¦    ©¸©¤Linear: 2-31                      8,514
=================================================================
Total params: 9,941,672
Trainable params: 4,864,626
Non-trainable params: 5,077,046
=================================================================
Epoch [1/500]	 Average training and validation loss: 7.0850E-03 7.9981E-03	Time: 2.67s
Epoch [2/500]	 Average training and validation loss: 6.8369E-03 7.7393E-03	Time: 0.03s
Epoch [3/500]	 Average training and validation loss: 6.6013E-03 7.4895E-03	Time: 0.03s
Epoch [4/500]	 Average training and validation loss: 6.3741E-03 7.2486E-03	Time: 0.03s
Epoch [5/500]	 Average training and validation loss: 6.1553E-03 7.0168E-03	Time: 0.03s
Epoch [6/500]	 Average training and validation loss: 5.9450E-03 6.7936E-03	Time: 0.03s
Epoch [7/500]	 Average training and validation loss: 5.7432E-03 6.5790E-03	Time: 0.03s
Epoch [8/500]	 Average training and validation loss: 5.5497E-03 6.3729E-03	Time: 0.03s
Epoch [9/500]	 Average training and validation loss: 5.3644E-03 6.1750E-03	Time: 0.03s
Epoch [10/500]	 Average training and validation loss: 5.1873E-03 5.9852E-03	Time: 0.03s
Epoch [11/500]	 Average training and validation loss: 5.0180E-03 5.8027E-03	Time: 0.03s
Epoch [12/500]	 Average training and validation loss: 4.8564E-03 5.6274E-03	Time: 0.03s
Epoch [13/500]	 Average training and validation loss: 4.7024E-03 5.4591E-03	Time: 0.03s
Epoch [14/500]	 Average training and validation loss: 4.5556E-03 5.2975E-03	Time: 0.03s
Epoch [15/500]	 Average training and validation loss: 4.4154E-03 5.1421E-03	Time: 0.03s
Epoch [16/500]	 Average training and validation loss: 4.2815E-03 4.9926E-03	Time: 0.03s
Epoch [17/500]	 Average training and validation loss: 4.1531E-03 4.8486E-03	Time: 0.03s
Epoch [18/500]	 Average training and validation loss: 4.0302E-03 4.7095E-03	Time: 0.03s
Epoch [19/500]	 Average training and validation loss: 3.9121E-03 4.5752E-03	Time: 0.03s
Epoch [20/500]	 Average training and validation loss: 3.7987E-03 4.4454E-03	Time: 0.03s
Epoch [21/500]	 Average training and validation loss: 3.6897E-03 4.3199E-03	Time: 0.03s
Epoch [22/500]	 Average training and validation loss: 3.5848E-03 4.1987E-03	Time: 0.03s
Epoch [23/500]	 Average training and validation loss: 3.4838E-03 4.0819E-03	Time: 0.03s
Epoch [24/500]	 Average training and validation loss: 3.3870E-03 3.9699E-03	Time: 0.03s
Epoch [25/500]	 Average training and validation loss: 3.2945E-03 3.8626E-03	Time: 0.03s
Epoch [26/500]	 Average training and validation loss: 3.2062E-03 3.7603E-03	Time: 0.03s
Epoch [27/500]	 Average training and validation loss: 3.1219E-03 3.6627E-03	Time: 0.03s
Epoch [28/500]	 Average training and validation loss: 3.0416E-03 3.5696E-03	Time: 0.03s
Epoch [29/500]	 Average training and validation loss: 2.9648E-03 3.4807E-03	Time: 0.03s
Epoch [30/500]	 Average training and validation loss: 2.8912E-03 3.3956E-03	Time: 0.03s
Epoch [31/500]	 Average training and validation loss: 2.8208E-03 3.3139E-03	Time: 0.03s
Epoch [32/500]	 Average training and validation loss: 2.7533E-03 3.2354E-03	Time: 0.03s
Epoch [33/500]	 Average training and validation loss: 2.6887E-03 3.1600E-03	Time: 0.03s
Epoch [34/500]	 Average training and validation loss: 2.6270E-03 3.0874E-03	Time: 0.03s
Epoch [35/500]	 Average training and validation loss: 2.5680E-03 3.0176E-03	Time: 0.03s
Epoch [36/500]	 Average training and validation loss: 2.5115E-03 2.9503E-03	Time: 0.03s
Epoch [37/500]	 Average training and validation loss: 2.4573E-03 2.8855E-03	Time: 0.03s
Epoch [38/500]	 Average training and validation loss: 2.4053E-03 2.8231E-03	Time: 0.03s
Epoch [39/500]	 Average training and validation loss: 2.3553E-03 2.7629E-03	Time: 0.03s
Epoch [40/500]	 Average training and validation loss: 2.3071E-03 2.7048E-03	Time: 0.03s
Epoch [41/500]	 Average training and validation loss: 2.2607E-03 2.6490E-03	Time: 0.03s
Epoch [42/500]	 Average training and validation loss: 2.2161E-03 2.5955E-03	Time: 0.03s
Epoch [43/500]	 Average training and validation loss: 2.1730E-03 2.5442E-03	Time: 0.03s
Epoch [44/500]	 Average training and validation loss: 2.1316E-03 2.4950E-03	Time: 0.03s
Epoch [45/500]	 Average training and validation loss: 2.0916E-03 2.4476E-03	Time: 0.03s
Epoch [46/500]	 Average training and validation loss: 2.0530E-03 2.4022E-03	Time: 0.03s
Epoch [47/500]	 Average training and validation loss: 2.0162E-03 2.3587E-03	Time: 0.03s
Epoch [48/500]	 Average training and validation loss: 1.9806E-03 2.3170E-03	Time: 0.03s
Epoch [49/500]	 Average training and validation loss: 1.9464E-03 2.2769E-03	Time: 0.03s
Epoch [50/500]	 Average training and validation loss: 1.9133E-03 2.2382E-03	Time: 0.03s
Epoch [51/500]	 Average training and validation loss: 1.8813E-03 2.2010E-03	Time: 0.03s
Epoch [52/500]	 Average training and validation loss: 1.8504E-03 2.1652E-03	Time: 0.03s
Epoch [53/500]	 Average training and validation loss: 1.8205E-03 2.1307E-03	Time: 0.03s
Epoch [54/500]	 Average training and validation loss: 1.7914E-03 2.0974E-03	Time: 0.03s
Epoch [55/500]	 Average training and validation loss: 1.7632E-03 2.0652E-03	Time: 0.03s
Epoch [56/500]	 Average training and validation loss: 1.7359E-03 2.0341E-03	Time: 0.03s
Epoch [57/500]	 Average training and validation loss: 1.7094E-03 2.0042E-03	Time: 0.03s
Epoch [58/500]	 Average training and validation loss: 1.6839E-03 1.9753E-03	Time: 0.03s
Epoch [59/500]	 Average training and validation loss: 1.6591E-03 1.9474E-03	Time: 0.03s
Epoch [60/500]	 Average training and validation loss: 1.6351E-03 1.9205E-03	Time: 0.03s
Epoch [61/500]	 Average training and validation loss: 1.6119E-03 1.8946E-03	Time: 0.03s
Epoch [62/500]	 Average training and validation loss: 1.5894E-03 1.8696E-03	Time: 0.03s
Epoch [63/500]	 Average training and validation loss: 1.5676E-03 1.8454E-03	Time: 0.03s
Epoch [64/500]	 Average training and validation loss: 1.5465E-03 1.8221E-03	Time: 0.03s
Epoch [65/500]	 Average training and validation loss: 1.5261E-03 1.7996E-03	Time: 0.03s
Epoch [66/500]	 Average training and validation loss: 1.5062E-03 1.7778E-03	Time: 0.03s
Epoch [67/500]	 Average training and validation loss: 1.4871E-03 1.7569E-03	Time: 0.03s
Epoch [68/500]	 Average training and validation loss: 1.4684E-03 1.7366E-03	Time: 0.03s
Epoch [69/500]	 Average training and validation loss: 1.4503E-03 1.7170E-03	Time: 0.03s
Epoch [70/500]	 Average training and validation loss: 1.4326E-03 1.6984E-03	Time: 0.03s
Epoch [71/500]	 Average training and validation loss: 1.4155E-03 1.6804E-03	Time: 0.03s
Epoch [72/500]	 Average training and validation loss: 1.3988E-03 1.6630E-03	Time: 0.03s
Epoch [73/500]	 Average training and validation loss: 1.3826E-03 1.6463E-03	Time: 0.03s
Epoch [74/500]	 Average training and validation loss: 1.3668E-03 1.6301E-03	Time: 0.03s
Epoch [75/500]	 Average training and validation loss: 1.3513E-03 1.6145E-03	Time: 0.03s
Epoch [76/500]	 Average training and validation loss: 1.3363E-03 1.5994E-03	Time: 0.03s
Epoch [77/500]	 Average training and validation loss: 1.3215E-03 1.5847E-03	Time: 0.03s
Epoch [78/500]	 Average training and validation loss: 1.3071E-03 1.5706E-03	Time: 0.03s
Epoch [79/500]	 Average training and validation loss: 1.2929E-03 1.5569E-03	Time: 0.03s
Epoch [80/500]	 Average training and validation loss: 1.2791E-03 1.5437E-03	Time: 0.03s
Epoch [81/500]	 Average training and validation loss: 1.2655E-03 1.5309E-03	Time: 0.03s
Epoch [82/500]	 Average training and validation loss: 1.2522E-03 1.5185E-03	Time: 0.03s
Epoch [83/500]	 Average training and validation loss: 1.2393E-03 1.5066E-03	Time: 0.03s
Epoch [84/500]	 Average training and validation loss: 1.2266E-03 1.4952E-03	Time: 0.03s
Epoch [85/500]	 Average training and validation loss: 1.2144E-03 1.4842E-03	Time: 0.03s
Epoch [86/500]	 Average training and validation loss: 1.2025E-03 1.4735E-03	Time: 0.03s
Epoch [87/500]	 Average training and validation loss: 1.1910E-03 1.4632E-03	Time: 0.03s
Epoch [88/500]	 Average training and validation loss: 1.1800E-03 1.4532E-03	Time: 0.03s
Epoch [89/500]	 Average training and validation loss: 1.1692E-03 1.4434E-03	Time: 0.03s
Epoch [90/500]	 Average training and validation loss: 1.1588E-03 1.4339E-03	Time: 0.03s
Epoch [91/500]	 Average training and validation loss: 1.1487E-03 1.4246E-03	Time: 0.03s
Epoch [92/500]	 Average training and validation loss: 1.1389E-03 1.4154E-03	Time: 0.03s
Epoch [93/500]	 Average training and validation loss: 1.1293E-03 1.4065E-03	Time: 0.03s
Epoch [94/500]	 Average training and validation loss: 1.1200E-03 1.3979E-03	Time: 0.03s
Epoch [95/500]	 Average training and validation loss: 1.1109E-03 1.3895E-03	Time: 0.03s
Epoch [96/500]	 Average training and validation loss: 1.1020E-03 1.3814E-03	Time: 0.03s
Epoch [97/500]	 Average training and validation loss: 1.0934E-03 1.3735E-03	Time: 0.03s
Epoch [98/500]	 Average training and validation loss: 1.0850E-03 1.3658E-03	Time: 0.03s
Epoch [99/500]	 Average training and validation loss: 1.0767E-03 1.3583E-03	Time: 0.03s
Epoch [100/500]	 Average training and validation loss: 1.0687E-03 1.3511E-03	Time: 0.03s
Epoch [101/500]	 Average training and validation loss: 1.0608E-03 1.3442E-03	Time: 0.03s
Epoch [102/500]	 Average training and validation loss: 1.0532E-03 1.3374E-03	Time: 0.03s
Epoch [103/500]	 Average training and validation loss: 1.0457E-03 1.3309E-03	Time: 0.03s
Epoch [104/500]	 Average training and validation loss: 1.0384E-03 1.3247E-03	Time: 0.03s
Epoch [105/500]	 Average training and validation loss: 1.0312E-03 1.3186E-03	Time: 0.03s
Epoch [106/500]	 Average training and validation loss: 1.0242E-03 1.3127E-03	Time: 0.03s
Epoch [107/500]	 Average training and validation loss: 1.0173E-03 1.3070E-03	Time: 0.03s
Epoch [108/500]	 Average training and validation loss: 1.0106E-03 1.3015E-03	Time: 0.03s
Epoch [109/500]	 Average training and validation loss: 1.0040E-03 1.2961E-03	Time: 0.03s
Epoch [110/500]	 Average training and validation loss: 9.9759E-04 1.2910E-03	Time: 0.03s
Epoch [111/500]	 Average training and validation loss: 9.9129E-04 1.2860E-03	Time: 0.03s
Epoch [112/500]	 Average training and validation loss: 9.8510E-04 1.2811E-03	Time: 0.03s
Epoch [113/500]	 Average training and validation loss: 9.7904E-04 1.2763E-03	Time: 0.03s
Epoch [114/500]	 Average training and validation loss: 9.7310E-04 1.2716E-03	Time: 0.03s
Epoch [115/500]	 Average training and validation loss: 9.6726E-04 1.2671E-03	Time: 0.03s
Epoch [116/500]	 Average training and validation loss: 9.6151E-04 1.2626E-03	Time: 0.03s
Epoch [117/500]	 Average training and validation loss: 9.5586E-04 1.2583E-03	Time: 0.03s
Epoch [118/500]	 Average training and validation loss: 9.5031E-04 1.2541E-03	Time: 0.03s
Epoch [119/500]	 Average training and validation loss: 9.4485E-04 1.2500E-03	Time: 0.03s
Epoch [120/500]	 Average training and validation loss: 9.3949E-04 1.2460E-03	Time: 0.03s
Epoch [121/500]	 Average training and validation loss: 9.3421E-04 1.2421E-03	Time: 0.03s
Epoch [122/500]	 Average training and validation loss: 9.2903E-04 1.2383E-03	Time: 0.03s
Epoch [123/500]	 Average training and validation loss: 9.2393E-04 1.2346E-03	Time: 0.03s
Epoch [124/500]	 Average training and validation loss: 9.1891E-04 1.2311E-03	Time: 0.03s
Epoch [125/500]	 Average training and validation loss: 9.1398E-04 1.2276E-03	Time: 0.03s
Epoch [126/500]	 Average training and validation loss: 9.0913E-04 1.2242E-03	Time: 0.03s
Epoch [127/500]	 Average training and validation loss: 9.0436E-04 1.2209E-03	Time: 0.03s
Epoch [128/500]	 Average training and validation loss: 8.9968E-04 1.2177E-03	Time: 0.03s
Epoch [129/500]	 Average training and validation loss: 8.9507E-04 1.2146E-03	Time: 0.03s
Epoch [130/500]	 Average training and validation loss: 8.9055E-04 1.2116E-03	Time: 0.03s
Epoch [131/500]	 Average training and validation loss: 8.8610E-04 1.2086E-03	Time: 0.03s
Epoch [132/500]	 Average training and validation loss: 8.8172E-04 1.2058E-03	Time: 0.03s
Epoch [133/500]	 Average training and validation loss: 8.7741E-04 1.2030E-03	Time: 0.03s
Epoch [134/500]	 Average training and validation loss: 8.7317E-04 1.2002E-03	Time: 0.03s
Epoch [135/500]	 Average training and validation loss: 8.6899E-04 1.1976E-03	Time: 0.03s
Epoch [136/500]	 Average training and validation loss: 8.6488E-04 1.1950E-03	Time: 0.03s
Epoch [137/500]	 Average training and validation loss: 8.6083E-04 1.1925E-03	Time: 0.03s
Epoch [138/500]	 Average training and validation loss: 8.5683E-04 1.1901E-03	Time: 0.03s
Epoch [139/500]	 Average training and validation loss: 8.5291E-04 1.1877E-03	Time: 0.03s
Epoch [140/500]	 Average training and validation loss: 8.4904E-04 1.1854E-03	Time: 0.03s
Epoch [141/500]	 Average training and validation loss: 8.4523E-04 1.1831E-03	Time: 0.03s
Epoch [142/500]	 Average training and validation loss: 8.4148E-04 1.1809E-03	Time: 0.03s
Epoch [143/500]	 Average training and validation loss: 8.3779E-04 1.1787E-03	Time: 0.03s
Epoch [144/500]	 Average training and validation loss: 8.3415E-04 1.1766E-03	Time: 0.03s
Epoch [145/500]	 Average training and validation loss: 8.3056E-04 1.1746E-03	Time: 0.03s
Epoch [146/500]	 Average training and validation loss: 8.2701E-04 1.1726E-03	Time: 0.03s
Epoch [147/500]	 Average training and validation loss: 8.2352E-04 1.1707E-03	Time: 0.03s
Epoch [148/500]	 Average training and validation loss: 8.2006E-04 1.1688E-03	Time: 0.03s
Epoch [149/500]	 Average training and validation loss: 8.1666E-04 1.1669E-03	Time: 0.03s
Epoch [150/500]	 Average training and validation loss: 8.1330E-04 1.1651E-03	Time: 0.03s
Epoch [151/500]	 Average training and validation loss: 8.0999E-04 1.1633E-03	Time: 0.03s
Epoch [152/500]	 Average training and validation loss: 8.0672E-04 1.1616E-03	Time: 0.03s
Epoch [153/500]	 Average training and validation loss: 8.0349E-04 1.1600E-03	Time: 0.03s
Epoch [154/500]	 Average training and validation loss: 8.0030E-04 1.1583E-03	Time: 0.03s
Epoch [155/500]	 Average training and validation loss: 7.9714E-04 1.1567E-03	Time: 0.03s
Epoch [156/500]	 Average training and validation loss: 7.9403E-04 1.1552E-03	Time: 0.03s
Epoch [157/500]	 Average training and validation loss: 7.9096E-04 1.1537E-03	Time: 0.03s
Epoch [158/500]	 Average training and validation loss: 7.8794E-04 1.1522E-03	Time: 0.03s
Epoch [159/500]	 Average training and validation loss: 7.8495E-04 1.1508E-03	Time: 0.03s
Epoch [160/500]	 Average training and validation loss: 7.8201E-04 1.1494E-03	Time: 0.03s
Epoch [161/500]	 Average training and validation loss: 7.7911E-04 1.1480E-03	Time: 0.03s
Epoch [162/500]	 Average training and validation loss: 7.7625E-04 1.1466E-03	Time: 0.03s
Epoch [163/500]	 Average training and validation loss: 7.7342E-04 1.1453E-03	Time: 0.03s
Epoch [164/500]	 Average training and validation loss: 7.7059E-04 1.1440E-03	Time: 0.03s
Epoch [165/500]	 Average training and validation loss: 7.6779E-04 1.1428E-03	Time: 0.03s
Epoch [166/500]	 Average training and validation loss: 7.6501E-04 1.1415E-03	Time: 0.03s
Epoch [167/500]	 Average training and validation loss: 7.6227E-04 1.1404E-03	Time: 0.03s
Epoch [168/500]	 Average training and validation loss: 7.5955E-04 1.1392E-03	Time: 0.03s
Epoch [169/500]	 Average training and validation loss: 7.5686E-04 1.1380E-03	Time: 0.03s
Epoch [170/500]	 Average training and validation loss: 7.5419E-04 1.1369E-03	Time: 0.03s
Epoch [171/500]	 Average training and validation loss: 7.5154E-04 1.1359E-03	Time: 0.03s
Epoch [172/500]	 Average training and validation loss: 7.4892E-04 1.1348E-03	Time: 0.03s
Epoch [173/500]	 Average training and validation loss: 7.4633E-04 1.1338E-03	Time: 0.03s
Epoch [174/500]	 Average training and validation loss: 7.4376E-04 1.1328E-03	Time: 0.03s
Epoch [175/500]	 Average training and validation loss: 7.4122E-04 1.1318E-03	Time: 0.03s
Epoch [176/500]	 Average training and validation loss: 7.3871E-04 1.1308E-03	Time: 0.03s
Epoch [177/500]	 Average training and validation loss: 7.3622E-04 1.1299E-03	Time: 0.03s
Epoch [178/500]	 Average training and validation loss: 7.3377E-04 1.1289E-03	Time: 0.03s
Epoch [179/500]	 Average training and validation loss: 7.3133E-04 1.1280E-03	Time: 0.03s
Epoch [180/500]	 Average training and validation loss: 7.2892E-04 1.1270E-03	Time: 0.03s
Epoch [181/500]	 Average training and validation loss: 7.2654E-04 1.1261E-03	Time: 0.03s
Epoch [182/500]	 Average training and validation loss: 7.2418E-04 1.1252E-03	Time: 0.03s
Epoch [183/500]	 Average training and validation loss: 7.2184E-04 1.1244E-03	Time: 0.03s
Epoch [184/500]	 Average training and validation loss: 7.1952E-04 1.1235E-03	Time: 0.03s
Epoch [185/500]	 Average training and validation loss: 7.1723E-04 1.1227E-03	Time: 0.03s
Epoch [186/500]	 Average training and validation loss: 7.1496E-04 1.1218E-03	Time: 0.03s
Epoch [187/500]	 Average training and validation loss: 7.1272E-04 1.1210E-03	Time: 0.03s
Epoch [188/500]	 Average training and validation loss: 7.1050E-04 1.1202E-03	Time: 0.03s
Epoch [189/500]	 Average training and validation loss: 7.0831E-04 1.1195E-03	Time: 0.03s
Epoch [190/500]	 Average training and validation loss: 7.0614E-04 1.1188E-03	Time: 0.03s
Epoch [191/500]	 Average training and validation loss: 7.0399E-04 1.1181E-03	Time: 0.03s
Epoch [192/500]	 Average training and validation loss: 7.0187E-04 1.1174E-03	Time: 0.03s
Epoch [193/500]	 Average training and validation loss: 6.9977E-04 1.1167E-03	Time: 0.03s
Epoch [194/500]	 Average training and validation loss: 6.9768E-04 1.1160E-03	Time: 0.03s
Epoch [195/500]	 Average training and validation loss: 6.9561E-04 1.1154E-03	Time: 0.03s
Epoch [196/500]	 Average training and validation loss: 6.9357E-04 1.1148E-03	Time: 0.03s
Epoch [197/500]	 Average training and validation loss: 6.9154E-04 1.1142E-03	Time: 0.03s
Epoch [198/500]	 Average training and validation loss: 6.8953E-04 1.1136E-03	Time: 0.03s
Epoch [199/500]	 Average training and validation loss: 6.8753E-04 1.1130E-03	Time: 0.03s
Epoch [200/500]	 Average training and validation loss: 6.8556E-04 1.1124E-03	Time: 0.03s
Epoch [201/500]	 Average training and validation loss: 6.8360E-04 1.1119E-03	Time: 0.03s
Epoch [202/500]	 Average training and validation loss: 6.8166E-04 1.1114E-03	Time: 0.03s
Epoch [203/500]	 Average training and validation loss: 6.7973E-04 1.1109E-03	Time: 0.03s
Epoch [204/500]	 Average training and validation loss: 6.7782E-04 1.1104E-03	Time: 0.03s
Epoch [205/500]	 Average training and validation loss: 6.7593E-04 1.1099E-03	Time: 0.03s
Epoch [206/500]	 Average training and validation loss: 6.7406E-04 1.1095E-03	Time: 0.03s
Epoch [207/500]	 Average training and validation loss: 6.7220E-04 1.1091E-03	Time: 0.03s
Epoch [208/500]	 Average training and validation loss: 6.7036E-04 1.1087E-03	Time: 0.03s
Epoch [209/500]	 Average training and validation loss: 6.6853E-04 1.1083E-03	Time: 0.03s
Epoch [210/500]	 Average training and validation loss: 6.6672E-04 1.1079E-03	Time: 0.03s
Epoch [211/500]	 Average training and validation loss: 6.6492E-04 1.1075E-03	Time: 0.03s
Epoch [212/500]	 Average training and validation loss: 6.6313E-04 1.1071E-03	Time: 0.03s
Epoch [213/500]	 Average training and validation loss: 6.6136E-04 1.1067E-03	Time: 0.03s
Epoch [214/500]	 Average training and validation loss: 6.5959E-04 1.1063E-03	Time: 0.03s
Epoch [215/500]	 Average training and validation loss: 6.5785E-04 1.1060E-03	Time: 0.03s
Epoch [216/500]	 Average training and validation loss: 6.5611E-04 1.1056E-03	Time: 0.03s
Epoch [217/500]	 Average training and validation loss: 6.5438E-04 1.1053E-03	Time: 0.03s
Epoch [218/500]	 Average training and validation loss: 6.5267E-04 1.1050E-03	Time: 0.03s
Epoch [219/500]	 Average training and validation loss: 6.5097E-04 1.1047E-03	Time: 0.03s
Epoch [220/500]	 Average training and validation loss: 6.4928E-04 1.1044E-03	Time: 0.03s
Epoch [221/500]	 Average training and validation loss: 6.4760E-04 1.1042E-03	Time: 0.03s
Epoch [222/500]	 Average training and validation loss: 6.4593E-04 1.1039E-03	Time: 0.03s
Epoch [223/500]	 Average training and validation loss: 6.4428E-04 1.1037E-03	Time: 0.03s
Epoch [224/500]	 Average training and validation loss: 6.4264E-04 1.1034E-03	Time: 0.03s
Epoch [225/500]	 Average training and validation loss: 6.4101E-04 1.1032E-03	Time: 0.03s
Epoch [226/500]	 Average training and validation loss: 6.3942E-04 1.1030E-03	Time: 0.03s
Epoch [227/500]	 Average training and validation loss: 6.3783E-04 1.1029E-03	Time: 0.03s
Epoch [228/500]	 Average training and validation loss: 6.3626E-04 1.1027E-03	Time: 0.03s
Epoch [229/500]	 Average training and validation loss: 6.3470E-04 1.1025E-03	Time: 0.03s
Epoch [230/500]	 Average training and validation loss: 6.3315E-04 1.1023E-03	Time: 0.03s
Epoch [231/500]	 Average training and validation loss: 6.3161E-04 1.1022E-03	Time: 0.03s
Epoch [232/500]	 Average training and validation loss: 6.3008E-04 1.1020E-03	Time: 0.03s
Epoch [233/500]	 Average training and validation loss: 6.2856E-04 1.1019E-03	Time: 0.03s
Epoch [234/500]	 Average training and validation loss: 6.2705E-04 1.1017E-03	Time: 0.03s
Epoch [235/500]	 Average training and validation loss: 6.2555E-04 1.1015E-03	Time: 0.03s
Epoch [236/500]	 Average training and validation loss: 6.2405E-04 1.1014E-03	Time: 0.03s
Epoch [237/500]	 Average training and validation loss: 6.2256E-04 1.1013E-03	Time: 0.03s
Epoch [238/500]	 Average training and validation loss: 6.2108E-04 1.1012E-03	Time: 0.03s
Epoch [239/500]	 Average training and validation loss: 6.1961E-04 1.1012E-03	Time: 0.03s
Epoch [240/500]	 Average training and validation loss: 6.1814E-04 1.1011E-03	Time: 0.03s
Epoch [241/500]	 Average training and validation loss: 6.1668E-04 1.1010E-03	Time: 0.03s
Epoch [242/500]	 Average training and validation loss: 6.1523E-04 1.1009E-03	Time: 0.03s
Epoch [243/500]	 Average training and validation loss: 6.1378E-04 1.1008E-03	Time: 0.03s
Epoch [244/500]	 Average training and validation loss: 6.1234E-04 1.1007E-03	Time: 0.03s
Epoch [245/500]	 Average training and validation loss: 6.1091E-04 1.1007E-03	Time: 0.03s
Epoch [246/500]	 Average training and validation loss: 6.0948E-04 1.1007E-03	Time: 0.03s
Epoch [247/500]	 Average training and validation loss: 6.0807E-04 1.1006E-03	Time: 0.03s
Epoch [248/500]	 Average training and validation loss: 6.0666E-04 1.1006E-03	Time: 0.03s
Epoch [249/500]	 Average training and validation loss: 6.0527E-04 1.1005E-03	Time: 0.03s
Epoch [250/500]	 Average training and validation loss: 6.0388E-04 1.1005E-03	Time: 0.03s
Epoch [251/500]	 Average training and validation loss: 6.0249E-04 1.1004E-03	Time: 0.03s
Epoch [252/500]	 Average training and validation loss: 6.0112E-04 1.1004E-03	Time: 0.03s
Epoch [253/500]	 Average training and validation loss: 5.9975E-04 1.1003E-03	Time: 0.03s
Epoch [254/500]	 Average training and validation loss: 5.9839E-04 1.1003E-03	Time: 0.03s
Epoch [255/500]	 Average training and validation loss: 5.9704E-04 1.1003E-03	Time: 0.03s
Epoch [256/500]	 Average training and validation loss: 5.9569E-04 1.1003E-03	Time: 0.03s
Epoch [257/500]	 Average training and validation loss: 5.9435E-04 1.1003E-03	Time: 0.03s
Epoch [258/500]	 Average training and validation loss: 5.9302E-04 1.1003E-03	Time: 0.03s
Epoch [259/500]	 Average training and validation loss: 5.9170E-04 1.1003E-03	Time: 0.02s
Epoch [260/500]	 Average training and validation loss: 5.9038E-04 1.1003E-03	Time: 0.02s
Epoch [261/500]	 Average training and validation loss: 5.8907E-04 1.1003E-03	Time: 0.03s
Epoch [262/500]	 Average training and validation loss: 5.8776E-04 1.1003E-03	Time: 0.03s
Epoch [263/500]	 Average training and validation loss: 5.8646E-04 1.1003E-03	Time: 0.03s
Epoch [264/500]	 Average training and validation loss: 5.8517E-04 1.1003E-03	Time: 0.03s
Epoch [265/500]	 Average training and validation loss: 5.8388E-04 1.1003E-03	Time: 0.03s
Epoch [266/500]	 Average training and validation loss: 5.8259E-04 1.1003E-03	Time: 0.03s
Epoch [267/500]	 Average training and validation loss: 5.8131E-04 1.1003E-03	Time: 0.03s
Epoch [268/500]	 Average training and validation loss: 5.8004E-04 1.1003E-03	Time: 0.03s
Epoch [269/500]	 Average training and validation loss: 5.7878E-04 1.1004E-03	Time: 0.03s
Epoch [270/500]	 Average training and validation loss: 5.7753E-04 1.1005E-03	Time: 0.03s
Epoch [271/500]	 Average training and validation loss: 5.7629E-04 1.1005E-03	Time: 0.02s
Epoch [272/500]	 Average training and validation loss: 5.7505E-04 1.1005E-03	Time: 0.03s
Epoch [273/500]	 Average training and validation loss: 5.7382E-04 1.1006E-03	Time: 0.03s
Epoch [274/500]	 Average training and validation loss: 5.7260E-04 1.1006E-03	Time: 0.03s
Epoch [275/500]	 Average training and validation loss: 5.7139E-04 1.1006E-03	Time: 0.03s
Epoch [276/500]	 Average training and validation loss: 5.7018E-04 1.1005E-03	Time: 0.03s
Epoch [277/500]	 Average training and validation loss: 5.6898E-04 1.1006E-03	Time: 0.03s
Epoch [278/500]	 Average training and validation loss: 5.6779E-04 1.1006E-03	Time: 0.03s
Epoch [279/500]	 Average training and validation loss: 5.6660E-04 1.1007E-03	Time: 0.03s
Epoch [280/500]	 Average training and validation loss: 5.6541E-04 1.1007E-03	Time: 0.03s
Epoch [281/500]	 Average training and validation loss: 5.6423E-04 1.1007E-03	Time: 0.03s
Epoch [282/500]	 Average training and validation loss: 5.6305E-04 1.1008E-03	Time: 0.03s
Epoch [283/500]	 Average training and validation loss: 5.6189E-04 1.1008E-03	Time: 0.03s
Epoch [284/500]	 Average training and validation loss: 5.6072E-04 1.1009E-03	Time: 0.03s
Epoch [285/500]	 Average training and validation loss: 5.5955E-04 1.1010E-03	Time: 0.03s
Epoch [286/500]	 Average training and validation loss: 5.5840E-04 1.1011E-03	Time: 0.03s
Epoch [287/500]	 Average training and validation loss: 5.5725E-04 1.1012E-03	Time: 0.03s
Epoch [288/500]	 Average training and validation loss: 5.5610E-04 1.1013E-03	Time: 0.03s
Epoch [289/500]	 Average training and validation loss: 5.5496E-04 1.1014E-03	Time: 0.03s
Epoch [290/500]	 Average training and validation loss: 5.5382E-04 1.1015E-03	Time: 0.03s
Epoch [291/500]	 Average training and validation loss: 5.5269E-04 1.1016E-03	Time: 0.03s
Epoch [292/500]	 Average training and validation loss: 5.5158E-04 1.1017E-03	Time: 0.03s
Epoch [293/500]	 Average training and validation loss: 5.5046E-04 1.1018E-03	Time: 0.03s
Epoch [294/500]	 Average training and validation loss: 5.4935E-04 1.1020E-03	Time: 0.03s
Epoch [295/500]	 Average training and validation loss: 5.4824E-04 1.1021E-03	Time: 0.03s
Epoch [296/500]	 Average training and validation loss: 5.4713E-04 1.1022E-03	Time: 0.03s
Epoch [297/500]	 Average training and validation loss: 5.4602E-04 1.1023E-03	Time: 0.03s
Epoch [298/500]	 Average training and validation loss: 5.4492E-04 1.1024E-03	Time: 0.03s
Epoch [299/500]	 Average training and validation loss: 5.4382E-04 1.1026E-03	Time: 0.02s
Epoch [300/500]	 Average training and validation loss: 5.4273E-04 1.1027E-03	Time: 0.03s
Epoch [301/500]	 Average training and validation loss: 5.4164E-04 1.1028E-03	Time: 0.03s
Epoch [302/500]	 Average training and validation loss: 5.4056E-04 1.1029E-03	Time: 0.03s
Epoch [303/500]	 Average training and validation loss: 5.3948E-04 1.1030E-03	Time: 0.03s
Epoch [304/500]	 Average training and validation loss: 5.3840E-04 1.1032E-03	Time: 0.03s
Epoch [305/500]	 Average training and validation loss: 5.3733E-04 1.1033E-03	Time: 0.03s
Epoch [306/500]	 Average training and validation loss: 5.3627E-04 1.1035E-03	Time: 0.03s
Epoch [307/500]	 Average training and validation loss: 5.3521E-04 1.1036E-03	Time: 0.03s
Epoch [308/500]	 Average training and validation loss: 5.3415E-04 1.1037E-03	Time: 0.03s
Epoch [309/500]	 Average training and validation loss: 5.3310E-04 1.1039E-03	Time: 0.03s
Epoch [310/500]	 Average training and validation loss: 5.3205E-04 1.1041E-03	Time: 0.03s
Epoch [311/500]	 Average training and validation loss: 5.3100E-04 1.1043E-03	Time: 0.03s
Epoch [312/500]	 Average training and validation loss: 5.2996E-04 1.1044E-03	Time: 0.03s
Epoch [313/500]	 Average training and validation loss: 5.2893E-04 1.1045E-03	Time: 0.03s
Epoch [314/500]	 Average training and validation loss: 5.2790E-04 1.1046E-03	Time: 0.03s
Epoch [315/500]	 Average training and validation loss: 5.2688E-04 1.1048E-03	Time: 0.03s
Epoch [316/500]	 Average training and validation loss: 5.2585E-04 1.1050E-03	Time: 0.02s
Epoch [317/500]	 Average training and validation loss: 5.2483E-04 1.1052E-03	Time: 0.03s
Epoch [318/500]	 Average training and validation loss: 5.2381E-04 1.1054E-03	Time: 0.03s
Epoch [319/500]	 Average training and validation loss: 5.2280E-04 1.1055E-03	Time: 0.03s
Epoch [320/500]	 Average training and validation loss: 5.2179E-04 1.1057E-03	Time: 0.03s
Epoch [321/500]	 Average training and validation loss: 5.2078E-04 1.1059E-03	Time: 0.03s
Epoch [322/500]	 Average training and validation loss: 5.1978E-04 1.1061E-03	Time: 0.03s
Epoch [323/500]	 Average training and validation loss: 5.1877E-04 1.1063E-03	Time: 0.03s
Epoch [324/500]	 Average training and validation loss: 5.1777E-04 1.1066E-03	Time: 0.03s
Epoch [325/500]	 Average training and validation loss: 5.1677E-04 1.1068E-03	Time: 0.03s
Epoch [326/500]	 Average training and validation loss: 5.1577E-04 1.1070E-03	Time: 0.03s
Epoch [327/500]	 Average training and validation loss: 5.1478E-04 1.1072E-03	Time: 0.03s
Epoch [328/500]	 Average training and validation loss: 5.1380E-04 1.1074E-03	Time: 0.03s
Epoch [329/500]	 Average training and validation loss: 5.1282E-04 1.1076E-03	Time: 0.03s
Epoch [330/500]	 Average training and validation loss: 5.1184E-04 1.1078E-03	Time: 0.02s
Epoch [331/500]	 Average training and validation loss: 5.1086E-04 1.1080E-03	Time: 0.03s
Epoch [332/500]	 Average training and validation loss: 5.0989E-04 1.1082E-03	Time: 0.02s
Epoch [333/500]	 Average training and validation loss: 5.0893E-04 1.1084E-03	Time: 0.03s
Epoch [334/500]	 Average training and validation loss: 5.0796E-04 1.1086E-03	Time: 0.03s
Epoch [335/500]	 Average training and validation loss: 5.0700E-04 1.1087E-03	Time: 0.03s
Epoch [336/500]	 Average training and validation loss: 5.0604E-04 1.1088E-03	Time: 0.03s
Epoch [337/500]	 Average training and validation loss: 5.0509E-04 1.1088E-03	Time: 0.02s
Epoch [338/500]	 Average training and validation loss: 5.0414E-04 1.1090E-03	Time: 0.03s
Epoch [339/500]	 Average training and validation loss: 5.0320E-04 1.1091E-03	Time: 0.03s
Epoch [340/500]	 Average training and validation loss: 5.0226E-04 1.1092E-03	Time: 0.02s
Epoch [341/500]	 Average training and validation loss: 5.0132E-04 1.1093E-03	Time: 0.03s
Epoch [342/500]	 Average training and validation loss: 5.0039E-04 1.1095E-03	Time: 0.03s
Epoch [343/500]	 Average training and validation loss: 4.9945E-04 1.1096E-03	Time: 0.03s
Epoch [344/500]	 Average training and validation loss: 4.9853E-04 1.1096E-03	Time: 0.03s
Epoch [345/500]	 Average training and validation loss: 4.9761E-04 1.1097E-03	Time: 0.03s
Epoch [346/500]	 Average training and validation loss: 4.9669E-04 1.1099E-03	Time: 0.03s
Epoch [347/500]	 Average training and validation loss: 4.9578E-04 1.1101E-03	Time: 0.02s
Epoch [348/500]	 Average training and validation loss: 4.9487E-04 1.1103E-03	Time: 0.03s
Epoch [349/500]	 Average training and validation loss: 4.9396E-04 1.1104E-03	Time: 0.03s
Epoch [350/500]	 Average training and validation loss: 4.9305E-04 1.1105E-03	Time: 0.03s
Epoch [351/500]	 Average training and validation loss: 4.9214E-04 1.1106E-03	Time: 0.02s
Epoch [352/500]	 Average training and validation loss: 4.9124E-04 1.1107E-03	Time: 0.03s
Epoch [353/500]	 Average training and validation loss: 4.9034E-04 1.1108E-03	Time: 0.03s
Epoch [354/500]	 Average training and validation loss: 4.8944E-04 1.1110E-03	Time: 0.03s
Epoch [355/500]	 Average training and validation loss: 4.8855E-04 1.1111E-03	Time: 0.03s
Epoch [356/500]	 Average training and validation loss: 4.8766E-04 1.1112E-03	Time: 0.03s
Epoch [357/500]	 Average training and validation loss: 4.8677E-04 1.1113E-03	Time: 0.03s
Epoch [358/500]	 Average training and validation loss: 4.8588E-04 1.1114E-03	Time: 0.02s
Epoch [359/500]	 Average training and validation loss: 4.8500E-04 1.1114E-03	Time: 0.03s
Epoch [360/500]	 Average training and validation loss: 4.8413E-04 1.1115E-03	Time: 0.03s
Epoch [361/500]	 Average training and validation loss: 4.8326E-04 1.1116E-03	Time: 0.03s
Epoch [362/500]	 Average training and validation loss: 4.8240E-04 1.1118E-03	Time: 0.03s
Epoch [363/500]	 Average training and validation loss: 4.8153E-04 1.1119E-03	Time: 0.03s
Epoch [364/500]	 Average training and validation loss: 4.8067E-04 1.1121E-03	Time: 0.03s
Epoch [365/500]	 Average training and validation loss: 4.7981E-04 1.1122E-03	Time: 0.03s
Epoch [366/500]	 Average training and validation loss: 4.7895E-04 1.1123E-03	Time: 0.03s
Epoch [367/500]	 Average training and validation loss: 4.7810E-04 1.1124E-03	Time: 0.03s
Epoch [368/500]	 Average training and validation loss: 4.7725E-04 1.1126E-03	Time: 0.02s
Epoch [369/500]	 Average training and validation loss: 4.7641E-04 1.1128E-03	Time: 0.03s
Epoch [370/500]	 Average training and validation loss: 4.7556E-04 1.1130E-03	Time: 0.03s
Epoch [371/500]	 Average training and validation loss: 4.7472E-04 1.1131E-03	Time: 0.02s
Epoch [372/500]	 Average training and validation loss: 4.7389E-04 1.1133E-03	Time: 0.02s
Epoch [373/500]	 Average training and validation loss: 4.7305E-04 1.1134E-03	Time: 0.02s
Epoch [374/500]	 Average training and validation loss: 4.7223E-04 1.1135E-03	Time: 0.03s
Epoch [375/500]	 Average training and validation loss: 4.7140E-04 1.1136E-03	Time: 0.03s
Epoch [376/500]	 Average training and validation loss: 4.7059E-04 1.1138E-03	Time: 0.03s
Epoch [377/500]	 Average training and validation loss: 4.6977E-04 1.1140E-03	Time: 0.03s
Epoch [378/500]	 Average training and validation loss: 4.6895E-04 1.1141E-03	Time: 0.02s
Epoch [379/500]	 Average training and validation loss: 4.6815E-04 1.1143E-03	Time: 0.03s
Epoch [380/500]	 Average training and validation loss: 4.6734E-04 1.1145E-03	Time: 0.03s
Epoch [381/500]	 Average training and validation loss: 4.6653E-04 1.1147E-03	Time: 0.03s
Epoch [382/500]	 Average training and validation loss: 4.6572E-04 1.1149E-03	Time: 0.03s
Epoch [383/500]	 Average training and validation loss: 4.6492E-04 1.1150E-03	Time: 0.03s
Epoch [384/500]	 Average training and validation loss: 4.6412E-04 1.1152E-03	Time: 0.03s
Epoch [385/500]	 Average training and validation loss: 4.6332E-04 1.1154E-03	Time: 0.03s
Epoch [386/500]	 Average training and validation loss: 4.6253E-04 1.1156E-03	Time: 0.02s
Epoch [387/500]	 Average training and validation loss: 4.6174E-04 1.1157E-03	Time: 0.02s
Epoch [388/500]	 Average training and validation loss: 4.6095E-04 1.1159E-03	Time: 0.02s
Epoch [389/500]	 Average training and validation loss: 4.6017E-04 1.1161E-03	Time: 0.03s
Epoch [390/500]	 Average training and validation loss: 4.5939E-04 1.1163E-03	Time: 0.03s
Epoch [391/500]	 Average training and validation loss: 4.5861E-04 1.1165E-03	Time: 0.03s
Epoch [392/500]	 Average training and validation loss: 4.5783E-04 1.1167E-03	Time: 0.03s
Epoch [393/500]	 Average training and validation loss: 4.5706E-04 1.1169E-03	Time: 0.03s
Epoch [394/500]	 Average training and validation loss: 4.5630E-04 1.1171E-03	Time: 0.03s
Epoch [395/500]	 Average training and validation loss: 4.5553E-04 1.1172E-03	Time: 0.03s
Epoch [396/500]	 Average training and validation loss: 4.5476E-04 1.1174E-03	Time: 0.03s
Epoch [397/500]	 Average training and validation loss: 4.5400E-04 1.1176E-03	Time: 0.03s
Epoch [398/500]	 Average training and validation loss: 4.5324E-04 1.1177E-03	Time: 0.03s
Epoch [399/500]	 Average training and validation loss: 4.5249E-04 1.1179E-03	Time: 0.03s
Epoch [400/500]	 Average training and validation loss: 4.5173E-04 1.1180E-03	Time: 0.03s
Epoch [401/500]	 Average training and validation loss: 4.5098E-04 1.1182E-03	Time: 0.03s
Epoch [402/500]	 Average training and validation loss: 4.5022E-04 1.1183E-03	Time: 0.03s
Epoch [403/500]	 Average training and validation loss: 4.4948E-04 1.1185E-03	Time: 0.03s
Epoch [404/500]	 Average training and validation loss: 4.4873E-04 1.1187E-03	Time: 0.03s
Epoch [405/500]	 Average training and validation loss: 4.4799E-04 1.1189E-03	Time: 0.02s
Epoch [406/500]	 Average training and validation loss: 4.4724E-04 1.1191E-03	Time: 0.03s
Epoch [407/500]	 Average training and validation loss: 4.4650E-04 1.1194E-03	Time: 0.03s
Epoch [408/500]	 Average training and validation loss: 4.4577E-04 1.1196E-03	Time: 0.03s
Epoch [409/500]	 Average training and validation loss: 4.4503E-04 1.1198E-03	Time: 0.03s
Epoch [410/500]	 Average training and validation loss: 4.4430E-04 1.1199E-03	Time: 0.03s
Epoch [411/500]	 Average training and validation loss: 4.4357E-04 1.1201E-03	Time: 0.03s
Epoch [412/500]	 Average training and validation loss: 4.4284E-04 1.1202E-03	Time: 0.03s
Epoch [413/500]	 Average training and validation loss: 4.4212E-04 1.1204E-03	Time: 0.03s
Epoch [414/500]	 Average training and validation loss: 4.4140E-04 1.1207E-03	Time: 0.03s
Epoch [415/500]	 Average training and validation loss: 4.4067E-04 1.1209E-03	Time: 0.03s
Epoch [416/500]	 Average training and validation loss: 4.3995E-04 1.1211E-03	Time: 0.03s
Epoch [417/500]	 Average training and validation loss: 4.3923E-04 1.1213E-03	Time: 0.02s
Epoch [418/500]	 Average training and validation loss: 4.3852E-04 1.1215E-03	Time: 0.03s
Epoch [419/500]	 Average training and validation loss: 4.3781E-04 1.1217E-03	Time: 0.03s
Epoch [420/500]	 Average training and validation loss: 4.3710E-04 1.1219E-03	Time: 0.03s
Epoch [421/500]	 Average training and validation loss: 4.3639E-04 1.1221E-03	Time: 0.03s
Epoch [422/500]	 Average training and validation loss: 4.3568E-04 1.1223E-03	Time: 0.03s
Epoch [423/500]	 Average training and validation loss: 4.3497E-04 1.1225E-03	Time: 0.03s
Epoch [424/500]	 Average training and validation loss: 4.3427E-04 1.1227E-03	Time: 0.03s
Epoch [425/500]	 Average training and validation loss: 4.3357E-04 1.1228E-03	Time: 0.03s
Epoch [426/500]	 Average training and validation loss: 4.3287E-04 1.1230E-03	Time: 0.03s
Epoch [427/500]	 Average training and validation loss: 4.3217E-04 1.1232E-03	Time: 0.03s
Epoch [428/500]	 Average training and validation loss: 4.3148E-04 1.1234E-03	Time: 0.02s
Epoch [429/500]	 Average training and validation loss: 4.3078E-04 1.1235E-03	Time: 0.03s
Epoch [430/500]	 Average training and validation loss: 4.3009E-04 1.1237E-03	Time: 0.03s
Epoch [431/500]	 Average training and validation loss: 4.2940E-04 1.1239E-03	Time: 0.03s
Epoch [432/500]	 Average training and validation loss: 4.2871E-04 1.1242E-03	Time: 0.03s
Epoch [433/500]	 Average training and validation loss: 4.2802E-04 1.1244E-03	Time: 0.03s
Epoch [434/500]	 Average training and validation loss: 4.2734E-04 1.1246E-03	Time: 0.03s
Epoch [435/500]	 Average training and validation loss: 4.2666E-04 1.1249E-03	Time: 0.03s
Epoch [436/500]	 Average training and validation loss: 4.2598E-04 1.1251E-03	Time: 0.03s
Epoch [437/500]	 Average training and validation loss: 4.2531E-04 1.1254E-03	Time: 0.03s
Epoch [438/500]	 Average training and validation loss: 4.2463E-04 1.1256E-03	Time: 0.02s
Epoch [439/500]	 Average training and validation loss: 4.2396E-04 1.1259E-03	Time: 0.03s
Epoch [440/500]	 Average training and validation loss: 4.2329E-04 1.1262E-03	Time: 0.03s
Epoch [441/500]	 Average training and validation loss: 4.2263E-04 1.1264E-03	Time: 0.03s
Epoch [442/500]	 Average training and validation loss: 4.2197E-04 1.1267E-03	Time: 0.02s
Epoch [443/500]	 Average training and validation loss: 4.2130E-04 1.1269E-03	Time: 0.03s
Epoch [444/500]	 Average training and validation loss: 4.2065E-04 1.1272E-03	Time: 0.03s
Epoch [445/500]	 Average training and validation loss: 4.1999E-04 1.1274E-03	Time: 0.03s
Epoch [446/500]	 Average training and validation loss: 4.1934E-04 1.1276E-03	Time: 0.03s
Epoch [447/500]	 Average training and validation loss: 4.1868E-04 1.1278E-03	Time: 0.03s
Epoch [448/500]	 Average training and validation loss: 4.1803E-04 1.1280E-03	Time: 0.03s
Epoch [449/500]	 Average training and validation loss: 4.1738E-04 1.1283E-03	Time: 0.03s
Epoch [450/500]	 Average training and validation loss: 4.1674E-04 1.1286E-03	Time: 0.03s
Epoch [451/500]	 Average training and validation loss: 4.1609E-04 1.1288E-03	Time: 0.03s
Epoch [452/500]	 Average training and validation loss: 4.1544E-04 1.1290E-03	Time: 0.03s
Epoch [453/500]	 Average training and validation loss: 4.1480E-04 1.1292E-03	Time: 0.03s
Epoch [454/500]	 Average training and validation loss: 4.1416E-04 1.1295E-03	Time: 0.03s
Epoch [455/500]	 Average training and validation loss: 4.1352E-04 1.1297E-03	Time: 0.03s
Epoch [456/500]	 Average training and validation loss: 4.1288E-04 1.1299E-03	Time: 0.03s
Epoch [457/500]	 Average training and validation loss: 4.1224E-04 1.1301E-03	Time: 0.02s
Epoch [458/500]	 Average training and validation loss: 4.1160E-04 1.1303E-03	Time: 0.03s
Epoch [459/500]	 Average training and validation loss: 4.1096E-04 1.1306E-03	Time: 0.03s
Epoch [460/500]	 Average training and validation loss: 4.1032E-04 1.1308E-03	Time: 0.03s
Epoch [461/500]	 Average training and validation loss: 4.0969E-04 1.1310E-03	Time: 0.03s
Epoch [462/500]	 Average training and validation loss: 4.0905E-04 1.1312E-03	Time: 0.03s
Epoch [463/500]	 Average training and validation loss: 4.0842E-04 1.1314E-03	Time: 0.03s
Epoch [464/500]	 Average training and validation loss: 4.0780E-04 1.1316E-03	Time: 0.03s
Epoch [465/500]	 Average training and validation loss: 4.0717E-04 1.1319E-03	Time: 0.03s
Epoch [466/500]	 Average training and validation loss: 4.0654E-04 1.1321E-03	Time: 0.03s
Epoch [467/500]	 Average training and validation loss: 4.0591E-04 1.1323E-03	Time: 0.02s
Epoch [468/500]	 Average training and validation loss: 4.0529E-04 1.1325E-03	Time: 0.03s
Epoch [469/500]	 Average training and validation loss: 4.0467E-04 1.1327E-03	Time: 0.03s
Epoch [470/500]	 Average training and validation loss: 4.0405E-04 1.1329E-03	Time: 0.03s
Epoch [471/500]	 Average training and validation loss: 4.0343E-04 1.1332E-03	Time: 0.03s
Epoch [472/500]	 Average training and validation loss: 4.0282E-04 1.1334E-03	Time: 0.03s
Epoch [473/500]	 Average training and validation loss: 4.0220E-04 1.1336E-03	Time: 0.02s
Epoch [474/500]	 Average training and validation loss: 4.0159E-04 1.1338E-03	Time: 0.03s
Epoch [475/500]	 Average training and validation loss: 4.0098E-04 1.1340E-03	Time: 0.03s
Epoch [476/500]	 Average training and validation loss: 4.0036E-04 1.1342E-03	Time: 0.03s
Epoch [477/500]	 Average training and validation loss: 3.9976E-04 1.1344E-03	Time: 0.03s
Epoch [478/500]	 Average training and validation loss: 3.9915E-04 1.1346E-03	Time: 0.03s
Epoch [479/500]	 Average training and validation loss: 3.9855E-04 1.1349E-03	Time: 0.03s
Epoch [480/500]	 Average training and validation loss: 3.9795E-04 1.1352E-03	Time: 0.03s
Epoch [481/500]	 Average training and validation loss: 3.9734E-04 1.1354E-03	Time: 0.03s
Epoch [482/500]	 Average training and validation loss: 3.9675E-04 1.1356E-03	Time: 0.03s
Epoch [483/500]	 Average training and validation loss: 3.9616E-04 1.1359E-03	Time: 0.03s
Epoch [484/500]	 Average training and validation loss: 3.9556E-04 1.1361E-03	Time: 0.03s
Epoch [485/500]	 Average training and validation loss: 3.9497E-04 1.1364E-03	Time: 0.03s
Epoch [486/500]	 Average training and validation loss: 3.9439E-04 1.1367E-03	Time: 0.03s
Epoch [487/500]	 Average training and validation loss: 3.9380E-04 1.1369E-03	Time: 0.03s
Epoch [488/500]	 Average training and validation loss: 3.9322E-04 1.1372E-03	Time: 0.03s
Epoch [489/500]	 Average training and validation loss: 3.9264E-04 1.1375E-03	Time: 0.03s
Epoch [490/500]	 Average training and validation loss: 3.9206E-04 1.1378E-03	Time: 0.03s
Epoch [491/500]	 Average training and validation loss: 3.9148E-04 1.1380E-03	Time: 0.03s
Epoch [492/500]	 Average training and validation loss: 3.9090E-04 1.1382E-03	Time: 0.02s
Epoch [493/500]	 Average training and validation loss: 3.9032E-04 1.1384E-03	Time: 0.03s
Epoch [494/500]	 Average training and validation loss: 3.8975E-04 1.1387E-03	Time: 0.03s
Epoch [495/500]	 Average training and validation loss: 3.8918E-04 1.1390E-03	Time: 0.03s
Epoch [496/500]	 Average training and validation loss: 3.8861E-04 1.1392E-03	Time: 0.03s
Epoch [497/500]	 Average training and validation loss: 3.8803E-04 1.1395E-03	Time: 0.03s
Epoch [498/500]	 Average training and validation loss: 3.8747E-04 1.1397E-03	Time: 0.03s
Epoch [499/500]	 Average training and validation loss: 3.8690E-04 1.1400E-03	Time: 0.03s
Epoch [500/500]	 Average training and validation loss: 3.8634E-04 1.1402E-03	Time: 0.03s
Training Time 16.7929
Test Loss 0.0010

Training best epoch: 500	Training minimum loss: 3.863E-04
Validate best epoch: 257	Validate minimum loss: 1.100E-03
