The path of the results is all_sites\CNN_HPO
Basic_3inp model is applied
Learning rate is 0.001400
=================================================================
Layer (type:depth-idx)                   Param #
=================================================================
CNN_allsites                             --
©À©¤Sequential: 1-1                        --
©¦    ©¸©¤Conv1d: 2-1                       688
©¦    ©¸©¤ReLU: 2-2                         --
©¦    ©¸©¤Conv1d: 2-3                       3,616
©¦    ©¸©¤ReLU: 2-4                         --
©¦    ©¸©¤Conv1d: 2-5                       14,400
©¦    ©¸©¤ReLU: 2-6                         --
©¦    ©¸©¤Flatten: 2-7                      --
©¦    ©¸©¤Linear: 2-8                       1,442,816
©¦    ©¸©¤ReLU: 2-9                         --
©¦    ©¸©¤Linear: 2-10                      524,800
©¦    ©¸©¤ReLU: 2-11                        --
©¦    ©¸©¤Linear: 2-12                      455,031
©¦    ©¸©¤ReLU: 2-13                        --
©À©¤Sequential: 1-2                        --
©¦    ©¸©¤Conv1d: 2-14                      664
©¦    ©¸©¤ReLU: 2-15                        --
©¦    ©¸©¤Conv1d: 2-16                      5,264
©¦    ©¸©¤ReLU: 2-17                        --
©¦    ©¸©¤Conv1d: 2-18                      10,512
©¦    ©¸©¤ReLU: 2-19                        --
©¦    ©¸©¤Flatten: 2-20                     --
©¦    ©¸©¤Linear: 2-21                      1,639,424
©¦    ©¸©¤ReLU: 2-22                        --
©¦    ©¸©¤Linear: 2-23                      524,800
©¦    ©¸©¤ReLU: 2-24                        --
©¦    ©¸©¤Linear: 2-25                      455,031
©¦    ©¸©¤ReLU: 2-26                        --
©À©¤ModuleList: 1-3                        --
©¦    ©¸©¤Sequential: 2-27                  --
©¦    ©¦    ©¸©¤Linear: 3-1                  787,656
©¦    ©¦    ©¸©¤ReLU: 3-2                    --
©¦    ©¦    ©¸©¤Linear: 3-3                  787,656
©¦    ©¦    ©¸©¤ReLU: 3-4                    --
©¦    ©¦    ©¸©¤Linear: 3-5                  787,656
©¦    ©¦    ©¸©¤ReLU: 3-6                    --
©À©¤ModuleList: 1-4                        --
©¦    ©¸©¤Sequential: 2-28                  --
©¦    ©¦    ©¸©¤Linear: 3-7                  787,656
©¦    ©¦    ©¸©¤Sigmoid: 3-8                 --
©¦    ©¦    ©¸©¤Linear: 3-9                  787,656
©¦    ©¦    ©¸©¤Sigmoid: 3-10                --
©¦    ©¦    ©¸©¤Linear: 3-11                 787,656
©¦    ©¦    ©¸©¤Sigmoid: 3-12                --
©À©¤Sequential: 1-5                        --
©¦    ©¸©¤Linear: 2-29                      113,664
©¦    ©¸©¤Linear: 2-30                      16,512
©¦    ©¸©¤Linear: 2-31                      8,514
=================================================================
Total params: 9,941,672
Trainable params: 9,941,672
Non-trainable params: 0
=================================================================
Epoch [1/1000]	 Average training and validation loss: 2.5381E-02 7.7328E-03	Time: 13.01s
Epoch [2/1000]	 Average training and validation loss: 6.0062E-03 3.9446E-03	Time: 10.49s
Epoch [3/1000]	 Average training and validation loss: 3.3792E-03 2.3866E-03	Time: 10.50s
Epoch [4/1000]	 Average training and validation loss: 2.3256E-03 2.3243E-03	Time: 10.59s
Epoch [5/1000]	 Average training and validation loss: 2.2857E-03 2.2506E-03	Time: 10.48s
Epoch [6/1000]	 Average training and validation loss: 2.2381E-03 2.7036E-03	Time: 10.59s
Epoch [7/1000]	 Average training and validation loss: 2.0871E-03 1.9662E-03	Time: 10.56s
Epoch [8/1000]	 Average training and validation loss: 1.9445E-03 1.9428E-03	Time: 10.60s
Epoch [9/1000]	 Average training and validation loss: 1.8728E-03 1.8272E-03	Time: 10.53s
Epoch [10/1000]	 Average training and validation loss: 1.6799E-03 1.6514E-03	Time: 10.63s
Epoch [11/1000]	 Average training and validation loss: 1.6041E-03 1.5036E-03	Time: 10.53s
Epoch [12/1000]	 Average training and validation loss: 1.6218E-03 1.3896E-03	Time: 10.63s
Epoch [13/1000]	 Average training and validation loss: 1.3453E-03 1.3681E-03	Time: 10.53s
Epoch [14/1000]	 Average training and validation loss: 1.2858E-03 1.2477E-03	Time: 10.64s
Epoch [15/1000]	 Average training and validation loss: 1.2145E-03 1.3321E-03	Time: 10.50s
Epoch [16/1000]	 Average training and validation loss: 1.1579E-03 1.1768E-03	Time: 10.54s
Epoch [17/1000]	 Average training and validation loss: 1.1331E-03 1.1166E-03	Time: 10.63s
Epoch [18/1000]	 Average training and validation loss: 1.0702E-03 1.0721E-03	Time: 10.51s
Epoch [19/1000]	 Average training and validation loss: 1.0621E-03 1.0356E-03	Time: 10.63s
Epoch [20/1000]	 Average training and validation loss: 1.0265E-03 1.0110E-03	Time: 10.56s
Epoch [21/1000]	 Average training and validation loss: 9.9892E-04 9.7081E-04	Time: 10.59s
Epoch [22/1000]	 Average training and validation loss: 9.6266E-04 9.1378E-04	Time: 10.57s
Epoch [23/1000]	 Average training and validation loss: 9.3000E-04 8.9216E-04	Time: 10.64s
Epoch [24/1000]	 Average training and validation loss: 9.6747E-04 8.7396E-04	Time: 10.54s
Epoch [25/1000]	 Average training and validation loss: 8.7472E-04 8.7400E-04	Time: 10.66s
Epoch [26/1000]	 Average training and validation loss: 8.7664E-04 8.4248E-04	Time: 10.51s
Epoch [27/1000]	 Average training and validation loss: 8.4568E-04 8.3914E-04	Time: 10.52s
Epoch [28/1000]	 Average training and validation loss: 8.5148E-04 8.2417E-04	Time: 10.63s
Epoch [29/1000]	 Average training and validation loss: 8.2366E-04 8.4197E-04	Time: 10.54s
Epoch [30/1000]	 Average training and validation loss: 8.1850E-04 8.1132E-04	Time: 10.59s
Epoch [31/1000]	 Average training and validation loss: 8.0929E-04 7.9778E-04	Time: 10.56s
Epoch [32/1000]	 Average training and validation loss: 7.9935E-04 7.7627E-04	Time: 10.63s
Epoch [33/1000]	 Average training and validation loss: 7.9334E-04 7.6802E-04	Time: 10.52s
Epoch [34/1000]	 Average training and validation loss: 7.9888E-04 7.7197E-04	Time: 10.64s
Epoch [35/1000]	 Average training and validation loss: 7.6859E-04 7.5464E-04	Time: 10.56s
Epoch [36/1000]	 Average training and validation loss: 7.7637E-04 7.7943E-04	Time: 10.62s
Epoch [37/1000]	 Average training and validation loss: 7.5590E-04 7.5929E-04	Time: 10.55s
Epoch [38/1000]	 Average training and validation loss: 7.5364E-04 8.0095E-04	Time: 10.63s
Epoch [39/1000]	 Average training and validation loss: 7.5337E-04 7.5164E-04	Time: 10.54s
Epoch [40/1000]	 Average training and validation loss: 7.4097E-04 7.2189E-04	Time: 10.57s
Epoch [41/1000]	 Average training and validation loss: 7.3499E-04 7.1863E-04	Time: 10.61s
Epoch [42/1000]	 Average training and validation loss: 7.1773E-04 7.0310E-04	Time: 10.55s
Epoch [43/1000]	 Average training and validation loss: 7.2843E-04 6.9129E-04	Time: 10.64s
Epoch [44/1000]	 Average training and validation loss: 7.0508E-04 7.0776E-04	Time: 10.56s
Epoch [45/1000]	 Average training and validation loss: 7.0807E-04 7.0640E-04	Time: 10.75s
Epoch [46/1000]	 Average training and validation loss: 7.0392E-04 6.8298E-04	Time: 10.58s
Epoch [47/1000]	 Average training and validation loss: 6.9671E-04 7.7405E-04	Time: 10.70s
Epoch [48/1000]	 Average training and validation loss: 6.8621E-04 6.7585E-04	Time: 10.57s
Epoch [49/1000]	 Average training and validation loss: 6.8026E-04 6.7817E-04	Time: 10.67s
Epoch [50/1000]	 Average training and validation loss: 6.8814E-04 6.7081E-04	Time: 10.57s
Epoch [51/1000]	 Average training and validation loss: 7.6207E-04 6.8828E-04	Time: 10.56s
Epoch [52/1000]	 Average training and validation loss: 6.8788E-04 6.5538E-04	Time: 10.68s
Epoch [53/1000]	 Average training and validation loss: 6.7030E-04 6.5909E-04	Time: 10.56s
Epoch [54/1000]	 Average training and validation loss: 7.1595E-04 6.4492E-04	Time: 10.68s
Epoch [55/1000]	 Average training and validation loss: 6.4491E-04 6.5143E-04	Time: 10.57s
Epoch [56/1000]	 Average training and validation loss: 6.4932E-04 6.3927E-04	Time: 10.69s
Epoch [57/1000]	 Average training and validation loss: 6.5795E-04 6.3891E-04	Time: 10.59s
Epoch [58/1000]	 Average training and validation loss: 6.2490E-04 6.2786E-04	Time: 10.72s
Epoch [59/1000]	 Average training and validation loss: 6.3676E-04 6.1334E-04	Time: 10.60s
Epoch [60/1000]	 Average training and validation loss: 6.2864E-04 6.3292E-04	Time: 10.55s
Epoch [61/1000]	 Average training and validation loss: 6.3931E-04 6.2098E-04	Time: 10.65s
Epoch [62/1000]	 Average training and validation loss: 6.0826E-04 7.7429E-04	Time: 10.64s
Epoch [63/1000]	 Average training and validation loss: 6.1918E-04 6.1328E-04	Time: 10.58s
Epoch [64/1000]	 Average training and validation loss: 6.2126E-04 6.3013E-04	Time: 10.65s
Epoch [65/1000]	 Average training and validation loss: 6.0139E-04 6.0193E-04	Time: 10.58s
Epoch [66/1000]	 Average training and validation loss: 6.1127E-04 7.1393E-04	Time: 10.69s
Epoch [67/1000]	 Average training and validation loss: 6.2380E-04 5.9768E-04	Time: 10.79s
Epoch [68/1000]	 Average training and validation loss: 6.4614E-04 5.9217E-04	Time: 10.70s
Epoch [69/1000]	 Average training and validation loss: 5.8235E-04 5.8954E-04	Time: 10.64s
Epoch [70/1000]	 Average training and validation loss: 6.1903E-04 6.7926E-04	Time: 10.59s
Epoch [71/1000]	 Average training and validation loss: 6.0700E-04 5.7710E-04	Time: 10.67s
Epoch [72/1000]	 Average training and validation loss: 5.8125E-04 5.7922E-04	Time: 10.56s
Epoch [73/1000]	 Average training and validation loss: 5.7811E-04 5.8116E-04	Time: 10.66s
Epoch [74/1000]	 Average training and validation loss: 5.9773E-04 5.8796E-04	Time: 10.57s
Epoch [75/1000]	 Average training and validation loss: 5.7536E-04 5.8441E-04	Time: 10.58s
Epoch [76/1000]	 Average training and validation loss: 5.8746E-04 5.6392E-04	Time: 10.64s
Epoch [77/1000]	 Average training and validation loss: 5.6346E-04 5.7994E-04	Time: 10.57s
Epoch [78/1000]	 Average training and validation loss: 5.6881E-04 6.6874E-04	Time: 10.69s
Epoch [79/1000]	 Average training and validation loss: 6.2849E-04 5.8698E-04	Time: 10.61s
Epoch [80/1000]	 Average training and validation loss: 5.6311E-04 5.7776E-04	Time: 10.77s
Epoch [81/1000]	 Average training and validation loss: 5.6422E-04 5.9073E-04	Time: 10.56s
Epoch [82/1000]	 Average training and validation loss: 5.6393E-04 5.7032E-04	Time: 10.73s
Epoch [83/1000]	 Average training and validation loss: 5.5055E-04 5.9448E-04	Time: 10.57s
Epoch [84/1000]	 Average training and validation loss: 5.7139E-04 7.2138E-04	Time: 10.65s
Epoch [85/1000]	 Average training and validation loss: 5.6304E-04 5.6034E-04	Time: 10.82s
Epoch [86/1000]	 Average training and validation loss: 5.4355E-04 5.6651E-04	Time: 10.79s
Epoch [87/1000]	 Average training and validation loss: 5.4076E-04 5.4432E-04	Time: 11.00s
Epoch [88/1000]	 Average training and validation loss: 5.7635E-04 5.5965E-04	Time: 10.86s
Epoch [89/1000]	 Average training and validation loss: 5.3249E-04 5.4626E-04	Time: 10.95s
Epoch [90/1000]	 Average training and validation loss: 5.4280E-04 5.5728E-04	Time: 10.85s
Epoch [91/1000]	 Average training and validation loss: 5.5104E-04 6.3490E-04	Time: 10.84s
Epoch [92/1000]	 Average training and validation loss: 5.4509E-04 5.3848E-04	Time: 10.86s
Epoch [93/1000]	 Average training and validation loss: 5.3877E-04 5.4519E-04	Time: 10.96s
Epoch [94/1000]	 Average training and validation loss: 5.3329E-04 5.8494E-04	Time: 10.86s
Epoch [95/1000]	 Average training and validation loss: 5.1749E-04 5.5898E-04	Time: 10.88s
Epoch [96/1000]	 Average training and validation loss: 6.0465E-04 5.3261E-04	Time: 10.97s
Epoch [97/1000]	 Average training and validation loss: 5.2124E-04 5.3049E-04	Time: 10.87s
Epoch [98/1000]	 Average training and validation loss: 5.1543E-04 5.4103E-04	Time: 10.97s
Epoch [99/1000]	 Average training and validation loss: 5.2361E-04 5.9040E-04	Time: 10.86s
Epoch [100/1000]	 Average training and validation loss: 5.2859E-04 5.5468E-04	Time: 10.86s
Epoch [101/1000]	 Average training and validation loss: 5.2508E-04 5.3690E-04	Time: 10.96s
Epoch [102/1000]	 Average training and validation loss: 5.1695E-04 5.5892E-04	Time: 10.86s
Epoch [103/1000]	 Average training and validation loss: 5.8651E-04 5.2717E-04	Time: 10.99s
Epoch [104/1000]	 Average training and validation loss: 5.1029E-04 5.2524E-04	Time: 10.89s
Epoch [105/1000]	 Average training and validation loss: 5.1707E-04 5.6362E-04	Time: 10.99s
Epoch [106/1000]	 Average training and validation loss: 5.1146E-04 5.1832E-04	Time: 10.87s
Epoch [107/1000]	 Average training and validation loss: 5.0549E-04 5.1771E-04	Time: 10.97s
Epoch [108/1000]	 Average training and validation loss: 5.3827E-04 5.3537E-04	Time: 10.89s
Epoch [109/1000]	 Average training and validation loss: 5.0709E-04 5.2169E-04	Time: 10.97s
Epoch [110/1000]	 Average training and validation loss: 5.0043E-04 5.4661E-04	Time: 10.89s
Epoch [111/1000]	 Average training and validation loss: 5.0919E-04 5.2926E-04	Time: 10.99s
Epoch [112/1000]	 Average training and validation loss: 4.9423E-04 5.1095E-04	Time: 10.96s
Epoch [113/1000]	 Average training and validation loss: 5.0963E-04 5.1880E-04	Time: 10.85s
Epoch [114/1000]	 Average training and validation loss: 5.0239E-04 5.2903E-04	Time: 10.99s
Epoch [115/1000]	 Average training and validation loss: 4.9535E-04 5.1939E-04	Time: 10.85s
Epoch [116/1000]	 Average training and validation loss: 5.1110E-04 5.2931E-04	Time: 10.88s
Epoch [117/1000]	 Average training and validation loss: 6.5184E-04 5.4701E-04	Time: 10.87s
Epoch [118/1000]	 Average training and validation loss: 4.9404E-04 5.2468E-04	Time: 10.98s
Epoch [119/1000]	 Average training and validation loss: 4.9040E-04 5.6813E-04	Time: 10.86s
Epoch [120/1000]	 Average training and validation loss: 4.9361E-04 5.5974E-04	Time: 10.96s
Epoch [121/1000]	 Average training and validation loss: 4.8584E-04 5.1041E-04	Time: 10.86s
Epoch [122/1000]	 Average training and validation loss: 4.7519E-04 5.0620E-04	Time: 10.97s
Epoch [123/1000]	 Average training and validation loss: 4.8251E-04 5.1556E-04	Time: 10.84s
Epoch [124/1000]	 Average training and validation loss: 6.2438E-04 5.2526E-04	Time: 10.95s
Epoch [125/1000]	 Average training and validation loss: 4.8323E-04 5.0764E-04	Time: 10.82s
Epoch [126/1000]	 Average training and validation loss: 4.7426E-04 5.1587E-04	Time: 10.82s
Epoch [127/1000]	 Average training and validation loss: 5.0862E-04 5.3088E-04	Time: 10.94s
Epoch [128/1000]	 Average training and validation loss: 4.8616E-04 5.0696E-04	Time: 10.82s
Epoch [129/1000]	 Average training and validation loss: 4.6903E-04 5.0873E-04	Time: 10.81s
Epoch [130/1000]	 Average training and validation loss: 4.7716E-04 4.9897E-04	Time: 10.90s
Epoch [131/1000]	 Average training and validation loss: 4.8033E-04 5.0653E-04	Time: 10.83s
Epoch [132/1000]	 Average training and validation loss: 4.9216E-04 5.1547E-04	Time: 10.92s
Epoch [133/1000]	 Average training and validation loss: 4.8595E-04 5.3218E-04	Time: 10.80s
Epoch [134/1000]	 Average training and validation loss: 4.7991E-04 5.0785E-04	Time: 10.81s
Epoch [135/1000]	 Average training and validation loss: 4.6767E-04 5.0035E-04	Time: 10.91s
Epoch [136/1000]	 Average training and validation loss: 4.7988E-04 5.3339E-04	Time: 10.82s
Epoch [137/1000]	 Average training and validation loss: 4.8364E-04 5.6817E-04	Time: 10.81s
Epoch [138/1000]	 Average training and validation loss: 7.9628E-04 5.7255E-04	Time: 10.82s
Epoch [139/1000]	 Average training and validation loss: 4.9467E-04 5.0317E-04	Time: 10.92s
Epoch [140/1000]	 Average training and validation loss: 4.7053E-04 5.0085E-04	Time: 10.81s
Epoch [141/1000]	 Average training and validation loss: 4.6704E-04 5.0263E-04	Time: 10.91s
Epoch [142/1000]	 Average training and validation loss: 4.6364E-04 5.2095E-04	Time: 10.80s
Epoch [143/1000]	 Average training and validation loss: 4.6246E-04 5.0866E-04	Time: 10.90s
Epoch [144/1000]	 Average training and validation loss: 4.5828E-04 5.1786E-04	Time: 10.80s
Epoch [145/1000]	 Average training and validation loss: 4.6065E-04 5.3586E-04	Time: 10.92s
Epoch [146/1000]	 Average training and validation loss: 4.6173E-04 4.9247E-04	Time: 10.82s
Epoch [147/1000]	 Average training and validation loss: 4.7754E-04 4.9969E-04	Time: 10.84s
Epoch [148/1000]	 Average training and validation loss: 4.8999E-04 5.0155E-04	Time: 10.90s
Epoch [149/1000]	 Average training and validation loss: 4.8030E-04 5.0183E-04	Time: 10.77s
Epoch [150/1000]	 Average training and validation loss: 4.7229E-04 5.3155E-04	Time: 10.80s
Epoch [151/1000]	 Average training and validation loss: 5.8808E-04 5.1905E-04	Time: 10.91s
Epoch [152/1000]	 Average training and validation loss: 4.6536E-04 5.0140E-04	Time: 10.76s
Epoch [153/1000]	 Average training and validation loss: 4.5084E-04 4.9601E-04	Time: 10.92s
Epoch [154/1000]	 Average training and validation loss: 4.4944E-04 5.1192E-04	Time: 10.85s
Epoch [155/1000]	 Average training and validation loss: 4.5183E-04 5.1606E-04	Time: 10.90s
Epoch [156/1000]	 Average training and validation loss: 4.5573E-04 5.0753E-04	Time: 10.82s
Epoch [157/1000]	 Average training and validation loss: 4.6169E-04 5.2124E-04	Time: 10.91s
Epoch [158/1000]	 Average training and validation loss: 4.7105E-04 5.0122E-04	Time: 10.78s
Epoch [159/1000]	 Average training and validation loss: 4.4825E-04 4.9697E-04	Time: 10.82s
Epoch [160/1000]	 Average training and validation loss: 4.4604E-04 5.0907E-04	Time: 10.93s
Epoch [161/1000]	 Average training and validation loss: 4.6372E-04 5.3597E-04	Time: 10.81s
Epoch [162/1000]	 Average training and validation loss: 4.6139E-04 5.1454E-04	Time: 10.92s
Epoch [163/1000]	 Average training and validation loss: 4.4692E-04 4.9964E-04	Time: 10.76s
Epoch [164/1000]	 Average training and validation loss: 4.3660E-04 5.0087E-04	Time: 10.82s
Epoch [165/1000]	 Average training and validation loss: 4.4386E-04 4.8663E-04	Time: 10.87s
Epoch [166/1000]	 Average training and validation loss: 4.6629E-04 4.9611E-04	Time: 10.82s
Epoch [167/1000]	 Average training and validation loss: 4.4567E-04 4.9176E-04	Time: 10.87s
Epoch [168/1000]	 Average training and validation loss: 4.4347E-04 4.8721E-04	Time: 10.80s
Epoch [169/1000]	 Average training and validation loss: 5.1111E-04 5.2020E-04	Time: 10.84s
Epoch [170/1000]	 Average training and validation loss: 4.6155E-04 5.0450E-04	Time: 10.92s
Epoch [171/1000]	 Average training and validation loss: 4.4837E-04 4.9127E-04	Time: 10.81s
Epoch [172/1000]	 Average training and validation loss: 4.4267E-04 4.9007E-04	Time: 10.92s
Epoch [173/1000]	 Average training and validation loss: 4.4475E-04 4.9270E-04	Time: 10.81s
Epoch [174/1000]	 Average training and validation loss: 4.4323E-04 4.9807E-04	Time: 10.83s
Epoch [175/1000]	 Average training and validation loss: 4.3296E-04 4.9172E-04	Time: 10.92s
Epoch [176/1000]	 Average training and validation loss: 4.2438E-04 4.8846E-04	Time: 10.81s
Epoch [177/1000]	 Average training and validation loss: 4.2247E-04 4.8750E-04	Time: 10.95s
Epoch [178/1000]	 Average training and validation loss: 4.2545E-04 4.9260E-04	Time: 10.82s
Epoch [179/1000]	 Average training and validation loss: 4.4274E-04 4.9144E-04	Time: 10.90s
Epoch [180/1000]	 Average training and validation loss: 4.5369E-04 4.9163E-04	Time: 10.78s
Epoch [181/1000]	 Average training and validation loss: 4.6148E-04 4.9495E-04	Time: 10.81s
Epoch [182/1000]	 Average training and validation loss: 4.6021E-04 5.1800E-04	Time: 10.92s
Epoch [183/1000]	 Average training and validation loss: 4.5500E-04 5.5787E-04	Time: 10.80s
Epoch [184/1000]	 Average training and validation loss: 4.4293E-04 6.0012E-04	Time: 10.91s
Epoch [185/1000]	 Average training and validation loss: 4.4585E-04 6.3218E-04	Time: 10.78s
Epoch [186/1000]	 Average training and validation loss: 4.4336E-04 5.9902E-04	Time: 10.77s
Epoch [187/1000]	 Average training and validation loss: 4.3917E-04 5.8284E-04	Time: 10.85s
Epoch [188/1000]	 Average training and validation loss: 4.3518E-04 5.5672E-04	Time: 10.84s
Epoch [189/1000]	 Average training and validation loss: 4.3597E-04 5.4221E-04	Time: 10.67s
Epoch [190/1000]	 Average training and validation loss: 4.3473E-04 5.3979E-04	Time: 10.56s
Epoch [191/1000]	 Average training and validation loss: 4.3084E-04 5.2532E-04	Time: 10.58s
Epoch [192/1000]	 Average training and validation loss: 4.3058E-04 5.0869E-04	Time: 10.65s
Epoch [193/1000]	 Average training and validation loss: 4.2709E-04 5.1097E-04	Time: 10.57s
Epoch [194/1000]	 Average training and validation loss: 4.2894E-04 5.1328E-04	Time: 10.67s
Epoch [195/1000]	 Average training and validation loss: 4.1872E-04 4.9538E-04	Time: 10.58s
Epoch [196/1000]	 Average training and validation loss: 4.0792E-04 4.9216E-04	Time: 10.65s
Epoch [197/1000]	 Average training and validation loss: 4.0278E-04 4.9049E-04	Time: 10.57s
Epoch [198/1000]	 Average training and validation loss: 3.9995E-04 4.8880E-04	Time: 10.58s
Epoch [199/1000]	 Average training and validation loss: 4.0972E-04 5.5630E-04	Time: 10.66s
Epoch [200/1000]	 Average training and validation loss: 4.2231E-04 4.9714E-04	Time: 10.58s
Epoch [201/1000]	 Average training and validation loss: 4.1113E-04 4.9356E-04	Time: 10.57s
Epoch [202/1000]	 Average training and validation loss: 4.3480E-04 5.2016E-04	Time: 10.65s
Epoch [203/1000]	 Average training and validation loss: 4.2876E-04 6.0214E-04	Time: 10.58s
Epoch [204/1000]	 Average training and validation loss: 4.3721E-04 5.2407E-04	Time: 10.66s
Epoch [205/1000]	 Average training and validation loss: 4.2998E-04 5.0239E-04	Time: 10.57s
Epoch [206/1000]	 Average training and validation loss: 4.3538E-04 4.9854E-04	Time: 10.55s
Epoch [207/1000]	 Average training and validation loss: 4.6214E-04 6.0502E-04	Time: 10.64s
Epoch [208/1000]	 Average training and validation loss: 4.5279E-04 5.7891E-04	Time: 10.65s
Epoch [209/1000]	 Average training and validation loss: 4.3982E-04 5.1925E-04	Time: 10.57s
Epoch [210/1000]	 Average training and validation loss: 4.2063E-04 5.0084E-04	Time: 10.56s
Epoch [211/1000]	 Average training and validation loss: 4.1430E-04 5.0423E-04	Time: 10.59s
Epoch [212/1000]	 Average training and validation loss: 4.1052E-04 4.9617E-04	Time: 10.66s
Epoch [213/1000]	 Average training and validation loss: 4.0527E-04 4.9270E-04	Time: 10.55s
Epoch [214/1000]	 Average training and validation loss: 3.9780E-04 4.9156E-04	Time: 10.63s
Epoch [215/1000]	 Average training and validation loss: 4.5270E-04 6.8055E-04	Time: 10.56s
Epoch [216/1000]	 Average training and validation loss: 4.2597E-04 5.0535E-04	Time: 10.65s
Epoch [217/1000]	 Average training and validation loss: 3.9867E-04 4.9215E-04	Time: 10.58s
Epoch [218/1000]	 Average training and validation loss: 3.9184E-04 4.8769E-04	Time: 10.57s
Epoch [219/1000]	 Average training and validation loss: 3.8758E-04 4.9009E-04	Time: 10.65s
Epoch [220/1000]	 Average training and validation loss: 3.8470E-04 4.8998E-04	Time: 10.55s
Epoch [221/1000]	 Average training and validation loss: 3.8219E-04 4.9238E-04	Time: 10.68s
Epoch [222/1000]	 Average training and validation loss: 3.8029E-04 4.9104E-04	Time: 10.57s
Epoch [223/1000]	 Average training and validation loss: 3.8995E-04 5.1732E-04	Time: 10.65s
Epoch [224/1000]	 Average training and validation loss: 4.1322E-04 5.1338E-04	Time: 10.54s
Epoch [225/1000]	 Average training and validation loss: 4.3605E-04 5.1580E-04	Time: 10.57s
Epoch [226/1000]	 Average training and validation loss: 4.0805E-04 5.4143E-04	Time: 10.55s
Epoch [227/1000]	 Average training and validation loss: 4.0061E-04 5.4507E-04	Time: 10.64s
Epoch [228/1000]	 Average training and validation loss: 3.9694E-04 5.3682E-04	Time: 10.58s
Epoch [229/1000]	 Average training and validation loss: 3.9894E-04 5.3659E-04	Time: 10.67s
Epoch [230/1000]	 Average training and validation loss: 4.0071E-04 5.2643E-04	Time: 10.57s
Epoch [231/1000]	 Average training and validation loss: 3.9605E-04 5.1895E-04	Time: 10.56s
Epoch [232/1000]	 Average training and validation loss: 3.9137E-04 5.1782E-04	Time: 10.66s
Epoch [233/1000]	 Average training and validation loss: 3.9748E-04 5.4446E-04	Time: 10.55s
Epoch [234/1000]	 Average training and validation loss: 4.0859E-04 5.5490E-04	Time: 10.65s
Epoch [235/1000]	 Average training and validation loss: 4.3775E-04 5.3520E-04	Time: 10.57s
Epoch [236/1000]	 Average training and validation loss: 5.1769E-04 7.0685E-04	Time: 10.57s
Epoch [237/1000]	 Average training and validation loss: 4.3711E-04 6.1495E-04	Time: 10.68s
Epoch [238/1000]	 Average training and validation loss: 4.1412E-04 5.2611E-04	Time: 10.65s
Epoch [239/1000]	 Average training and validation loss: 4.0449E-04 5.1156E-04	Time: 10.57s
Epoch [240/1000]	 Average training and validation loss: 4.0753E-04 5.3749E-04	Time: 10.57s
Epoch [241/1000]	 Average training and validation loss: 4.1408E-04 5.3267E-04	Time: 10.56s
Epoch [242/1000]	 Average training and validation loss: 4.1166E-04 5.5344E-04	Time: 10.68s
Epoch [243/1000]	 Average training and validation loss: 4.1551E-04 5.8036E-04	Time: 10.57s
Epoch [244/1000]	 Average training and validation loss: 4.2301E-04 6.8374E-04	Time: 10.65s
Epoch [245/1000]	 Average training and validation loss: 4.2345E-04 5.6032E-04	Time: 10.57s
Epoch [246/1000]	 Average training and validation loss: 4.1355E-04 5.2335E-04	Time: 10.56s
Epoch [247/1000]	 Average training and validation loss: 3.9752E-04 5.1719E-04	Time: 10.69s
Epoch [248/1000]	 Average training and validation loss: 3.8594E-04 5.2344E-04	Time: 10.57s
Epoch [249/1000]	 Average training and validation loss: 3.7896E-04 5.3003E-04	Time: 10.65s
Epoch [250/1000]	 Average training and validation loss: 3.7203E-04 5.1877E-04	Time: 10.58s
Epoch [251/1000]	 Average training and validation loss: 3.6606E-04 5.0928E-04	Time: 10.67s
Epoch [252/1000]	 Average training and validation loss: 3.6150E-04 5.0387E-04	Time: 10.58s
Epoch [253/1000]	 Average training and validation loss: 3.5809E-04 5.0084E-04	Time: 10.66s
Epoch [254/1000]	 Average training and validation loss: 3.5725E-04 5.0233E-04	Time: 10.57s
Epoch [255/1000]	 Average training and validation loss: 3.6594E-04 5.0664E-04	Time: 10.66s
Epoch [256/1000]	 Average training and validation loss: 3.6134E-04 5.1124E-04	Time: 10.57s
Epoch [257/1000]	 Average training and validation loss: 3.5675E-04 5.0712E-04	Time: 10.65s
Epoch [258/1000]	 Average training and validation loss: 3.5415E-04 5.0830E-04	Time: 10.59s
Epoch [259/1000]	 Average training and validation loss: 3.6867E-04 5.3881E-04	Time: 10.56s
Epoch [260/1000]	 Average training and validation loss: 3.9391E-04 5.3966E-04	Time: 10.64s
Epoch [261/1000]	 Average training and validation loss: 3.7972E-04 5.8979E-04	Time: 10.64s
Epoch [262/1000]	 Average training and validation loss: 3.8718E-04 5.2391E-04	Time: 10.55s
Epoch [263/1000]	 Average training and validation loss: 3.8715E-04 5.1507E-04	Time: 10.57s
Epoch [264/1000]	 Average training and validation loss: 3.8393E-04 5.3487E-04	Time: 10.56s
Epoch [265/1000]	 Average training and validation loss: 4.1647E-04 5.3648E-04	Time: 10.62s
Epoch [266/1000]	 Average training and validation loss: 3.9178E-04 5.6543E-04	Time: 10.60s
Epoch [267/1000]	 Average training and validation loss: 4.1318E-04 5.4299E-04	Time: 10.54s
Epoch [268/1000]	 Average training and validation loss: 4.0967E-04 5.6224E-04	Time: 10.53s
Epoch [269/1000]	 Average training and validation loss: 3.9162E-04 5.3206E-04	Time: 10.64s
Epoch [270/1000]	 Average training and validation loss: 3.8614E-04 5.2465E-04	Time: 10.51s
Epoch [271/1000]	 Average training and validation loss: 3.9092E-04 5.3683E-04	Time: 10.60s
Epoch [272/1000]	 Average training and validation loss: 3.8092E-04 5.3935E-04	Time: 10.53s
Epoch [273/1000]	 Average training and validation loss: 3.6916E-04 5.3149E-04	Time: 10.56s
Epoch [274/1000]	 Average training and validation loss: 3.6358E-04 5.2412E-04	Time: 10.57s
Epoch [275/1000]	 Average training and validation loss: 3.6096E-04 5.2192E-04	Time: 10.59s
Epoch [276/1000]	 Average training and validation loss: 3.6074E-04 5.2052E-04	Time: 10.64s
Epoch [277/1000]	 Average training and validation loss: 3.6900E-04 5.4347E-04	Time: 10.54s
Epoch [278/1000]	 Average training and validation loss: 3.7749E-04 5.5792E-04	Time: 10.54s
Epoch [279/1000]	 Average training and validation loss: 3.9909E-04 6.5923E-04	Time: 10.52s
Epoch [280/1000]	 Average training and validation loss: 4.0972E-04 5.6213E-04	Time: 10.62s
Epoch [281/1000]	 Average training and validation loss: 4.2913E-04 5.7717E-04	Time: 10.65s
Epoch [282/1000]	 Average training and validation loss: 4.0450E-04 5.3699E-04	Time: 10.54s
Epoch [283/1000]	 Average training and validation loss: 3.8259E-04 5.4584E-04	Time: 10.55s
Epoch [284/1000]	 Average training and validation loss: 3.7797E-04 5.5670E-04	Time: 10.56s
Epoch [285/1000]	 Average training and validation loss: 3.7684E-04 5.4005E-04	Time: 10.62s
Epoch [286/1000]	 Average training and validation loss: 3.7147E-04 5.2737E-04	Time: 10.62s
Epoch [287/1000]	 Average training and validation loss: 3.6855E-04 5.2214E-04	Time: 10.53s
Epoch [288/1000]	 Average training and validation loss: 3.7322E-04 5.2580E-04	Time: 10.53s
Epoch [289/1000]	 Average training and validation loss: 3.9688E-04 5.6212E-04	Time: 10.56s
Epoch [290/1000]	 Average training and validation loss: 4.0843E-04 6.1592E-04	Time: 10.62s
Epoch [291/1000]	 Average training and validation loss: 4.2271E-04 6.7010E-04	Time: 10.61s
Epoch [292/1000]	 Average training and validation loss: 4.2805E-04 6.0724E-04	Time: 10.55s
Epoch [293/1000]	 Average training and validation loss: 4.3127E-04 5.5848E-04	Time: 10.54s
Epoch [294/1000]	 Average training and validation loss: 3.8026E-04 5.8721E-04	Time: 10.53s
Epoch [295/1000]	 Average training and validation loss: 3.8427E-04 5.8997E-04	Time: 10.62s
Epoch [296/1000]	 Average training and validation loss: 3.9489E-04 5.5068E-04	Time: 10.63s
Epoch [297/1000]	 Average training and validation loss: 4.1879E-04 5.7691E-04	Time: 10.54s
Epoch [298/1000]	 Average training and validation loss: 4.0587E-04 6.0965E-04	Time: 10.55s
Epoch [299/1000]	 Average training and validation loss: 3.6967E-04 5.5965E-04	Time: 10.55s
Epoch [300/1000]	 Average training and validation loss: 3.5123E-04 5.3383E-04	Time: 10.59s
Epoch [301/1000]	 Average training and validation loss: 3.4212E-04 5.2677E-04	Time: 10.50s
Epoch [302/1000]	 Average training and validation loss: 3.3803E-04 5.2274E-04	Time: 10.64s
Epoch [303/1000]	 Average training and validation loss: 3.3548E-04 5.2151E-04	Time: 10.57s
Epoch [304/1000]	 Average training and validation loss: 3.3294E-04 5.2092E-04	Time: 10.60s
Epoch [305/1000]	 Average training and validation loss: 3.3138E-04 5.2206E-04	Time: 10.51s
Epoch [306/1000]	 Average training and validation loss: 3.2999E-04 5.2281E-04	Time: 10.64s
Epoch [307/1000]	 Average training and validation loss: 3.2975E-04 5.2769E-04	Time: 10.54s
Epoch [308/1000]	 Average training and validation loss: 3.3028E-04 5.3081E-04	Time: 10.56s
Epoch [309/1000]	 Average training and validation loss: 3.3211E-04 5.2443E-04	Time: 10.62s
Epoch [310/1000]	 Average training and validation loss: 3.3645E-04 5.2578E-04	Time: 10.64s
Epoch [311/1000]	 Average training and validation loss: 3.4107E-04 5.4205E-04	Time: 10.55s
Epoch [312/1000]	 Average training and validation loss: 3.5044E-04 5.4819E-04	Time: 10.52s
Epoch [313/1000]	 Average training and validation loss: 3.7387E-04 5.4646E-04	Time: 10.54s
Epoch [314/1000]	 Average training and validation loss: 3.8025E-04 5.3039E-04	Time: 10.65s
Epoch [315/1000]	 Average training and validation loss: 3.5856E-04 5.5516E-04	Time: 10.63s
Epoch [316/1000]	 Average training and validation loss: 3.4954E-04 5.3461E-04	Time: 10.55s
Epoch [317/1000]	 Average training and validation loss: 3.6719E-04 6.7915E-04	Time: 10.55s
Epoch [318/1000]	 Average training and validation loss: 3.9641E-04 5.7041E-04	Time: 10.64s
Epoch [319/1000]	 Average training and validation loss: 3.5429E-04 5.3660E-04	Time: 10.52s
Epoch [320/1000]	 Average training and validation loss: 3.4732E-04 5.4997E-04	Time: 10.62s
Epoch [321/1000]	 Average training and validation loss: 3.6073E-04 5.7122E-04	Time: 10.53s
Epoch [322/1000]	 Average training and validation loss: 3.8622E-04 6.6350E-04	Time: 10.54s
Epoch [323/1000]	 Average training and validation loss: 3.9415E-04 5.8794E-04	Time: 10.55s
Epoch [324/1000]	 Average training and validation loss: 3.8591E-04 5.7647E-04	Time: 10.60s
Epoch [325/1000]	 Average training and validation loss: 3.7761E-04 5.4044E-04	Time: 10.63s
Epoch [326/1000]	 Average training and validation loss: 3.7322E-04 5.4666E-04	Time: 10.55s
Epoch [327/1000]	 Average training and validation loss: 3.7826E-04 5.5397E-04	Time: 10.56s
Epoch [328/1000]	 Average training and validation loss: 3.8589E-04 5.5561E-04	Time: 10.55s
Epoch [329/1000]	 Average training and validation loss: 3.8574E-04 5.4843E-04	Time: 10.65s
Epoch [330/1000]	 Average training and validation loss: 3.9383E-04 6.5278E-04	Time: 10.62s
Epoch [331/1000]	 Average training and validation loss: 4.1263E-04 5.7059E-04	Time: 10.55s
Epoch [332/1000]	 Average training and validation loss: 3.7681E-04 5.3153E-04	Time: 10.56s
Epoch [333/1000]	 Average training and validation loss: 3.7798E-04 5.8247E-04	Time: 10.55s
Epoch [334/1000]	 Average training and validation loss: 3.8887E-04 6.3297E-04	Time: 10.63s
Epoch [335/1000]	 Average training and validation loss: 3.9876E-04 5.8640E-04	Time: 10.61s
Epoch [336/1000]	 Average training and validation loss: 3.9316E-04 6.0503E-04	Time: 10.53s
Epoch [337/1000]	 Average training and validation loss: 3.8619E-04 5.6066E-04	Time: 10.54s
Epoch [338/1000]	 Average training and validation loss: 3.7153E-04 5.6176E-04	Time: 10.53s
Epoch [339/1000]	 Average training and validation loss: 3.5997E-04 5.6743E-04	Time: 10.63s
Epoch [340/1000]	 Average training and validation loss: 3.5707E-04 5.4934E-04	Time: 10.65s
Epoch [341/1000]	 Average training and validation loss: 3.5458E-04 5.6133E-04	Time: 10.56s
Epoch [342/1000]	 Average training and validation loss: 3.5488E-04 5.6221E-04	Time: 10.55s
Epoch [343/1000]	 Average training and validation loss: 3.5044E-04 5.4630E-04	Time: 10.55s
Epoch [344/1000]	 Average training and validation loss: 3.4186E-04 5.4643E-04	Time: 10.63s
Epoch [345/1000]	 Average training and validation loss: 3.3768E-04 5.4433E-04	Time: 10.61s
Epoch [346/1000]	 Average training and validation loss: 3.3482E-04 5.5043E-04	Time: 10.55s
Epoch [347/1000]	 Average training and validation loss: 3.3314E-04 5.4872E-04	Time: 10.55s
Epoch [348/1000]	 Average training and validation loss: 3.3484E-04 5.5873E-04	Time: 10.55s
Epoch [349/1000]	 Average training and validation loss: 3.3624E-04 5.7217E-04	Time: 10.59s
Epoch [350/1000]	 Average training and validation loss: 3.4091E-04 5.8937E-04	Time: 10.65s
Epoch [351/1000]	 Average training and validation loss: 3.5239E-04 5.7590E-04	Time: 10.56s
Epoch [352/1000]	 Average training and validation loss: 3.8759E-04 5.9902E-04	Time: 10.51s
Epoch [353/1000]	 Average training and validation loss: 3.7852E-04 5.7829E-04	Time: 10.52s
Epoch [354/1000]	 Average training and validation loss: 3.5090E-04 5.6849E-04	Time: 10.62s
Epoch [355/1000]	 Average training and validation loss: 3.5128E-04 6.1204E-04	Time: 10.53s
Epoch [356/1000]	 Average training and validation loss: 3.9939E-04 7.0852E-04	Time: 10.63s
Epoch [357/1000]	 Average training and validation loss: 3.9228E-04 5.7343E-04	Time: 10.56s
Epoch [358/1000]	 Average training and validation loss: 3.7104E-04 5.8083E-04	Time: 10.53s
Epoch [359/1000]	 Average training and validation loss: 3.6907E-04 5.7691E-04	Time: 10.61s
Epoch [360/1000]	 Average training and validation loss: 3.7533E-04 5.8415E-04	Time: 10.57s
Epoch [361/1000]	 Average training and validation loss: 3.8959E-04 5.8894E-04	Time: 10.63s
Epoch [362/1000]	 Average training and validation loss: 4.0614E-04 6.0990E-04	Time: 10.53s
Epoch [363/1000]	 Average training and validation loss: 3.9203E-04 5.4552E-04	Time: 10.53s
Epoch [364/1000]	 Average training and validation loss: 3.6403E-04 5.8495E-04	Time: 10.62s
Epoch [365/1000]	 Average training and validation loss: 3.6104E-04 5.8045E-04	Time: 10.65s
Epoch [366/1000]	 Average training and validation loss: 3.6509E-04 5.6691E-04	Time: 10.55s
Epoch [367/1000]	 Average training and validation loss: 3.6609E-04 5.8797E-04	Time: 10.57s
Epoch [368/1000]	 Average training and validation loss: 3.6031E-04 6.0851E-04	Time: 10.54s
Epoch [369/1000]	 Average training and validation loss: 3.5943E-04 5.9316E-04	Time: 10.62s
Epoch [370/1000]	 Average training and validation loss: 3.5565E-04 5.7871E-04	Time: 10.55s
Epoch [371/1000]	 Average training and validation loss: 3.5017E-04 5.8219E-04	Time: 10.62s
Epoch [372/1000]	 Average training and validation loss: 3.4753E-04 6.0304E-04	Time: 10.53s
Epoch [373/1000]	 Average training and validation loss: 3.5244E-04 6.3468E-04	Time: 10.56s
Epoch [374/1000]	 Average training and validation loss: 3.8328E-04 6.8379E-04	Time: 10.61s
Epoch [375/1000]	 Average training and validation loss: 4.1838E-04 6.1392E-04	Time: 10.52s
Epoch [376/1000]	 Average training and validation loss: 3.8269E-04 5.5343E-04	Time: 10.62s
Epoch [377/1000]	 Average training and validation loss: 3.5624E-04 5.5514E-04	Time: 10.53s
Epoch [378/1000]	 Average training and validation loss: 3.4804E-04 5.5786E-04	Time: 10.56s
Epoch [379/1000]	 Average training and validation loss: 3.3864E-04 5.5715E-04	Time: 10.61s
Epoch [380/1000]	 Average training and validation loss: 3.3348E-04 5.5580E-04	Time: 10.55s
Epoch [381/1000]	 Average training and validation loss: 3.3092E-04 5.5535E-04	Time: 10.59s
Epoch [382/1000]	 Average training and validation loss: 3.2989E-04 5.6150E-04	Time: 10.55s
Epoch [383/1000]	 Average training and validation loss: 3.2858E-04 5.7574E-04	Time: 10.54s
Epoch [384/1000]	 Average training and validation loss: 3.2677E-04 5.7198E-04	Time: 10.63s
Epoch [385/1000]	 Average training and validation loss: 3.2347E-04 5.6319E-04	Time: 10.53s
Epoch [386/1000]	 Average training and validation loss: 3.2231E-04 5.5990E-04	Time: 10.63s
Epoch [387/1000]	 Average training and validation loss: 3.2368E-04 5.5824E-04	Time: 10.54s
Epoch [388/1000]	 Average training and validation loss: 3.2738E-04 5.6076E-04	Time: 10.57s
Epoch [389/1000]	 Average training and validation loss: 3.3061E-04 5.5764E-04	Time: 10.63s
Epoch [390/1000]	 Average training and validation loss: 3.3560E-04 5.5005E-04	Time: 10.55s
Epoch [391/1000]	 Average training and validation loss: 3.3333E-04 5.6916E-04	Time: 10.64s
Epoch [392/1000]	 Average training and validation loss: 3.4320E-04 5.6142E-04	Time: 10.54s
Epoch [393/1000]	 Average training and validation loss: 3.7048E-04 6.5097E-04	Time: 10.56s
Epoch [394/1000]	 Average training and validation loss: 4.1024E-04 6.0561E-04	Time: 10.61s
Epoch [395/1000]	 Average training and validation loss: 3.6200E-04 5.5854E-04	Time: 10.56s
Epoch [396/1000]	 Average training and validation loss: 3.4667E-04 5.6021E-04	Time: 10.64s
Epoch [397/1000]	 Average training and validation loss: 3.4359E-04 5.7554E-04	Time: 10.54s
Epoch [398/1000]	 Average training and validation loss: 3.5601E-04 5.8179E-04	Time: 10.49s
Epoch [399/1000]	 Average training and validation loss: 3.7912E-04 5.7785E-04	Time: 10.64s
Epoch [400/1000]	 Average training and validation loss: 3.8218E-04 6.8662E-04	Time: 10.51s
Epoch [401/1000]	 Average training and validation loss: 3.8515E-04 5.9485E-04	Time: 10.59s
Epoch [402/1000]	 Average training and validation loss: 3.9306E-04 5.7567E-04	Time: 10.51s
Epoch [403/1000]	 Average training and validation loss: 3.6659E-04 5.7266E-04	Time: 10.65s
Epoch [404/1000]	 Average training and validation loss: 3.4187E-04 5.5961E-04	Time: 10.78s
Epoch [405/1000]	 Average training and validation loss: 3.3162E-04 5.7130E-04	Time: 10.68s
Epoch [406/1000]	 Average training and validation loss: 3.3160E-04 5.9685E-04	Time: 10.79s
Epoch [407/1000]	 Average training and validation loss: 3.3735E-04 6.1607E-04	Time: 10.67s
Epoch [408/1000]	 Average training and validation loss: 3.3865E-04 6.1409E-04	Time: 10.66s
Epoch [409/1000]	 Average training and validation loss: 3.3862E-04 6.1145E-04	Time: 10.76s
Epoch [410/1000]	 Average training and validation loss: 3.4210E-04 6.1588E-04	Time: 10.67s
Epoch [411/1000]	 Average training and validation loss: 3.4065E-04 5.9228E-04	Time: 10.75s
Epoch [412/1000]	 Average training and validation loss: 3.3147E-04 6.1620E-04	Time: 10.67s
Epoch [413/1000]	 Average training and validation loss: 3.2735E-04 6.3073E-04	Time: 10.66s
Epoch [414/1000]	 Average training and validation loss: 3.3059E-04 6.2053E-04	Time: 10.75s
Epoch [415/1000]	 Average training and validation loss: 3.3729E-04 5.9981E-04	Time: 10.68s
Epoch [416/1000]	 Average training and validation loss: 3.3770E-04 6.2588E-04	Time: 10.75s
Epoch [417/1000]	 Average training and validation loss: 3.5230E-04 6.2611E-04	Time: 10.73s
Epoch [418/1000]	 Average training and validation loss: 3.6572E-04 6.3685E-04	Time: 10.63s
Epoch [419/1000]	 Average training and validation loss: 3.9281E-04 6.1057E-04	Time: 10.66s
Epoch [420/1000]	 Average training and validation loss: 4.1822E-04 6.3993E-04	Time: 10.56s
Epoch [421/1000]	 Average training and validation loss: 4.8071E-04 7.7480E-04	Time: 10.64s
Epoch [422/1000]	 Average training and validation loss: 3.9706E-04 7.2212E-04	Time: 10.64s
Epoch [423/1000]	 Average training and validation loss: 3.6284E-04 7.3080E-04	Time: 10.79s
Epoch [424/1000]	 Average training and validation loss: 3.5422E-04 7.2704E-04	Time: 10.93s
Epoch [425/1000]	 Average training and validation loss: 3.5638E-04 6.5773E-04	Time: 10.81s
Epoch [426/1000]	 Average training and validation loss: 3.5051E-04 6.2236E-04	Time: 10.92s
Epoch [427/1000]	 Average training and validation loss: 3.4520E-04 6.1071E-04	Time: 10.82s
Epoch [428/1000]	 Average training and validation loss: 3.4716E-04 6.1603E-04	Time: 10.80s
Epoch [429/1000]	 Average training and validation loss: 3.5307E-04 5.9568E-04	Time: 10.91s
Epoch [430/1000]	 Average training and validation loss: 3.5486E-04 6.3201E-04	Time: 10.84s
Epoch [431/1000]	 Average training and validation loss: 3.5619E-04 6.4034E-04	Time: 10.91s
Epoch [432/1000]	 Average training and validation loss: 3.6335E-04 6.7014E-04	Time: 10.81s
Epoch [433/1000]	 Average training and validation loss: 3.8013E-04 7.5858E-04	Time: 10.81s
Epoch [434/1000]	 Average training and validation loss: 4.0294E-04 8.2920E-04	Time: 10.91s
Epoch [435/1000]	 Average training and validation loss: 4.0128E-04 5.7517E-04	Time: 10.82s
Epoch [436/1000]	 Average training and validation loss: 3.8740E-04 5.8436E-04	Time: 10.89s
Epoch [437/1000]	 Average training and validation loss: 3.6690E-04 5.7101E-04	Time: 10.82s
Epoch [438/1000]	 Average training and validation loss: 3.4423E-04 5.9044E-04	Time: 10.82s
Epoch [439/1000]	 Average training and validation loss: 3.3461E-04 6.1236E-04	Time: 10.92s
Epoch [440/1000]	 Average training and validation loss: 3.3258E-04 6.4095E-04	Time: 10.76s
Epoch [441/1000]	 Average training and validation loss: 3.3451E-04 6.2771E-04	Time: 10.76s
Epoch [442/1000]	 Average training and validation loss: 3.3585E-04 6.4044E-04	Time: 10.79s
Epoch [443/1000]	 Average training and validation loss: 3.3466E-04 6.3690E-04	Time: 10.83s
Epoch [444/1000]	 Average training and validation loss: 3.3257E-04 6.2727E-04	Time: 10.94s
Epoch [445/1000]	 Average training and validation loss: 3.3136E-04 6.3700E-04	Time: 10.83s
Epoch [446/1000]	 Average training and validation loss: 3.3253E-04 6.3726E-04	Time: 10.92s
Epoch [447/1000]	 Average training and validation loss: 3.3343E-04 6.3898E-04	Time: 10.81s
Epoch [448/1000]	 Average training and validation loss: 3.3448E-04 6.3518E-04	Time: 10.79s
Epoch [449/1000]	 Average training and validation loss: 3.3442E-04 6.1670E-04	Time: 10.92s
Epoch [450/1000]	 Average training and validation loss: 3.3775E-04 6.0407E-04	Time: 10.81s
Epoch [451/1000]	 Average training and validation loss: 3.4162E-04 6.1176E-04	Time: 10.91s
Epoch [452/1000]	 Average training and validation loss: 3.4937E-04 6.0300E-04	Time: 10.81s
Epoch [453/1000]	 Average training and validation loss: 3.5230E-04 7.3917E-04	Time: 10.80s
Epoch [454/1000]	 Average training and validation loss: 4.0908E-04 6.6440E-04	Time: 10.92s
Epoch [455/1000]	 Average training and validation loss: 4.1102E-04 7.7419E-04	Time: 10.77s
Epoch [456/1000]	 Average training and validation loss: 3.9688E-04 6.9550E-04	Time: 10.90s
Epoch [457/1000]	 Average training and validation loss: 3.7117E-04 6.0307E-04	Time: 10.77s
Epoch [458/1000]	 Average training and validation loss: 3.5408E-04 5.8550E-04	Time: 10.67s
Epoch [459/1000]	 Average training and validation loss: 3.4948E-04 5.7307E-04	Time: 10.81s
Epoch [460/1000]	 Average training and validation loss: 3.4699E-04 5.7720E-04	Time: 10.74s
Epoch [461/1000]	 Average training and validation loss: 3.4669E-04 5.8902E-04	Time: 10.73s
Epoch [462/1000]	 Average training and validation loss: 3.4189E-04 5.7884E-04	Time: 10.67s
Epoch [463/1000]	 Average training and validation loss: 3.3936E-04 5.9253E-04	Time: 10.68s
Epoch [464/1000]	 Average training and validation loss: 3.4059E-04 6.0320E-04	Time: 10.76s
Epoch [465/1000]	 Average training and validation loss: 3.4144E-04 6.0149E-04	Time: 10.69s
Epoch [466/1000]	 Average training and validation loss: 3.3924E-04 5.8738E-04	Time: 10.71s
Epoch [467/1000]	 Average training and validation loss: 3.3486E-04 5.9192E-04	Time: 10.64s
Epoch [468/1000]	 Average training and validation loss: 3.3253E-04 6.1317E-04	Time: 10.62s
Epoch [469/1000]	 Average training and validation loss: 3.3163E-04 6.1862E-04	Time: 10.70s
Epoch [470/1000]	 Average training and validation loss: 3.3456E-04 6.0362E-04	Time: 10.63s
Epoch [471/1000]	 Average training and validation loss: 3.3847E-04 6.0206E-04	Time: 10.76s
Epoch [472/1000]	 Average training and validation loss: 3.4599E-04 5.8977E-04	Time: 10.70s
Epoch [473/1000]	 Average training and validation loss: 3.7703E-04 6.0527E-04	Time: 10.68s
Epoch [474/1000]	 Average training and validation loss: 3.8181E-04 8.5721E-04	Time: 10.78s
Epoch [475/1000]	 Average training and validation loss: 3.5817E-04 8.1341E-04	Time: 10.68s
Epoch [476/1000]	 Average training and validation loss: 3.6006E-04 6.8519E-04	Time: 10.80s
Epoch [477/1000]	 Average training and validation loss: 3.7610E-04 6.3263E-04	Time: 10.79s
Epoch [478/1000]	 Average training and validation loss: 4.0317E-04 6.2748E-04	Time: 10.79s
Epoch [479/1000]	 Average training and validation loss: 3.9453E-04 7.3725E-04	Time: 10.63s
Epoch [480/1000]	 Average training and validation loss: 4.1032E-04 6.5060E-04	Time: 10.55s
Epoch [481/1000]	 Average training and validation loss: 3.5912E-04 6.6511E-04	Time: 10.65s
Epoch [482/1000]	 Average training and validation loss: 3.5640E-04 6.6937E-04	Time: 10.54s
Epoch [483/1000]	 Average training and validation loss: 3.5687E-04 6.6119E-04	Time: 10.54s
Epoch [484/1000]	 Average training and validation loss: 3.4863E-04 6.6544E-04	Time: 10.64s
Epoch [485/1000]	 Average training and validation loss: 3.4191E-04 6.2680E-04	Time: 10.64s
Epoch [486/1000]	 Average training and validation loss: 3.3955E-04 6.1158E-04	Time: 10.65s
Epoch [487/1000]	 Average training and validation loss: 3.4294E-04 6.2110E-04	Time: 10.54s
Epoch [488/1000]	 Average training and validation loss: 3.4707E-04 6.5929E-04	Time: 10.53s
Epoch [489/1000]	 Average training and validation loss: 3.5381E-04 6.1490E-04	Time: 10.65s
Epoch [490/1000]	 Average training and validation loss: 3.5188E-04 6.1655E-04	Time: 10.56s
Epoch [491/1000]	 Average training and validation loss: 3.4933E-04 6.9030E-04	Time: 10.63s
Epoch [492/1000]	 Average training and validation loss: 3.5081E-04 7.1461E-04	Time: 10.56s
Epoch [493/1000]	 Average training and validation loss: 3.5233E-04 6.9694E-04	Time: 10.53s
Epoch [494/1000]	 Average training and validation loss: 3.6037E-04 6.5224E-04	Time: 10.62s
Epoch [495/1000]	 Average training and validation loss: 3.7644E-04 5.9817E-04	Time: 10.53s
Epoch [496/1000]	 Average training and validation loss: 3.9896E-04 6.0787E-04	Time: 10.65s
Epoch [497/1000]	 Average training and validation loss: 3.9787E-04 6.3538E-04	Time: 10.55s
Epoch [498/1000]	 Average training and validation loss: 3.6686E-04 5.9973E-04	Time: 10.54s
Epoch [499/1000]	 Average training and validation loss: 3.3796E-04 6.2389E-04	Time: 10.54s
Epoch [500/1000]	 Average training and validation loss: 3.3060E-04 6.3470E-04	Time: 10.63s
Epoch [501/1000]	 Average training and validation loss: 3.2922E-04 6.2483E-04	Time: 10.62s
Epoch [502/1000]	 Average training and validation loss: 3.2954E-04 6.0880E-04	Time: 10.52s
Epoch [503/1000]	 Average training and validation loss: 3.2998E-04 6.0559E-04	Time: 10.53s
Epoch [504/1000]	 Average training and validation loss: 3.2930E-04 6.0629E-04	Time: 10.55s
Epoch [505/1000]	 Average training and validation loss: 3.2860E-04 6.1652E-04	Time: 10.63s
Epoch [506/1000]	 Average training and validation loss: 3.2559E-04 6.0473E-04	Time: 10.65s
Epoch [507/1000]	 Average training and validation loss: 3.1878E-04 5.8651E-04	Time: 10.51s
Epoch [508/1000]	 Average training and validation loss: 3.1133E-04 5.8747E-04	Time: 10.54s
Epoch [509/1000]	 Average training and validation loss: 3.0625E-04 5.8445E-04	Time: 10.65s
Epoch [510/1000]	 Average training and validation loss: 3.0303E-04 5.8520E-04	Time: 10.55s
Epoch [511/1000]	 Average training and validation loss: 3.0152E-04 5.9136E-04	Time: 10.59s
Epoch [512/1000]	 Average training and validation loss: 3.0045E-04 5.8538E-04	Time: 10.55s
Epoch [513/1000]	 Average training and validation loss: 3.0095E-04 5.9697E-04	Time: 10.63s
Epoch [514/1000]	 Average training and validation loss: 3.0153E-04 5.9921E-04	Time: 10.55s
Epoch [515/1000]	 Average training and validation loss: 3.0228E-04 6.1827E-04	Time: 10.64s
Epoch [516/1000]	 Average training and validation loss: 3.0693E-04 6.6264E-04	Time: 10.50s
Epoch [517/1000]	 Average training and validation loss: 3.1457E-04 7.0247E-04	Time: 10.55s
Epoch [518/1000]	 Average training and validation loss: 3.2504E-04 6.5854E-04	Time: 10.63s
Epoch [519/1000]	 Average training and validation loss: 3.9313E-04 6.3023E-04	Time: 10.52s
Epoch [520/1000]	 Average training and validation loss: 4.1333E-04 6.1379E-04	Time: 10.63s
Epoch [521/1000]	 Average training and validation loss: 3.7357E-04 6.5016E-04	Time: 10.53s
Epoch [522/1000]	 Average training and validation loss: 3.7652E-04 6.6305E-04	Time: 10.53s
Epoch [523/1000]	 Average training and validation loss: 3.7339E-04 6.8136E-04	Time: 10.64s
Epoch [524/1000]	 Average training and validation loss: 3.4544E-04 5.8218E-04	Time: 10.56s
Epoch [525/1000]	 Average training and validation loss: 3.2448E-04 5.9120E-04	Time: 10.64s
Epoch [526/1000]	 Average training and validation loss: 3.2091E-04 6.0056E-04	Time: 10.55s
Epoch [527/1000]	 Average training and validation loss: 3.1794E-04 6.0554E-04	Time: 10.54s
Epoch [528/1000]	 Average training and validation loss: 3.1860E-04 6.2557E-04	Time: 10.64s
Epoch [529/1000]	 Average training and validation loss: 3.2273E-04 6.2109E-04	Time: 10.54s
Epoch [530/1000]	 Average training and validation loss: 3.2719E-04 6.0958E-04	Time: 10.63s
Epoch [531/1000]	 Average training and validation loss: 3.3075E-04 6.2825E-04	Time: 10.53s
Epoch [532/1000]	 Average training and validation loss: 3.3751E-04 6.1339E-04	Time: 10.54s
Epoch [533/1000]	 Average training and validation loss: 3.5129E-04 6.2219E-04	Time: 10.61s
Epoch [534/1000]	 Average training and validation loss: 3.7704E-04 6.2431E-04	Time: 10.55s
Epoch [535/1000]	 Average training and validation loss: 4.0852E-04 6.9838E-04	Time: 10.63s
Epoch [536/1000]	 Average training and validation loss: 3.9855E-04 5.9228E-04	Time: 10.55s
Epoch [537/1000]	 Average training and validation loss: 3.4195E-04 5.9446E-04	Time: 10.55s
Epoch [538/1000]	 Average training and validation loss: 3.2643E-04 6.0262E-04	Time: 10.68s
Epoch [539/1000]	 Average training and validation loss: 3.2816E-04 6.0620E-04	Time: 10.55s
Epoch [540/1000]	 Average training and validation loss: 3.3207E-04 6.1594E-04	Time: 10.64s
Epoch [541/1000]	 Average training and validation loss: 3.3633E-04 6.1077E-04	Time: 10.56s
Epoch [542/1000]	 Average training and validation loss: 3.3824E-04 6.0066E-04	Time: 10.57s
Epoch [543/1000]	 Average training and validation loss: 3.3692E-04 5.9141E-04	Time: 10.63s
Epoch [544/1000]	 Average training and validation loss: 3.3042E-04 5.8766E-04	Time: 10.53s
Epoch [545/1000]	 Average training and validation loss: 3.3029E-04 5.9559E-04	Time: 10.62s
Epoch [546/1000]	 Average training and validation loss: 3.3464E-04 6.0928E-04	Time: 10.54s
Epoch [547/1000]	 Average training and validation loss: 3.4632E-04 6.3117E-04	Time: 10.56s
Epoch [548/1000]	 Average training and validation loss: 3.5156E-04 6.4935E-04	Time: 10.65s
Epoch [549/1000]	 Average training and validation loss: 3.6293E-04 6.3240E-04	Time: 10.54s
Epoch [550/1000]	 Average training and validation loss: 3.6777E-04 6.1809E-04	Time: 10.62s
Epoch [551/1000]	 Average training and validation loss: 3.8383E-04 6.2308E-04	Time: 10.52s
Epoch [552/1000]	 Average training and validation loss: 4.0077E-04 6.0232E-04	Time: 10.52s
Epoch [553/1000]	 Average training and validation loss: 3.8158E-04 7.4707E-04	Time: 10.62s
Epoch [554/1000]	 Average training and validation loss: 3.8797E-04 6.5696E-04	Time: 10.53s
Epoch [555/1000]	 Average training and validation loss: 4.0482E-04 6.1433E-04	Time: 10.63s
Epoch [556/1000]	 Average training and validation loss: 3.9061E-04 7.2654E-04	Time: 10.53s
Epoch [557/1000]	 Average training and validation loss: 3.5209E-04 6.2413E-04	Time: 10.53s
Epoch [558/1000]	 Average training and validation loss: 3.2269E-04 5.8687E-04	Time: 10.61s
Epoch [559/1000]	 Average training and validation loss: 3.1245E-04 5.9119E-04	Time: 10.55s
Epoch [560/1000]	 Average training and validation loss: 3.0967E-04 6.0114E-04	Time: 10.64s
Epoch [561/1000]	 Average training and validation loss: 3.0723E-04 6.0115E-04	Time: 10.50s
Epoch [562/1000]	 Average training and validation loss: 3.0747E-04 5.9451E-04	Time: 10.54s
Epoch [563/1000]	 Average training and validation loss: 3.0524E-04 5.9464E-04	Time: 10.60s
Epoch [564/1000]	 Average training and validation loss: 3.0169E-04 5.9325E-04	Time: 10.51s
Epoch [565/1000]	 Average training and validation loss: 2.9898E-04 5.9599E-04	Time: 10.63s
Epoch [566/1000]	 Average training and validation loss: 2.9976E-04 6.0057E-04	Time: 10.56s
Epoch [567/1000]	 Average training and validation loss: 3.0554E-04 5.9329E-04	Time: 10.61s
Epoch [568/1000]	 Average training and validation loss: 3.0821E-04 5.7901E-04	Time: 10.53s
Epoch [569/1000]	 Average training and validation loss: 3.0273E-04 5.8164E-04	Time: 10.49s
Epoch [570/1000]	 Average training and validation loss: 2.9822E-04 5.8633E-04	Time: 10.64s
Epoch [571/1000]	 Average training and validation loss: 2.9548E-04 5.9446E-04	Time: 10.56s
Epoch [572/1000]	 Average training and validation loss: 2.9418E-04 5.9650E-04	Time: 10.63s
Epoch [573/1000]	 Average training and validation loss: 2.9690E-04 6.0552E-04	Time: 10.53s
Epoch [574/1000]	 Average training and validation loss: 3.1058E-04 6.9046E-04	Time: 10.61s
Epoch [575/1000]	 Average training and validation loss: 3.5522E-04 7.5057E-04	Time: 10.54s
Epoch [576/1000]	 Average training and validation loss: 3.5454E-04 6.1796E-04	Time: 10.50s
Epoch [577/1000]	 Average training and validation loss: 3.4517E-04 5.8657E-04	Time: 10.60s
Epoch [578/1000]	 Average training and validation loss: 3.1521E-04 6.0049E-04	Time: 10.52s
Epoch [579/1000]	 Average training and validation loss: 3.0594E-04 5.9323E-04	Time: 10.61s
Epoch [580/1000]	 Average training and validation loss: 3.0361E-04 5.9892E-04	Time: 10.59s
Epoch [581/1000]	 Average training and validation loss: 3.1112E-04 6.1056E-04	Time: 10.52s
Epoch [582/1000]	 Average training and validation loss: 3.2567E-04 6.1013E-04	Time: 10.57s
Epoch [583/1000]	 Average training and validation loss: 3.3548E-04 6.1966E-04	Time: 10.55s
Epoch [584/1000]	 Average training and validation loss: 3.4357E-04 6.2990E-04	Time: 10.56s
Epoch [585/1000]	 Average training and validation loss: 3.4383E-04 7.3180E-04	Time: 10.55s
Epoch [586/1000]	 Average training and validation loss: 3.5513E-04 7.6866E-04	Time: 10.50s
Epoch [587/1000]	 Average training and validation loss: 3.7102E-04 5.9725E-04	Time: 10.63s
Epoch [588/1000]	 Average training and validation loss: 3.5223E-04 6.4007E-04	Time: 10.49s
Epoch [589/1000]	 Average training and validation loss: 3.3793E-04 6.7067E-04	Time: 10.62s
Epoch [590/1000]	 Average training and validation loss: 3.4027E-04 7.1516E-04	Time: 10.51s
Epoch [591/1000]	 Average training and validation loss: 3.5253E-04 7.2672E-04	Time: 10.51s
Epoch [592/1000]	 Average training and validation loss: 3.5704E-04 6.3386E-04	Time: 10.63s
Epoch [593/1000]	 Average training and validation loss: 3.6013E-04 6.0060E-04	Time: 10.51s
Epoch [594/1000]	 Average training and validation loss: 3.6188E-04 5.9811E-04	Time: 10.59s
Epoch [595/1000]	 Average training and validation loss: 3.5804E-04 6.3508E-04	Time: 10.51s
Epoch [596/1000]	 Average training and validation loss: 3.4752E-04 6.8040E-04	Time: 10.56s
Epoch [597/1000]	 Average training and validation loss: 3.2729E-04 6.4970E-04	Time: 10.63s
Epoch [598/1000]	 Average training and validation loss: 3.0720E-04 5.9617E-04	Time: 10.53s
Epoch [599/1000]	 Average training and validation loss: 2.9493E-04 5.8843E-04	Time: 10.63s
Epoch [600/1000]	 Average training and validation loss: 2.9060E-04 5.9234E-04	Time: 10.54s
Epoch [601/1000]	 Average training and validation loss: 2.9143E-04 5.9233E-04	Time: 10.49s
Epoch [602/1000]	 Average training and validation loss: 2.9717E-04 6.0085E-04	Time: 10.61s
Epoch [603/1000]	 Average training and validation loss: 2.9672E-04 5.9980E-04	Time: 10.51s
Epoch [604/1000]	 Average training and validation loss: 2.9235E-04 5.9327E-04	Time: 10.53s
Epoch [605/1000]	 Average training and validation loss: 2.9106E-04 5.9060E-04	Time: 10.55s
Epoch [606/1000]	 Average training and validation loss: 2.9322E-04 5.8912E-04	Time: 10.62s
Epoch [607/1000]	 Average training and validation loss: 2.9812E-04 6.0962E-04	Time: 10.51s
Epoch [608/1000]	 Average training and validation loss: 2.9720E-04 5.9676E-04	Time: 10.54s
Epoch [609/1000]	 Average training and validation loss: 2.9478E-04 5.9432E-04	Time: 10.51s
Epoch [610/1000]	 Average training and validation loss: 2.9293E-04 5.9311E-04	Time: 10.62s
Epoch [611/1000]	 Average training and validation loss: 2.9569E-04 6.1992E-04	Time: 10.58s
Epoch [612/1000]	 Average training and validation loss: 3.0608E-04 7.1197E-04	Time: 10.52s
Epoch [613/1000]	 Average training and validation loss: 3.2016E-04 5.9035E-04	Time: 10.50s
Epoch [614/1000]	 Average training and validation loss: 3.4542E-04 6.5918E-04	Time: 10.50s
Epoch [615/1000]	 Average training and validation loss: 3.3280E-04 6.1248E-04	Time: 10.59s
Epoch [616/1000]	 Average training and validation loss: 3.0848E-04 6.1235E-04	Time: 10.51s
Epoch [617/1000]	 Average training and validation loss: 3.0581E-04 6.4374E-04	Time: 10.62s
Epoch [618/1000]	 Average training and validation loss: 3.0558E-04 6.2624E-04	Time: 10.50s
Epoch [619/1000]	 Average training and validation loss: 3.0766E-04 6.2806E-04	Time: 10.53s
Epoch [620/1000]	 Average training and validation loss: 3.2017E-04 6.7670E-04	Time: 10.62s
Epoch [621/1000]	 Average training and validation loss: 3.3710E-04 6.1354E-04	Time: 10.52s
Epoch [622/1000]	 Average training and validation loss: 3.3646E-04 7.5473E-04	Time: 10.61s
Epoch [623/1000]	 Average training and validation loss: 3.3985E-04 7.1417E-04	Time: 10.52s
Epoch [624/1000]	 Average training and validation loss: 3.3880E-04 7.6586E-04	Time: 10.51s
Epoch [625/1000]	 Average training and validation loss: 3.4048E-04 7.1443E-04	Time: 10.58s
Epoch [626/1000]	 Average training and validation loss: 3.4740E-04 6.2923E-04	Time: 10.59s
Epoch [627/1000]	 Average training and validation loss: 3.5729E-04 7.1097E-04	Time: 10.51s
Epoch [628/1000]	 Average training and validation loss: 3.4669E-04 6.7432E-04	Time: 10.51s
Epoch [629/1000]	 Average training and validation loss: 3.1282E-04 6.4147E-04	Time: 10.54s
Epoch [630/1000]	 Average training and validation loss: 2.9601E-04 6.4500E-04	Time: 10.59s
Epoch [631/1000]	 Average training and validation loss: 2.9458E-04 6.2088E-04	Time: 10.56s
Epoch [632/1000]	 Average training and validation loss: 2.9337E-04 6.2445E-04	Time: 10.59s
Epoch [633/1000]	 Average training and validation loss: 2.9142E-04 6.3133E-04	Time: 10.55s
Epoch [634/1000]	 Average training and validation loss: 2.9371E-04 6.3844E-04	Time: 10.54s
Epoch [635/1000]	 Average training and validation loss: 3.0034E-04 6.3730E-04	Time: 10.55s
Epoch [636/1000]	 Average training and validation loss: 3.0845E-04 6.3675E-04	Time: 10.54s
Epoch [637/1000]	 Average training and validation loss: 3.1354E-04 6.4633E-04	Time: 10.59s
Epoch [638/1000]	 Average training and validation loss: 3.1807E-04 6.4430E-04	Time: 10.53s
Epoch [639/1000]	 Average training and validation loss: 3.1667E-04 6.4879E-04	Time: 10.53s
Epoch [640/1000]	 Average training and validation loss: 3.2153E-04 6.4418E-04	Time: 10.63s
Epoch [641/1000]	 Average training and validation loss: 3.4437E-04 6.3094E-04	Time: 10.51s
Epoch [642/1000]	 Average training and validation loss: 3.6439E-04 6.6799E-04	Time: 10.61s
Epoch [643/1000]	 Average training and validation loss: 3.4869E-04 6.7913E-04	Time: 10.54s
Epoch [644/1000]	 Average training and validation loss: 3.2013E-04 6.2873E-04	Time: 10.51s
Epoch [645/1000]	 Average training and validation loss: 3.0210E-04 6.3911E-04	Time: 10.60s
Epoch [646/1000]	 Average training and validation loss: 3.0482E-04 6.6530E-04	Time: 10.51s
Epoch [647/1000]	 Average training and validation loss: 3.1216E-04 6.7329E-04	Time: 10.57s
Epoch [648/1000]	 Average training and validation loss: 3.1228E-04 6.3355E-04	Time: 10.53s
Epoch [649/1000]	 Average training and validation loss: 3.1074E-04 6.1942E-04	Time: 10.54s
Epoch [650/1000]	 Average training and validation loss: 3.0480E-04 6.2047E-04	Time: 10.59s
Epoch [651/1000]	 Average training and validation loss: 3.0238E-04 6.2862E-04	Time: 10.53s
Epoch [652/1000]	 Average training and validation loss: 2.9718E-04 6.2490E-04	Time: 10.55s
Epoch [653/1000]	 Average training and validation loss: 2.9394E-04 6.1881E-04	Time: 10.51s
Epoch [654/1000]	 Average training and validation loss: 2.9196E-04 6.1963E-04	Time: 10.51s
Epoch [655/1000]	 Average training and validation loss: 3.1486E-04 6.5083E-04	Time: 10.55s
Epoch [656/1000]	 Average training and validation loss: 3.2936E-04 6.4173E-04	Time: 10.50s
Epoch [657/1000]	 Average training and validation loss: 3.0880E-04 6.0914E-04	Time: 10.62s
Epoch [658/1000]	 Average training and validation loss: 3.1401E-04 7.9244E-04	Time: 10.49s
Epoch [659/1000]	 Average training and validation loss: 3.3345E-04 6.6338E-04	Time: 10.51s
Epoch [660/1000]	 Average training and validation loss: 3.3865E-04 6.2886E-04	Time: 10.60s
Epoch [661/1000]	 Average training and validation loss: 3.2948E-04 7.2505E-04	Time: 10.47s
Epoch [662/1000]	 Average training and validation loss: 3.4094E-04 7.5401E-04	Time: 10.57s
Epoch [663/1000]	 Average training and validation loss: 3.3736E-04 7.1604E-04	Time: 10.52s
Epoch [664/1000]	 Average training and validation loss: 3.3356E-04 6.5225E-04	Time: 10.51s
Epoch [665/1000]	 Average training and validation loss: 3.2831E-04 6.5666E-04	Time: 10.63s
Epoch [666/1000]	 Average training and validation loss: 3.3659E-04 6.4527E-04	Time: 10.49s
Epoch [667/1000]	 Average training and validation loss: 3.5006E-04 6.3118E-04	Time: 10.59s
Epoch [668/1000]	 Average training and validation loss: 3.4600E-04 6.3262E-04	Time: 10.48s
Epoch [669/1000]	 Average training and validation loss: 3.3575E-04 7.4326E-04	Time: 10.52s
Epoch [670/1000]	 Average training and validation loss: 3.2022E-04 7.0031E-04	Time: 10.57s
Epoch [671/1000]	 Average training and validation loss: 3.1003E-04 6.7830E-04	Time: 10.52s
Epoch [672/1000]	 Average training and validation loss: 3.0844E-04 6.9201E-04	Time: 10.62s
Epoch [673/1000]	 Average training and validation loss: 3.1209E-04 6.5943E-04	Time: 10.52s
Epoch [674/1000]	 Average training and validation loss: 3.1542E-04 6.5160E-04	Time: 10.54s
Epoch [675/1000]	 Average training and validation loss: 3.7822E-04 6.9727E-04	Time: 10.59s
Epoch [676/1000]	 Average training and validation loss: 3.7469E-04 7.2191E-04	Time: 10.51s
Epoch [677/1000]	 Average training and validation loss: 3.4301E-04 6.4516E-04	Time: 10.61s
Epoch [678/1000]	 Average training and validation loss: 3.4054E-04 6.8153E-04	Time: 10.51s
Epoch [679/1000]	 Average training and validation loss: 3.2440E-04 7.0410E-04	Time: 10.48s
Epoch [680/1000]	 Average training and validation loss: 3.1234E-04 7.2660E-04	Time: 10.61s
Epoch [681/1000]	 Average training and validation loss: 3.1980E-04 7.2808E-04	Time: 10.51s
Epoch [682/1000]	 Average training and validation loss: 3.2968E-04 7.3979E-04	Time: 10.62s
Epoch [683/1000]	 Average training and validation loss: 3.3148E-04 7.6563E-04	Time: 10.52s
Epoch [684/1000]	 Average training and validation loss: 3.2709E-04 7.7371E-04	Time: 10.51s
Epoch [685/1000]	 Average training and validation loss: 3.3069E-04 7.0821E-04	Time: 10.59s
Epoch [686/1000]	 Average training and validation loss: 3.4582E-04 6.2954E-04	Time: 10.52s
Epoch [687/1000]	 Average training and validation loss: 3.5109E-04 7.5260E-04	Time: 10.58s
Epoch [688/1000]	 Average training and validation loss: 3.6409E-04 6.5279E-04	Time: 10.52s
Epoch [689/1000]	 Average training and validation loss: 3.4008E-04 6.3500E-04	Time: 10.51s
Epoch [690/1000]	 Average training and validation loss: 3.1007E-04 6.4612E-04	Time: 10.61s
Epoch [691/1000]	 Average training and validation loss: 3.1113E-04 6.7863E-04	Time: 10.56s
Epoch [692/1000]	 Average training and validation loss: 3.2211E-04 6.6790E-04	Time: 10.61s
Epoch [693/1000]	 Average training and validation loss: 3.1889E-04 6.4265E-04	Time: 10.51s
Epoch [694/1000]	 Average training and validation loss: 3.1367E-04 6.4002E-04	Time: 10.53s
Epoch [695/1000]	 Average training and validation loss: 3.0528E-04 6.4639E-04	Time: 10.58s
Epoch [696/1000]	 Average training and validation loss: 3.0494E-04 6.4587E-04	Time: 10.52s
Epoch [697/1000]	 Average training and validation loss: 3.0677E-04 6.3434E-04	Time: 10.61s
Epoch [698/1000]	 Average training and validation loss: 3.1190E-04 6.5682E-04	Time: 10.52s
Epoch [699/1000]	 Average training and validation loss: 3.1794E-04 6.8773E-04	Time: 10.51s
Epoch [700/1000]	 Average training and validation loss: 3.1896E-04 7.7488E-04	Time: 10.61s
Epoch [701/1000]	 Average training and validation loss: 3.2524E-04 7.6615E-04	Time: 10.51s
Epoch [702/1000]	 Average training and validation loss: 3.2862E-04 7.7491E-04	Time: 10.61s
Epoch [703/1000]	 Average training and validation loss: 3.4159E-04 8.1354E-04	Time: 10.54s
Epoch [704/1000]	 Average training and validation loss: 3.6229E-04 7.0054E-04	Time: 10.53s
Epoch [705/1000]	 Average training and validation loss: 3.8952E-04 6.4495E-04	Time: 10.62s
Epoch [706/1000]	 Average training and validation loss: 3.8472E-04 7.4214E-04	Time: 10.53s
Epoch [707/1000]	 Average training and validation loss: 3.2989E-04 6.7763E-04	Time: 10.57s
Epoch [708/1000]	 Average training and validation loss: 2.8864E-04 6.3944E-04	Time: 10.54s
Epoch [709/1000]	 Average training and validation loss: 2.7733E-04 6.4519E-04	Time: 10.59s
Epoch [710/1000]	 Average training and validation loss: 2.7625E-04 6.5769E-04	Time: 10.54s
Epoch [711/1000]	 Average training and validation loss: 2.7781E-04 6.6867E-04	Time: 10.54s
Epoch [712/1000]	 Average training and validation loss: 2.8144E-04 6.7553E-04	Time: 10.61s
Epoch [713/1000]	 Average training and validation loss: 2.8688E-04 6.7320E-04	Time: 10.55s
Epoch [714/1000]	 Average training and validation loss: 2.8937E-04 6.6718E-04	Time: 10.63s
Epoch [715/1000]	 Average training and validation loss: 2.8735E-04 6.4412E-04	Time: 10.51s
Epoch [716/1000]	 Average training and validation loss: 2.9378E-04 6.3769E-04	Time: 10.56s
Epoch [717/1000]	 Average training and validation loss: 2.8608E-04 6.4611E-04	Time: 10.58s
Epoch [718/1000]	 Average training and validation loss: 2.8802E-04 6.4733E-04	Time: 10.52s
Epoch [719/1000]	 Average training and validation loss: 2.9582E-04 6.4118E-04	Time: 10.63s
Epoch [720/1000]	 Average training and validation loss: 3.0220E-04 6.3500E-04	Time: 10.53s
Epoch [721/1000]	 Average training and validation loss: 3.0104E-04 6.2004E-04	Time: 10.53s
Epoch [722/1000]	 Average training and validation loss: 2.9523E-04 6.1849E-04	Time: 10.61s
Epoch [723/1000]	 Average training and validation loss: 2.9161E-04 6.2425E-04	Time: 10.61s
Epoch [724/1000]	 Average training and validation loss: 2.9460E-04 6.2965E-04	Time: 10.49s
Epoch [725/1000]	 Average training and validation loss: 3.0997E-04 6.2883E-04	Time: 10.55s
Epoch [726/1000]	 Average training and validation loss: 3.3623E-04 7.7159E-04	Time: 10.56s
Epoch [727/1000]	 Average training and validation loss: 3.4706E-04 6.0128E-04	Time: 10.60s
Epoch [728/1000]	 Average training and validation loss: 3.9355E-04 7.4366E-04	Time: 10.52s
Epoch [729/1000]	 Average training and validation loss: 3.8444E-04 6.6595E-04	Time: 10.65s
Epoch [730/1000]	 Average training and validation loss: 3.2167E-04 6.7385E-04	Time: 10.58s
Epoch [731/1000]	 Average training and validation loss: 3.2282E-04 6.6959E-04	Time: 10.62s
Epoch [732/1000]	 Average training and validation loss: 3.2427E-04 6.7676E-04	Time: 10.70s
Epoch [733/1000]	 Average training and validation loss: 3.1884E-04 6.6926E-04	Time: 10.62s
Epoch [734/1000]	 Average training and validation loss: 3.2393E-04 7.0234E-04	Time: 10.52s
Epoch [735/1000]	 Average training and validation loss: 3.4234E-04 8.2754E-04	Time: 10.45s
Epoch [736/1000]	 Average training and validation loss: 3.6062E-04 6.7779E-04	Time: 10.44s
Epoch [737/1000]	 Average training and validation loss: 3.6983E-04 8.1472E-04	Time: 10.55s
Epoch [738/1000]	 Average training and validation loss: 3.3282E-04 6.5601E-04	Time: 10.60s
Epoch [739/1000]	 Average training and validation loss: 2.9582E-04 6.4897E-04	Time: 10.62s
Epoch [740/1000]	 Average training and validation loss: 2.8930E-04 6.4786E-04	Time: 10.49s
Epoch [741/1000]	 Average training and validation loss: 2.9424E-04 6.4405E-04	Time: 10.48s
Epoch [742/1000]	 Average training and validation loss: 2.9762E-04 6.3732E-04	Time: 10.57s
Epoch [743/1000]	 Average training and validation loss: 3.0638E-04 6.3422E-04	Time: 10.49s
Epoch [744/1000]	 Average training and validation loss: 3.0586E-04 6.2324E-04	Time: 10.56s
Epoch [745/1000]	 Average training and validation loss: 2.9961E-04 6.2625E-04	Time: 10.49s
Epoch [746/1000]	 Average training and validation loss: 2.9685E-04 6.3902E-04	Time: 10.46s
Epoch [747/1000]	 Average training and validation loss: 2.9453E-04 6.5925E-04	Time: 10.57s
Epoch [748/1000]	 Average training and validation loss: 3.0200E-04 6.6594E-04	Time: 10.53s
Epoch [749/1000]	 Average training and validation loss: 3.0624E-04 6.4408E-04	Time: 10.60s
Epoch [750/1000]	 Average training and validation loss: 2.9723E-04 6.2360E-04	Time: 10.54s
Epoch [751/1000]	 Average training and validation loss: 3.0298E-04 6.2256E-04	Time: 10.53s
Epoch [752/1000]	 Average training and validation loss: 3.2197E-04 7.1551E-04	Time: 10.61s
Epoch [753/1000]	 Average training and validation loss: 3.3567E-04 6.6347E-04	Time: 10.50s
Epoch [754/1000]	 Average training and validation loss: 3.3010E-04 6.7872E-04	Time: 10.63s
Epoch [755/1000]	 Average training and validation loss: 3.3765E-04 6.4583E-04	Time: 10.56s
Epoch [756/1000]	 Average training and validation loss: 3.2875E-04 6.3984E-04	Time: 10.52s
Epoch [757/1000]	 Average training and validation loss: 3.2598E-04 6.4482E-04	Time: 10.58s
Epoch [758/1000]	 Average training and validation loss: 3.3129E-04 7.0102E-04	Time: 10.56s
Epoch [759/1000]	 Average training and validation loss: 3.3328E-04 8.3662E-04	Time: 10.60s
Epoch [760/1000]	 Average training and validation loss: 3.2873E-04 6.6524E-04	Time: 10.51s
Epoch [761/1000]	 Average training and validation loss: 3.2655E-04 6.4822E-04	Time: 10.51s
Epoch [762/1000]	 Average training and validation loss: 3.4588E-04 6.7358E-04	Time: 10.64s
Epoch [763/1000]	 Average training and validation loss: 3.3678E-04 6.8782E-04	Time: 10.53s
Epoch [764/1000]	 Average training and validation loss: 3.2305E-04 6.5653E-04	Time: 10.62s
Epoch [765/1000]	 Average training and validation loss: 3.2342E-04 6.5731E-04	Time: 10.57s
Epoch [766/1000]	 Average training and validation loss: 3.3298E-04 7.1249E-04	Time: 10.52s
Epoch [767/1000]	 Average training and validation loss: 3.6262E-04 6.8678E-04	Time: 10.63s
Epoch [768/1000]	 Average training and validation loss: 3.2456E-04 6.3976E-04	Time: 10.54s
Epoch [769/1000]	 Average training and validation loss: 3.2562E-04 6.2553E-04	Time: 10.63s
Epoch [770/1000]	 Average training and validation loss: 3.3749E-04 6.3930E-04	Time: 10.51s
Epoch [771/1000]	 Average training and validation loss: 3.3219E-04 6.5395E-04	Time: 10.53s
Epoch [772/1000]	 Average training and validation loss: 3.3417E-04 7.2639E-04	Time: 10.61s
Epoch [773/1000]	 Average training and validation loss: 3.5232E-04 6.2683E-04	Time: 10.53s
Epoch [774/1000]	 Average training and validation loss: 3.6160E-04 6.4686E-04	Time: 10.63s
Epoch [775/1000]	 Average training and validation loss: 3.2720E-04 6.8197E-04	Time: 10.54s
Epoch [776/1000]	 Average training and validation loss: 2.9726E-04 6.5265E-04	Time: 10.54s
Epoch [777/1000]	 Average training and validation loss: 2.9122E-04 6.2430E-04	Time: 10.59s
Epoch [778/1000]	 Average training and validation loss: 2.8820E-04 6.2205E-04	Time: 10.54s
Epoch [779/1000]	 Average training and validation loss: 2.8332E-04 6.2056E-04	Time: 10.62s
Epoch [780/1000]	 Average training and validation loss: 2.7719E-04 6.1883E-04	Time: 10.56s
Epoch [781/1000]	 Average training and validation loss: 2.7433E-04 6.1270E-04	Time: 10.53s
Epoch [782/1000]	 Average training and validation loss: 2.7661E-04 6.0765E-04	Time: 10.55s
Epoch [783/1000]	 Average training and validation loss: 2.7719E-04 6.1324E-04	Time: 10.50s
Epoch [784/1000]	 Average training and validation loss: 2.7425E-04 6.2330E-04	Time: 10.54s
Epoch [785/1000]	 Average training and validation loss: 2.7141E-04 6.2502E-04	Time: 10.63s
Epoch [786/1000]	 Average training and validation loss: 2.7135E-04 6.2333E-04	Time: 10.51s
Epoch [787/1000]	 Average training and validation loss: 2.7080E-04 6.2103E-04	Time: 10.61s
Epoch [788/1000]	 Average training and validation loss: 2.7083E-04 6.1865E-04	Time: 10.49s
Epoch [789/1000]	 Average training and validation loss: 2.6944E-04 6.1975E-04	Time: 10.54s
Epoch [790/1000]	 Average training and validation loss: 2.6917E-04 6.2550E-04	Time: 10.77s
Epoch [791/1000]	 Average training and validation loss: 2.7021E-04 6.3979E-04	Time: 10.70s
Epoch [792/1000]	 Average training and validation loss: 2.7750E-04 6.3788E-04	Time: 10.78s
Epoch [793/1000]	 Average training and validation loss: 2.7480E-04 6.3013E-04	Time: 10.65s
Epoch [794/1000]	 Average training and validation loss: 2.8911E-04 6.6025E-04	Time: 10.64s
Epoch [795/1000]	 Average training and validation loss: 3.0827E-04 6.3542E-04	Time: 10.74s
Epoch [796/1000]	 Average training and validation loss: 3.0947E-04 6.4513E-04	Time: 10.65s
Epoch [797/1000]	 Average training and validation loss: 3.2558E-04 6.2965E-04	Time: 10.69s
Epoch [798/1000]	 Average training and validation loss: 3.3853E-04 7.9033E-04	Time: 10.54s
Epoch [799/1000]	 Average training and validation loss: 3.6448E-04 6.6266E-04	Time: 10.54s
Epoch [800/1000]	 Average training and validation loss: 8.9502E-04 1.1730E-03	Time: 10.57s
Epoch [801/1000]	 Average training and validation loss: 9.7506E-04 1.1941E-03	Time: 10.55s
Epoch [802/1000]	 Average training and validation loss: 9.3915E-04 1.3863E-03	Time: 10.62s
Epoch [803/1000]	 Average training and validation loss: 1.0830E-03 1.4076E-03	Time: 10.53s
Epoch [804/1000]	 Average training and validation loss: 1.0246E-03 1.4204E-03	Time: 10.49s
Epoch [805/1000]	 Average training and validation loss: 1.0481E-03 1.2602E-03	Time: 10.63s
Epoch [806/1000]	 Average training and validation loss: 9.0978E-04 1.2962E-03	Time: 10.52s
Epoch [807/1000]	 Average training and validation loss: 8.8524E-04 1.2170E-03	Time: 10.64s
Epoch [808/1000]	 Average training and validation loss: 8.6852E-04 1.2607E-03	Time: 10.51s
Epoch [809/1000]	 Average training and validation loss: 8.6599E-04 1.3586E-03	Time: 10.49s
Epoch [810/1000]	 Average training and validation loss: 8.7049E-04 1.2425E-03	Time: 10.61s
Epoch [811/1000]	 Average training and validation loss: 8.2511E-04 1.2164E-03	Time: 10.51s
Epoch [812/1000]	 Average training and validation loss: 8.3187E-04 1.1934E-03	Time: 10.59s
Epoch [813/1000]	 Average training and validation loss: 8.2614E-04 1.4154E-03	Time: 10.53s
Epoch [814/1000]	 Average training and validation loss: 9.3882E-04 1.3848E-03	Time: 10.54s
Epoch [815/1000]	 Average training and validation loss: 9.0451E-04 1.3795E-03	Time: 10.58s
Epoch [816/1000]	 Average training and validation loss: 8.8288E-04 1.3826E-03	Time: 10.55s
Epoch [817/1000]	 Average training and validation loss: 9.4387E-04 1.4869E-03	Time: 10.58s
Epoch [818/1000]	 Average training and validation loss: 9.5868E-04 1.4320E-03	Time: 10.52s
Epoch [819/1000]	 Average training and validation loss: 8.5615E-04 1.3858E-03	Time: 10.56s
Epoch [820/1000]	 Average training and validation loss: 8.2545E-04 1.3744E-03	Time: 10.61s
Epoch [821/1000]	 Average training and validation loss: 8.9661E-04 1.4414E-03	Time: 10.51s
Epoch [822/1000]	 Average training and validation loss: 9.2981E-04 1.4626E-03	Time: 10.64s
Epoch [823/1000]	 Average training and validation loss: 9.3831E-04 1.4380E-03	Time: 10.61s
Epoch [824/1000]	 Average training and validation loss: 9.9237E-04 1.6484E-03	Time: 10.72s
Epoch [825/1000]	 Average training and validation loss: 9.9526E-04 1.7379E-03	Time: 10.65s
Epoch [826/1000]	 Average training and validation loss: 9.9575E-04 1.7968E-03	Time: 10.52s
Epoch [827/1000]	 Average training and validation loss: 1.0130E-03 1.6034E-03	Time: 10.64s
Epoch [828/1000]	 Average training and validation loss: 9.9563E-04 1.7737E-03	Time: 10.52s
Epoch [829/1000]	 Average training and validation loss: 1.1037E-03 1.8746E-03	Time: 10.53s
Epoch [830/1000]	 Average training and validation loss: 1.1104E-03 1.8805E-03	Time: 10.61s
Epoch [831/1000]	 Average training and validation loss: 1.1623E-03 1.9844E-03	Time: 10.55s
Epoch [832/1000]	 Average training and validation loss: 1.2081E-03 1.9695E-03	Time: 10.59s
Epoch [833/1000]	 Average training and validation loss: 1.2537E-03 1.9191E-03	Time: 10.52s
Epoch [834/1000]	 Average training and validation loss: 1.2649E-03 2.0185E-03	Time: 10.54s
Epoch [835/1000]	 Average training and validation loss: 1.2170E-03 1.9944E-03	Time: 10.61s
Epoch [836/1000]	 Average training and validation loss: 1.1584E-03 1.9130E-03	Time: 10.50s
Epoch [837/1000]	 Average training and validation loss: 1.1530E-03 1.9654E-03	Time: 10.64s
Epoch [838/1000]	 Average training and validation loss: 1.1539E-03 1.9444E-03	Time: 10.47s
Epoch [839/1000]	 Average training and validation loss: 1.1375E-03 2.1376E-03	Time: 10.52s
Epoch [840/1000]	 Average training and validation loss: 1.1228E-03 1.8508E-03	Time: 10.60s
Epoch [841/1000]	 Average training and validation loss: 1.1254E-03 1.9128E-03	Time: 10.53s
Epoch [842/1000]	 Average training and validation loss: 1.0947E-03 1.8925E-03	Time: 10.57s
Epoch [843/1000]	 Average training and validation loss: 1.0669E-03 1.9422E-03	Time: 10.48s
Epoch [844/1000]	 Average training and validation loss: 1.0604E-03 1.8746E-03	Time: 10.50s
Epoch [845/1000]	 Average training and validation loss: 1.0762E-03 1.8538E-03	Time: 10.60s
Epoch [846/1000]	 Average training and validation loss: 1.0733E-03 1.9566E-03	Time: 10.50s
Epoch [847/1000]	 Average training and validation loss: 1.0688E-03 1.9513E-03	Time: 10.62s
Epoch [848/1000]	 Average training and validation loss: 1.0863E-03 1.8927E-03	Time: 10.50s
Epoch [849/1000]	 Average training and validation loss: 1.0843E-03 1.8807E-03	Time: 10.48s
Epoch [850/1000]	 Average training and validation loss: 1.0872E-03 1.9125E-03	Time: 10.55s
Epoch [851/1000]	 Average training and validation loss: 1.0611E-03 1.8954E-03	Time: 10.53s
Epoch [852/1000]	 Average training and validation loss: 1.0439E-03 2.1239E-03	Time: 10.59s
Epoch [853/1000]	 Average training and validation loss: 1.0598E-03 2.0170E-03	Time: 10.52s
Epoch [854/1000]	 Average training and validation loss: 1.0522E-03 1.8880E-03	Time: 10.55s
Epoch [855/1000]	 Average training and validation loss: 1.0397E-03 1.8714E-03	Time: 10.63s
Epoch [856/1000]	 Average training and validation loss: 1.0471E-03 1.9919E-03	Time: 10.53s
Epoch [857/1000]	 Average training and validation loss: 1.0417E-03 1.9411E-03	Time: 10.60s
Epoch [858/1000]	 Average training and validation loss: 1.0002E-03 1.9034E-03	Time: 10.53s
Epoch [859/1000]	 Average training and validation loss: 9.5223E-04 2.0138E-03	Time: 10.51s
Epoch [860/1000]	 Average training and validation loss: 9.5435E-04 1.9198E-03	Time: 10.60s
Epoch [861/1000]	 Average training and validation loss: 9.7827E-04 2.0636E-03	Time: 10.51s
Epoch [862/1000]	 Average training and validation loss: 9.9347E-04 1.9086E-03	Time: 10.62s
Epoch [863/1000]	 Average training and validation loss: 9.6128E-04 1.9273E-03	Time: 10.50s
Epoch [864/1000]	 Average training and validation loss: 9.3123E-04 1.9596E-03	Time: 10.53s
Epoch [865/1000]	 Average training and validation loss: 9.1636E-04 1.9202E-03	Time: 10.63s
Epoch [866/1000]	 Average training and validation loss: 9.0562E-04 2.0542E-03	Time: 10.50s
Epoch [867/1000]	 Average training and validation loss: 9.1948E-04 1.9659E-03	Time: 10.61s
Epoch [868/1000]	 Average training and validation loss: 9.1865E-04 2.1075E-03	Time: 10.55s
Epoch [869/1000]	 Average training and validation loss: 9.2303E-04 1.9422E-03	Time: 10.55s
Epoch [870/1000]	 Average training and validation loss: 9.2042E-04 1.9063E-03	Time: 10.62s
Epoch [871/1000]	 Average training and validation loss: 9.0402E-04 1.9197E-03	Time: 10.51s
Epoch [872/1000]	 Average training and validation loss: 8.8504E-04 2.0192E-03	Time: 10.57s
Epoch [873/1000]	 Average training and validation loss: 8.7745E-04 1.9104E-03	Time: 10.54s
Epoch [874/1000]	 Average training and validation loss: 8.7897E-04 1.9327E-03	Time: 10.50s
Epoch [875/1000]	 Average training and validation loss: 8.7523E-04 2.1044E-03	Time: 10.61s
Epoch [876/1000]	 Average training and validation loss: 8.9404E-04 1.8965E-03	Time: 10.55s
Epoch [877/1000]	 Average training and validation loss: 8.9212E-04 1.8951E-03	Time: 10.58s
Epoch [878/1000]	 Average training and validation loss: 8.7377E-04 1.9129E-03	Time: 10.51s
Epoch [879/1000]	 Average training and validation loss: 8.5456E-04 1.9855E-03	Time: 10.53s
Epoch [880/1000]	 Average training and validation loss: 8.4302E-04 1.8802E-03	Time: 10.52s
Epoch [881/1000]	 Average training and validation loss: 8.4257E-04 1.9925E-03	Time: 10.64s
Epoch [882/1000]	 Average training and validation loss: 8.5167E-04 1.8442E-03	Time: 10.66s
Epoch [883/1000]	 Average training and validation loss: 8.5929E-04 1.8754E-03	Time: 10.51s
Epoch [884/1000]	 Average training and validation loss: 8.5652E-04 1.8803E-03	Time: 10.55s
Epoch [885/1000]	 Average training and validation loss: 8.3178E-04 1.9212E-03	Time: 10.55s
Epoch [886/1000]	 Average training and validation loss: 8.3632E-04 1.9172E-03	Time: 10.60s
Epoch [887/1000]	 Average training and validation loss: 8.3128E-04 1.9448E-03	Time: 10.61s
Epoch [888/1000]	 Average training and validation loss: 8.3335E-04 1.9515E-03	Time: 10.54s
Epoch [889/1000]	 Average training and validation loss: 8.4684E-04 1.9568E-03	Time: 10.52s
Epoch [890/1000]	 Average training and validation loss: 8.4655E-04 1.9021E-03	Time: 10.59s
Epoch [891/1000]	 Average training and validation loss: 8.2769E-04 1.9752E-03	Time: 10.51s
Epoch [892/1000]	 Average training and validation loss: 8.3434E-04 1.9166E-03	Time: 10.59s
Epoch [893/1000]	 Average training and validation loss: 8.1457E-04 1.9117E-03	Time: 10.53s
Epoch [894/1000]	 Average training and validation loss: 7.9297E-04 2.0990E-03	Time: 10.52s
Epoch [895/1000]	 Average training and validation loss: 7.8995E-04 1.8612E-03	Time: 10.52s
Epoch [896/1000]	 Average training and validation loss: 7.8530E-04 1.9615E-03	Time: 10.64s
Epoch [897/1000]	 Average training and validation loss: 7.9265E-04 1.9082E-03	Time: 10.58s
Epoch [898/1000]	 Average training and validation loss: 7.9204E-04 1.9479E-03	Time: 10.52s
Epoch [899/1000]	 Average training and validation loss: 7.9498E-04 1.9383E-03	Time: 10.54s
Epoch [900/1000]	 Average training and validation loss: 8.0011E-04 2.0660E-03	Time: 10.56s
Epoch [901/1000]	 Average training and validation loss: 7.9820E-04 2.2538E-03	Time: 10.61s
Epoch [902/1000]	 Average training and validation loss: 8.2106E-04 1.9528E-03	Time: 10.63s
Epoch [903/1000]	 Average training and validation loss: 8.1086E-04 1.9826E-03	Time: 10.52s
Epoch [904/1000]	 Average training and validation loss: 8.2104E-04 2.1208E-03	Time: 10.54s
Epoch [905/1000]	 Average training and validation loss: 8.0523E-04 1.8742E-03	Time: 10.62s
Epoch [906/1000]	 Average training and validation loss: 7.6733E-04 1.8781E-03	Time: 10.54s
Epoch [907/1000]	 Average training and validation loss: 7.6316E-04 1.9625E-03	Time: 10.61s
Epoch [908/1000]	 Average training and validation loss: 7.8789E-04 2.2328E-03	Time: 10.50s
Epoch [909/1000]	 Average training and validation loss: 8.1815E-04 2.0206E-03	Time: 10.52s
Epoch [910/1000]	 Average training and validation loss: 8.1085E-04 1.8579E-03	Time: 10.53s
Epoch [911/1000]	 Average training and validation loss: 7.9084E-04 1.9038E-03	Time: 10.63s
Epoch [912/1000]	 Average training and validation loss: 7.7659E-04 1.8821E-03	Time: 10.63s
Epoch [913/1000]	 Average training and validation loss: 7.6912E-04 1.9007E-03	Time: 10.57s
Epoch [914/1000]	 Average training and validation loss: 7.6884E-04 1.8913E-03	Time: 10.51s
Epoch [915/1000]	 Average training and validation loss: 7.7791E-04 1.8844E-03	Time: 10.56s
Epoch [916/1000]	 Average training and validation loss: 7.7963E-04 1.9973E-03	Time: 10.60s
Epoch [917/1000]	 Average training and validation loss: 7.8863E-04 2.1482E-03	Time: 10.62s
Epoch [918/1000]	 Average training and validation loss: 7.8737E-04 1.9205E-03	Time: 10.50s
Epoch [919/1000]	 Average training and validation loss: 7.9242E-04 1.9413E-03	Time: 10.54s
Epoch [920/1000]	 Average training and validation loss: 7.9982E-04 2.0878E-03	Time: 10.51s
Epoch [921/1000]	 Average training and validation loss: 7.9913E-04 1.8864E-03	Time: 10.61s
Epoch [922/1000]	 Average training and validation loss: 7.7712E-04 1.8776E-03	Time: 10.60s
Epoch [923/1000]	 Average training and validation loss: 7.5145E-04 1.9112E-03	Time: 10.49s
Epoch [924/1000]	 Average training and validation loss: 7.5071E-04 2.1698E-03	Time: 10.53s
Epoch [925/1000]	 Average training and validation loss: 7.6613E-04 1.9749E-03	Time: 10.53s
Epoch [926/1000]	 Average training and validation loss: 7.8171E-04 2.0235E-03	Time: 10.59s
Epoch [927/1000]	 Average training and validation loss: 7.5714E-04 2.0011E-03	Time: 10.50s
Epoch [928/1000]	 Average training and validation loss: 7.5591E-04 1.9050E-03	Time: 10.61s
Epoch [929/1000]	 Average training and validation loss: 7.5931E-04 1.9091E-03	Time: 10.48s
Epoch [930/1000]	 Average training and validation loss: 7.6503E-04 2.0090E-03	Time: 10.54s
Epoch [931/1000]	 Average training and validation loss: 7.7881E-04 2.0958E-03	Time: 10.60s
Epoch [932/1000]	 Average training and validation loss: 7.8362E-04 2.0135E-03	Time: 10.62s
Epoch [933/1000]	 Average training and validation loss: 7.8759E-04 2.0452E-03	Time: 10.50s
Epoch [934/1000]	 Average training and validation loss: 7.9577E-04 2.1342E-03	Time: 10.52s
Epoch [935/1000]	 Average training and validation loss: 8.1250E-04 1.9798E-03	Time: 10.53s
Epoch [936/1000]	 Average training and validation loss: 7.9868E-04 1.9881E-03	Time: 10.63s
Epoch [937/1000]	 Average training and validation loss: 7.7908E-04 2.0674E-03	Time: 10.57s
Epoch [938/1000]	 Average training and validation loss: 7.7078E-04 2.2404E-03	Time: 10.56s
Epoch [939/1000]	 Average training and validation loss: 7.5909E-04 1.9814E-03	Time: 10.55s
Epoch [940/1000]	 Average training and validation loss: 7.6202E-04 1.9451E-03	Time: 10.55s
Epoch [941/1000]	 Average training and validation loss: 7.7793E-04 1.9397E-03	Time: 10.64s
Epoch [942/1000]	 Average training and validation loss: 7.7251E-04 1.9999E-03	Time: 10.54s
Epoch [943/1000]	 Average training and validation loss: 7.4196E-04 2.1996E-03	Time: 10.59s
Epoch [944/1000]	 Average training and validation loss: 7.3191E-04 1.9849E-03	Time: 10.52s
Epoch [945/1000]	 Average training and validation loss: 7.1805E-04 1.8915E-03	Time: 10.51s
Epoch [946/1000]	 Average training and validation loss: 7.0223E-04 1.9978E-03	Time: 10.59s
Epoch [947/1000]	 Average training and validation loss: 7.0422E-04 1.9685E-03	Time: 10.53s
Epoch [948/1000]	 Average training and validation loss: 7.1943E-04 1.9088E-03	Time: 10.58s
Epoch [949/1000]	 Average training and validation loss: 7.1237E-04 2.0894E-03	Time: 10.53s
Epoch [950/1000]	 Average training and validation loss: 7.1492E-04 2.0897E-03	Time: 10.53s
Epoch [951/1000]	 Average training and validation loss: 7.1882E-04 1.9434E-03	Time: 10.62s
Epoch [952/1000]	 Average training and validation loss: 7.1335E-04 1.9043E-03	Time: 10.59s
Epoch [953/1000]	 Average training and validation loss: 6.9438E-04 2.0104E-03	Time: 10.55s
Epoch [954/1000]	 Average training and validation loss: 6.8100E-04 2.0574E-03	Time: 10.51s
Epoch [955/1000]	 Average training and validation loss: 6.7860E-04 1.9808E-03	Time: 10.51s
Epoch [956/1000]	 Average training and validation loss: 6.7567E-04 1.9911E-03	Time: 10.61s
Epoch [957/1000]	 Average training and validation loss: 6.7527E-04 2.1367E-03	Time: 10.49s
Epoch [958/1000]	 Average training and validation loss: 6.8272E-04 2.1685E-03	Time: 10.61s
Epoch [959/1000]	 Average training and validation loss: 6.8759E-04 2.1560E-03	Time: 10.51s
Epoch [960/1000]	 Average training and validation loss: 6.9545E-04 2.0205E-03	Time: 10.52s
Epoch [961/1000]	 Average training and validation loss: 7.0444E-04 1.9351E-03	Time: 10.59s
Epoch [962/1000]	 Average training and validation loss: 7.2843E-04 1.9341E-03	Time: 10.51s
Epoch [963/1000]	 Average training and validation loss: 7.4188E-04 1.9335E-03	Time: 10.58s
Epoch [964/1000]	 Average training and validation loss: 7.3384E-04 2.0937E-03	Time: 10.53s
Epoch [965/1000]	 Average training and validation loss: 7.3301E-04 2.4845E-03	Time: 10.49s
Epoch [966/1000]	 Average training and validation loss: 7.5346E-04 2.0164E-03	Time: 10.58s
Epoch [967/1000]	 Average training and validation loss: 7.5796E-04 2.0589E-03	Time: 10.57s
Epoch [968/1000]	 Average training and validation loss: 7.4331E-04 2.1278E-03	Time: 10.61s
Epoch [969/1000]	 Average training and validation loss: 6.9431E-04 2.0342E-03	Time: 10.51s
Epoch [970/1000]	 Average training and validation loss: 6.7707E-04 2.1424E-03	Time: 10.50s
Epoch [971/1000]	 Average training and validation loss: 6.8987E-04 2.2380E-03	Time: 10.59s
Epoch [972/1000]	 Average training and validation loss: 6.9676E-04 2.0562E-03	Time: 10.51s
Epoch [973/1000]	 Average training and validation loss: 6.9113E-04 1.9582E-03	Time: 10.58s
Epoch [974/1000]	 Average training and validation loss: 6.8565E-04 1.9161E-03	Time: 10.51s
Epoch [975/1000]	 Average training and validation loss: 6.8545E-04 1.9017E-03	Time: 10.53s
Epoch [976/1000]	 Average training and validation loss: 6.8486E-04 1.9571E-03	Time: 10.60s
Epoch [977/1000]	 Average training and validation loss: 6.8677E-04 1.9437E-03	Time: 10.51s
Epoch [978/1000]	 Average training and validation loss: 6.8643E-04 2.0673E-03	Time: 10.58s
Epoch [979/1000]	 Average training and validation loss: 6.9954E-04 2.2645E-03	Time: 10.53s
Epoch [980/1000]	 Average training and validation loss: 7.2593E-04 2.1790E-03	Time: 10.48s
Epoch [981/1000]	 Average training and validation loss: 7.4829E-04 2.0523E-03	Time: 10.61s
Epoch [982/1000]	 Average training and validation loss: 7.4954E-04 2.1774E-03	Time: 10.50s
Epoch [983/1000]	 Average training and validation loss: 7.2291E-04 2.2239E-03	Time: 10.57s
Epoch [984/1000]	 Average training and validation loss: 7.1984E-04 1.9457E-03	Time: 10.49s
Epoch [985/1000]	 Average training and validation loss: 6.9100E-04 1.9179E-03	Time: 10.49s
Epoch [986/1000]	 Average training and validation loss: 6.6235E-04 1.9612E-03	Time: 10.57s
Epoch [987/1000]	 Average training and validation loss: 6.6051E-04 1.9633E-03	Time: 10.53s
Epoch [988/1000]	 Average training and validation loss: 6.6443E-04 1.9851E-03	Time: 10.57s
Epoch [989/1000]	 Average training and validation loss: 6.6104E-04 1.9807E-03	Time: 10.53s
Epoch [990/1000]	 Average training and validation loss: 6.5619E-04 1.9602E-03	Time: 10.51s
Epoch [991/1000]	 Average training and validation loss: 6.4263E-04 1.9789E-03	Time: 10.58s
Epoch [992/1000]	 Average training and validation loss: 6.2238E-04 1.9671E-03	Time: 10.52s
Epoch [993/1000]	 Average training and validation loss: 6.1211E-04 1.9522E-03	Time: 10.61s
Epoch [994/1000]	 Average training and validation loss: 6.0320E-04 1.9206E-03	Time: 10.51s
Epoch [995/1000]	 Average training and validation loss: 5.9775E-04 1.9079E-03	Time: 10.53s
Epoch [996/1000]	 Average training and validation loss: 6.0250E-04 1.9228E-03	Time: 10.63s
Epoch [997/1000]	 Average training and validation loss: 6.1136E-04 2.0036E-03	Time: 10.50s
Epoch [998/1000]	 Average training and validation loss: 6.3464E-04 1.9034E-03	Time: 10.63s
Epoch [999/1000]	 Average training and validation loss: 6.7598E-04 1.8967E-03	Time: 10.53s
Epoch [1000/1000]	 Average training and validation loss: 7.0177E-04 2.0572E-03	Time: 10.52s
Training Time 10620.3487
Test Loss 0.0005

Training best epoch: 790	Training minimum loss: 2.692E-04
Validate best epoch: 165	Validate minimum loss: 4.866E-04
