The path of the results is all_sites\CNN_HPO_WLA
Basic_3inp model is applied
Learning rate is 0.000010
Apply pretrain model!
=================================================================
Layer (type:depth-idx)                   Param #
=================================================================
CNN_allsites                             --
©À©¤Sequential: 1-1                        --
©¦    ©¸©¤Conv1d: 2-1                       (688)
©¦    ©¸©¤ReLU: 2-2                         --
©¦    ©¸©¤Conv1d: 2-3                       (3,616)
©¦    ©¸©¤ReLU: 2-4                         --
©¦    ©¸©¤Conv1d: 2-5                       (14,400)
©¦    ©¸©¤ReLU: 2-6                         --
©¦    ©¸©¤Flatten: 2-7                      --
©¦    ©¸©¤Linear: 2-8                       (1,442,816)
©¦    ©¸©¤ReLU: 2-9                         --
©¦    ©¸©¤Linear: 2-10                      (524,800)
©¦    ©¸©¤ReLU: 2-11                        --
©¦    ©¸©¤Linear: 2-12                      (455,031)
©¦    ©¸©¤ReLU: 2-13                        --
©À©¤Sequential: 1-2                        --
©¦    ©¸©¤Conv1d: 2-14                      (664)
©¦    ©¸©¤ReLU: 2-15                        --
©¦    ©¸©¤Conv1d: 2-16                      (5,264)
©¦    ©¸©¤ReLU: 2-17                        --
©¦    ©¸©¤Conv1d: 2-18                      (10,512)
©¦    ©¸©¤ReLU: 2-19                        --
©¦    ©¸©¤Flatten: 2-20                     --
©¦    ©¸©¤Linear: 2-21                      (1,639,424)
©¦    ©¸©¤ReLU: 2-22                        --
©¦    ©¸©¤Linear: 2-23                      (524,800)
©¦    ©¸©¤ReLU: 2-24                        --
©¦    ©¸©¤Linear: 2-25                      (455,031)
©¦    ©¸©¤ReLU: 2-26                        --
©À©¤ModuleList: 1-3                        --
©¦    ©¸©¤Sequential: 2-27                  --
©¦    ©¦    ©¸©¤Linear: 3-1                  787,656
©¦    ©¦    ©¸©¤ReLU: 3-2                    --
©¦    ©¦    ©¸©¤Linear: 3-3                  787,656
©¦    ©¦    ©¸©¤ReLU: 3-4                    --
©¦    ©¦    ©¸©¤Linear: 3-5                  787,656
©¦    ©¦    ©¸©¤ReLU: 3-6                    --
©À©¤ModuleList: 1-4                        --
©¦    ©¸©¤Sequential: 2-28                  --
©¦    ©¦    ©¸©¤Linear: 3-7                  787,656
©¦    ©¦    ©¸©¤Sigmoid: 3-8                 --
©¦    ©¦    ©¸©¤Linear: 3-9                  787,656
©¦    ©¦    ©¸©¤Sigmoid: 3-10                --
©¦    ©¦    ©¸©¤Linear: 3-11                 787,656
©¦    ©¦    ©¸©¤Sigmoid: 3-12                --
©À©¤Sequential: 1-5                        --
©¦    ©¸©¤Linear: 2-29                      113,664
©¦    ©¸©¤Linear: 2-30                      16,512
©¦    ©¸©¤Linear: 2-31                      8,514
=================================================================
Total params: 9,941,672
Trainable params: 4,864,626
Non-trainable params: 5,077,046
=================================================================
Epoch [1/500]	 Average training and validation loss: 1.1210E-03 1.4613E-03	Time: 3.08s
Epoch [2/500]	 Average training and validation loss: 1.0446E-03 1.4099E-03	Time: 0.05s
Epoch [3/500]	 Average training and validation loss: 9.8282E-04 1.3676E-03	Time: 0.05s
Epoch [4/500]	 Average training and validation loss: 9.3226E-04 1.3309E-03	Time: 0.05s
Epoch [5/500]	 Average training and validation loss: 8.9034E-04 1.2980E-03	Time: 0.05s
Epoch [6/500]	 Average training and validation loss: 8.5526E-04 1.2684E-03	Time: 0.05s
Epoch [7/500]	 Average training and validation loss: 8.2583E-04 1.2421E-03	Time: 0.05s
Epoch [8/500]	 Average training and validation loss: 8.0117E-04 1.2191E-03	Time: 0.05s
Epoch [9/500]	 Average training and validation loss: 7.8047E-04 1.1993E-03	Time: 0.05s
Epoch [10/500]	 Average training and validation loss: 7.6299E-04 1.1821E-03	Time: 0.05s
Epoch [11/500]	 Average training and validation loss: 7.4804E-04 1.1670E-03	Time: 0.05s
Epoch [12/500]	 Average training and validation loss: 7.3504E-04 1.1533E-03	Time: 0.05s
Epoch [13/500]	 Average training and validation loss: 7.2356E-04 1.1406E-03	Time: 0.05s
Epoch [14/500]	 Average training and validation loss: 7.1326E-04 1.1286E-03	Time: 0.05s
Epoch [15/500]	 Average training and validation loss: 7.0388E-04 1.1172E-03	Time: 0.05s
Epoch [16/500]	 Average training and validation loss: 6.9524E-04 1.1064E-03	Time: 0.05s
Epoch [17/500]	 Average training and validation loss: 6.8722E-04 1.0961E-03	Time: 0.05s
Epoch [18/500]	 Average training and validation loss: 6.7971E-04 1.0862E-03	Time: 0.05s
Epoch [19/500]	 Average training and validation loss: 6.7264E-04 1.0767E-03	Time: 0.05s
Epoch [20/500]	 Average training and validation loss: 6.6595E-04 1.0676E-03	Time: 0.05s
Epoch [21/500]	 Average training and validation loss: 6.5960E-04 1.0588E-03	Time: 0.05s
Epoch [22/500]	 Average training and validation loss: 6.5356E-04 1.0503E-03	Time: 0.05s
Epoch [23/500]	 Average training and validation loss: 6.4779E-04 1.0420E-03	Time: 0.04s
Epoch [24/500]	 Average training and validation loss: 6.4225E-04 1.0341E-03	Time: 0.05s
Epoch [25/500]	 Average training and validation loss: 6.3692E-04 1.0263E-03	Time: 0.05s
Epoch [26/500]	 Average training and validation loss: 6.3177E-04 1.0188E-03	Time: 0.05s
Epoch [27/500]	 Average training and validation loss: 6.2679E-04 1.0116E-03	Time: 0.05s
Epoch [28/500]	 Average training and validation loss: 6.2197E-04 1.0045E-03	Time: 0.05s
Epoch [29/500]	 Average training and validation loss: 6.1727E-04 9.9757E-04	Time: 0.05s
Epoch [30/500]	 Average training and validation loss: 6.1271E-04 9.9087E-04	Time: 0.05s
Epoch [31/500]	 Average training and validation loss: 6.0828E-04 9.8444E-04	Time: 0.05s
Epoch [32/500]	 Average training and validation loss: 6.0399E-04 9.7822E-04	Time: 0.05s
Epoch [33/500]	 Average training and validation loss: 5.9983E-04 9.7220E-04	Time: 0.05s
Epoch [34/500]	 Average training and validation loss: 5.9580E-04 9.6634E-04	Time: 0.05s
Epoch [35/500]	 Average training and validation loss: 5.9189E-04 9.6064E-04	Time: 0.05s
Epoch [36/500]	 Average training and validation loss: 5.8809E-04 9.5508E-04	Time: 0.04s
Epoch [37/500]	 Average training and validation loss: 5.8440E-04 9.4966E-04	Time: 0.04s
Epoch [38/500]	 Average training and validation loss: 5.8082E-04 9.4441E-04	Time: 0.05s
Epoch [39/500]	 Average training and validation loss: 5.7733E-04 9.3929E-04	Time: 0.05s
Epoch [40/500]	 Average training and validation loss: 5.7393E-04 9.3431E-04	Time: 0.05s
Epoch [41/500]	 Average training and validation loss: 5.7061E-04 9.2947E-04	Time: 0.04s
Epoch [42/500]	 Average training and validation loss: 5.6737E-04 9.2472E-04	Time: 0.05s
Epoch [43/500]	 Average training and validation loss: 5.6420E-04 9.2009E-04	Time: 0.05s
Epoch [44/500]	 Average training and validation loss: 5.6111E-04 9.1555E-04	Time: 0.05s
Epoch [45/500]	 Average training and validation loss: 5.5808E-04 9.1113E-04	Time: 0.05s
Epoch [46/500]	 Average training and validation loss: 5.5512E-04 9.0681E-04	Time: 0.05s
Epoch [47/500]	 Average training and validation loss: 5.5223E-04 9.0258E-04	Time: 0.05s
Epoch [48/500]	 Average training and validation loss: 5.4939E-04 8.9843E-04	Time: 0.05s
Epoch [49/500]	 Average training and validation loss: 5.4660E-04 8.9433E-04	Time: 0.05s
Epoch [50/500]	 Average training and validation loss: 5.4387E-04 8.9032E-04	Time: 0.05s
Epoch [51/500]	 Average training and validation loss: 5.4118E-04 8.8638E-04	Time: 0.05s
Epoch [52/500]	 Average training and validation loss: 5.3854E-04 8.8248E-04	Time: 0.05s
Epoch [53/500]	 Average training and validation loss: 5.3595E-04 8.7865E-04	Time: 0.04s
Epoch [54/500]	 Average training and validation loss: 5.3341E-04 8.7490E-04	Time: 0.05s
Epoch [55/500]	 Average training and validation loss: 5.3092E-04 8.7122E-04	Time: 0.05s
Epoch [56/500]	 Average training and validation loss: 5.2847E-04 8.6759E-04	Time: 0.05s
Epoch [57/500]	 Average training and validation loss: 5.2606E-04 8.6405E-04	Time: 0.05s
Epoch [58/500]	 Average training and validation loss: 5.2370E-04 8.6058E-04	Time: 0.05s
Epoch [59/500]	 Average training and validation loss: 5.2138E-04 8.5718E-04	Time: 0.05s
Epoch [60/500]	 Average training and validation loss: 5.1909E-04 8.5384E-04	Time: 0.05s
Epoch [61/500]	 Average training and validation loss: 5.1684E-04 8.5054E-04	Time: 0.05s
Epoch [62/500]	 Average training and validation loss: 5.1462E-04 8.4727E-04	Time: 0.05s
Epoch [63/500]	 Average training and validation loss: 5.1242E-04 8.4402E-04	Time: 0.05s
Epoch [64/500]	 Average training and validation loss: 5.1027E-04 8.4091E-04	Time: 0.05s
Epoch [65/500]	 Average training and validation loss: 5.0814E-04 8.3790E-04	Time: 0.05s
Epoch [66/500]	 Average training and validation loss: 5.0604E-04 8.3496E-04	Time: 0.05s
Epoch [67/500]	 Average training and validation loss: 5.0397E-04 8.3209E-04	Time: 0.05s
Epoch [68/500]	 Average training and validation loss: 5.0192E-04 8.2926E-04	Time: 0.05s
Epoch [69/500]	 Average training and validation loss: 4.9990E-04 8.2640E-04	Time: 0.05s
Epoch [70/500]	 Average training and validation loss: 4.9791E-04 8.2354E-04	Time: 0.05s
Epoch [71/500]	 Average training and validation loss: 4.9594E-04 8.2078E-04	Time: 0.05s
Epoch [72/500]	 Average training and validation loss: 4.9399E-04 8.1809E-04	Time: 0.05s
Epoch [73/500]	 Average training and validation loss: 4.9205E-04 8.1547E-04	Time: 0.04s
Epoch [74/500]	 Average training and validation loss: 4.9014E-04 8.1285E-04	Time: 0.05s
Epoch [75/500]	 Average training and validation loss: 4.8826E-04 8.1033E-04	Time: 0.05s
Epoch [76/500]	 Average training and validation loss: 4.8640E-04 8.0787E-04	Time: 0.05s
Epoch [77/500]	 Average training and validation loss: 4.8457E-04 8.0541E-04	Time: 0.04s
Epoch [78/500]	 Average training and validation loss: 4.8276E-04 8.0303E-04	Time: 0.05s
Epoch [79/500]	 Average training and validation loss: 4.8099E-04 8.0073E-04	Time: 0.05s
Epoch [80/500]	 Average training and validation loss: 4.7924E-04 7.9828E-04	Time: 0.05s
Epoch [81/500]	 Average training and validation loss: 4.7747E-04 7.9584E-04	Time: 0.05s
Epoch [82/500]	 Average training and validation loss: 4.7572E-04 7.9344E-04	Time: 0.05s
Epoch [83/500]	 Average training and validation loss: 4.7398E-04 7.9106E-04	Time: 0.05s
Epoch [84/500]	 Average training and validation loss: 4.7227E-04 7.8868E-04	Time: 0.05s
Epoch [85/500]	 Average training and validation loss: 4.7057E-04 7.8638E-04	Time: 0.05s
Epoch [86/500]	 Average training and validation loss: 4.6890E-04 7.8414E-04	Time: 0.05s
Epoch [87/500]	 Average training and validation loss: 4.6725E-04 7.8189E-04	Time: 0.05s
Epoch [88/500]	 Average training and validation loss: 4.6562E-04 7.7968E-04	Time: 0.05s
Epoch [89/500]	 Average training and validation loss: 4.6402E-04 7.7756E-04	Time: 0.05s
Epoch [90/500]	 Average training and validation loss: 4.6243E-04 7.7552E-04	Time: 0.04s
Epoch [91/500]	 Average training and validation loss: 4.6086E-04 7.7353E-04	Time: 0.05s
Epoch [92/500]	 Average training and validation loss: 4.5932E-04 7.7152E-04	Time: 0.05s
Epoch [93/500]	 Average training and validation loss: 4.5779E-04 7.6951E-04	Time: 0.05s
Epoch [94/500]	 Average training and validation loss: 4.5629E-04 7.6758E-04	Time: 0.05s
Epoch [95/500]	 Average training and validation loss: 4.5482E-04 7.6570E-04	Time: 0.05s
Epoch [96/500]	 Average training and validation loss: 4.5336E-04 7.6381E-04	Time: 0.05s
Epoch [97/500]	 Average training and validation loss: 4.5191E-04 7.6193E-04	Time: 0.04s
Epoch [98/500]	 Average training and validation loss: 4.5046E-04 7.6010E-04	Time: 0.05s
Epoch [99/500]	 Average training and validation loss: 4.4903E-04 7.5830E-04	Time: 0.05s
Epoch [100/500]	 Average training and validation loss: 4.4763E-04 7.5649E-04	Time: 0.05s
Epoch [101/500]	 Average training and validation loss: 4.4623E-04 7.5473E-04	Time: 0.05s
Epoch [102/500]	 Average training and validation loss: 4.4486E-04 7.5297E-04	Time: 0.05s
Epoch [103/500]	 Average training and validation loss: 4.4351E-04 7.5125E-04	Time: 0.04s
Epoch [104/500]	 Average training and validation loss: 4.4217E-04 7.4959E-04	Time: 0.05s
Epoch [105/500]	 Average training and validation loss: 4.4084E-04 7.4796E-04	Time: 0.05s
Epoch [106/500]	 Average training and validation loss: 4.3953E-04 7.4634E-04	Time: 0.05s
Epoch [107/500]	 Average training and validation loss: 4.3823E-04 7.4475E-04	Time: 0.05s
Epoch [108/500]	 Average training and validation loss: 4.3695E-04 7.4316E-04	Time: 0.04s
Epoch [109/500]	 Average training and validation loss: 4.3568E-04 7.4162E-04	Time: 0.05s
Epoch [110/500]	 Average training and validation loss: 4.3442E-04 7.4011E-04	Time: 0.05s
Epoch [111/500]	 Average training and validation loss: 4.3317E-04 7.3860E-04	Time: 0.04s
Epoch [112/500]	 Average training and validation loss: 4.3193E-04 7.3712E-04	Time: 0.05s
Epoch [113/500]	 Average training and validation loss: 4.3069E-04 7.3566E-04	Time: 0.05s
Epoch [114/500]	 Average training and validation loss: 4.2947E-04 7.3420E-04	Time: 0.05s
Epoch [115/500]	 Average training and validation loss: 4.2826E-04 7.3277E-04	Time: 0.05s
Epoch [116/500]	 Average training and validation loss: 4.2706E-04 7.3135E-04	Time: 0.05s
Epoch [117/500]	 Average training and validation loss: 4.2587E-04 7.2997E-04	Time: 0.04s
Epoch [118/500]	 Average training and validation loss: 4.2469E-04 7.2860E-04	Time: 0.05s
Epoch [119/500]	 Average training and validation loss: 4.2352E-04 7.2727E-04	Time: 0.05s
Epoch [120/500]	 Average training and validation loss: 4.2236E-04 7.2592E-04	Time: 0.04s
Epoch [121/500]	 Average training and validation loss: 4.2121E-04 7.2457E-04	Time: 0.05s
Epoch [122/500]	 Average training and validation loss: 4.2007E-04 7.2325E-04	Time: 0.05s
Epoch [123/500]	 Average training and validation loss: 4.1894E-04 7.2202E-04	Time: 0.05s
Epoch [124/500]	 Average training and validation loss: 4.1784E-04 7.2085E-04	Time: 0.05s
Epoch [125/500]	 Average training and validation loss: 4.1674E-04 7.1971E-04	Time: 0.05s
Epoch [126/500]	 Average training and validation loss: 4.1565E-04 7.1855E-04	Time: 0.05s
Epoch [127/500]	 Average training and validation loss: 4.1458E-04 7.1745E-04	Time: 0.05s
Epoch [128/500]	 Average training and validation loss: 4.1351E-04 7.1638E-04	Time: 0.05s
Epoch [129/500]	 Average training and validation loss: 4.1245E-04 7.1530E-04	Time: 0.05s
Epoch [130/500]	 Average training and validation loss: 4.1139E-04 7.1424E-04	Time: 0.04s
Epoch [131/500]	 Average training and validation loss: 4.1035E-04 7.1320E-04	Time: 0.05s
Epoch [132/500]	 Average training and validation loss: 4.0931E-04 7.1219E-04	Time: 0.05s
Epoch [133/500]	 Average training and validation loss: 4.0828E-04 7.1120E-04	Time: 0.05s
Epoch [134/500]	 Average training and validation loss: 4.0726E-04 7.1018E-04	Time: 0.04s
Epoch [135/500]	 Average training and validation loss: 4.0624E-04 7.0918E-04	Time: 0.05s
Epoch [136/500]	 Average training and validation loss: 4.0524E-04 7.0819E-04	Time: 0.04s
Epoch [137/500]	 Average training and validation loss: 4.0425E-04 7.0720E-04	Time: 0.05s
Epoch [138/500]	 Average training and validation loss: 4.0326E-04 7.0624E-04	Time: 0.05s
Epoch [139/500]	 Average training and validation loss: 4.0229E-04 7.0532E-04	Time: 0.04s
Epoch [140/500]	 Average training and validation loss: 4.0131E-04 7.0444E-04	Time: 0.05s
Epoch [141/500]	 Average training and validation loss: 4.0035E-04 7.0360E-04	Time: 0.05s
Epoch [142/500]	 Average training and validation loss: 3.9940E-04 7.0277E-04	Time: 0.05s
Epoch [143/500]	 Average training and validation loss: 3.9845E-04 7.0189E-04	Time: 0.04s
Epoch [144/500]	 Average training and validation loss: 3.9751E-04 7.0108E-04	Time: 0.05s
Epoch [145/500]	 Average training and validation loss: 3.9658E-04 7.0030E-04	Time: 0.04s
Epoch [146/500]	 Average training and validation loss: 3.9565E-04 6.9951E-04	Time: 0.05s
Epoch [147/500]	 Average training and validation loss: 3.9473E-04 6.9866E-04	Time: 0.05s
Epoch [148/500]	 Average training and validation loss: 3.9382E-04 6.9787E-04	Time: 0.05s
Epoch [149/500]	 Average training and validation loss: 3.9291E-04 6.9715E-04	Time: 0.05s
Epoch [150/500]	 Average training and validation loss: 3.9202E-04 6.9642E-04	Time: 0.05s
Epoch [151/500]	 Average training and validation loss: 3.9113E-04 6.9570E-04	Time: 0.04s
Epoch [152/500]	 Average training and validation loss: 3.9024E-04 6.9495E-04	Time: 0.05s
Epoch [153/500]	 Average training and validation loss: 3.8936E-04 6.9421E-04	Time: 0.05s
Epoch [154/500]	 Average training and validation loss: 3.8849E-04 6.9353E-04	Time: 0.05s
Epoch [155/500]	 Average training and validation loss: 3.8763E-04 6.9284E-04	Time: 0.04s
Epoch [156/500]	 Average training and validation loss: 3.8677E-04 6.9214E-04	Time: 0.05s
Epoch [157/500]	 Average training and validation loss: 3.8591E-04 6.9146E-04	Time: 0.05s
Epoch [158/500]	 Average training and validation loss: 3.8505E-04 6.9084E-04	Time: 0.05s
Epoch [159/500]	 Average training and validation loss: 3.8421E-04 6.9022E-04	Time: 0.04s
Epoch [160/500]	 Average training and validation loss: 3.8336E-04 6.8962E-04	Time: 0.05s
Epoch [161/500]	 Average training and validation loss: 3.8252E-04 6.8902E-04	Time: 0.05s
Epoch [162/500]	 Average training and validation loss: 3.8168E-04 6.8842E-04	Time: 0.05s
Epoch [163/500]	 Average training and validation loss: 3.8086E-04 6.8786E-04	Time: 0.05s
Epoch [164/500]	 Average training and validation loss: 3.8003E-04 6.8729E-04	Time: 0.05s
Epoch [165/500]	 Average training and validation loss: 3.7922E-04 6.8671E-04	Time: 0.05s
Epoch [166/500]	 Average training and validation loss: 3.7841E-04 6.8615E-04	Time: 0.04s
Epoch [167/500]	 Average training and validation loss: 3.7760E-04 6.8563E-04	Time: 0.05s
Epoch [168/500]	 Average training and validation loss: 3.7679E-04 6.8511E-04	Time: 0.05s
Epoch [169/500]	 Average training and validation loss: 3.7600E-04 6.8462E-04	Time: 0.04s
Epoch [170/500]	 Average training and validation loss: 3.7521E-04 6.8411E-04	Time: 0.04s
Epoch [171/500]	 Average training and validation loss: 3.7442E-04 6.8361E-04	Time: 0.04s
Epoch [172/500]	 Average training and validation loss: 3.7364E-04 6.8310E-04	Time: 0.05s
Epoch [173/500]	 Average training and validation loss: 3.7286E-04 6.8261E-04	Time: 0.04s
Epoch [174/500]	 Average training and validation loss: 3.7209E-04 6.8212E-04	Time: 0.05s
Epoch [175/500]	 Average training and validation loss: 3.7133E-04 6.8168E-04	Time: 0.05s
Epoch [176/500]	 Average training and validation loss: 3.7057E-04 6.8124E-04	Time: 0.05s
Epoch [177/500]	 Average training and validation loss: 3.6981E-04 6.8076E-04	Time: 0.05s
Epoch [178/500]	 Average training and validation loss: 3.6907E-04 6.8028E-04	Time: 0.05s
Epoch [179/500]	 Average training and validation loss: 3.6832E-04 6.7983E-04	Time: 0.04s
Epoch [180/500]	 Average training and validation loss: 3.6758E-04 6.7940E-04	Time: 0.05s
Epoch [181/500]	 Average training and validation loss: 3.6684E-04 6.7896E-04	Time: 0.05s
Epoch [182/500]	 Average training and validation loss: 3.6611E-04 6.7850E-04	Time: 0.05s
Epoch [183/500]	 Average training and validation loss: 3.6539E-04 6.7806E-04	Time: 0.05s
Epoch [184/500]	 Average training and validation loss: 3.6466E-04 6.7761E-04	Time: 0.05s
Epoch [185/500]	 Average training and validation loss: 3.6394E-04 6.7717E-04	Time: 0.04s
Epoch [186/500]	 Average training and validation loss: 3.6323E-04 6.7673E-04	Time: 0.05s
Epoch [187/500]	 Average training and validation loss: 3.6252E-04 6.7633E-04	Time: 0.04s
Epoch [188/500]	 Average training and validation loss: 3.6182E-04 6.7593E-04	Time: 0.05s
Epoch [189/500]	 Average training and validation loss: 3.6111E-04 6.7552E-04	Time: 0.05s
Epoch [190/500]	 Average training and validation loss: 3.6041E-04 6.7514E-04	Time: 0.05s
Epoch [191/500]	 Average training and validation loss: 3.5971E-04 6.7478E-04	Time: 0.05s
Epoch [192/500]	 Average training and validation loss: 3.5902E-04 6.7442E-04	Time: 0.05s
Epoch [193/500]	 Average training and validation loss: 3.5833E-04 6.7403E-04	Time: 0.05s
Epoch [194/500]	 Average training and validation loss: 3.5764E-04 6.7368E-04	Time: 0.05s
Epoch [195/500]	 Average training and validation loss: 3.5696E-04 6.7334E-04	Time: 0.04s
Epoch [196/500]	 Average training and validation loss: 3.5628E-04 6.7296E-04	Time: 0.05s
Epoch [197/500]	 Average training and validation loss: 3.5561E-04 6.7262E-04	Time: 0.05s
Epoch [198/500]	 Average training and validation loss: 3.5493E-04 6.7233E-04	Time: 0.05s
Epoch [199/500]	 Average training and validation loss: 3.5426E-04 6.7201E-04	Time: 0.04s
Epoch [200/500]	 Average training and validation loss: 3.5360E-04 6.7166E-04	Time: 0.05s
Epoch [201/500]	 Average training and validation loss: 3.5294E-04 6.7133E-04	Time: 0.05s
Epoch [202/500]	 Average training and validation loss: 3.5228E-04 6.7102E-04	Time: 0.05s
Epoch [203/500]	 Average training and validation loss: 3.5163E-04 6.7073E-04	Time: 0.05s
Epoch [204/500]	 Average training and validation loss: 3.5098E-04 6.7042E-04	Time: 0.04s
Epoch [205/500]	 Average training and validation loss: 3.5034E-04 6.7011E-04	Time: 0.05s
Epoch [206/500]	 Average training and validation loss: 3.4970E-04 6.6981E-04	Time: 0.04s
Epoch [207/500]	 Average training and validation loss: 3.4906E-04 6.6951E-04	Time: 0.05s
Epoch [208/500]	 Average training and validation loss: 3.4842E-04 6.6919E-04	Time: 0.05s
Epoch [209/500]	 Average training and validation loss: 3.4779E-04 6.6889E-04	Time: 0.05s
Epoch [210/500]	 Average training and validation loss: 3.4717E-04 6.6860E-04	Time: 0.05s
Epoch [211/500]	 Average training and validation loss: 3.4654E-04 6.6828E-04	Time: 0.05s
Epoch [212/500]	 Average training and validation loss: 3.4591E-04 6.6798E-04	Time: 0.05s
Epoch [213/500]	 Average training and validation loss: 3.4529E-04 6.6770E-04	Time: 0.05s
Epoch [214/500]	 Average training and validation loss: 3.4467E-04 6.6742E-04	Time: 0.05s
Epoch [215/500]	 Average training and validation loss: 3.4405E-04 6.6713E-04	Time: 0.05s
Epoch [216/500]	 Average training and validation loss: 3.4344E-04 6.6682E-04	Time: 0.05s
Epoch [217/500]	 Average training and validation loss: 3.4282E-04 6.6656E-04	Time: 0.05s
Epoch [218/500]	 Average training and validation loss: 3.4221E-04 6.6634E-04	Time: 0.04s
Epoch [219/500]	 Average training and validation loss: 3.4161E-04 6.6609E-04	Time: 0.05s
Epoch [220/500]	 Average training and validation loss: 3.4100E-04 6.6583E-04	Time: 0.04s
Epoch [221/500]	 Average training and validation loss: 3.4038E-04 6.6558E-04	Time: 0.05s
Epoch [222/500]	 Average training and validation loss: 3.3977E-04 6.6535E-04	Time: 0.05s
Epoch [223/500]	 Average training and validation loss: 3.3916E-04 6.6511E-04	Time: 0.05s
Epoch [224/500]	 Average training and validation loss: 3.3855E-04 6.6488E-04	Time: 0.05s
Epoch [225/500]	 Average training and validation loss: 3.3794E-04 6.6466E-04	Time: 0.05s
Epoch [226/500]	 Average training and validation loss: 3.3733E-04 6.6445E-04	Time: 0.04s
Epoch [227/500]	 Average training and validation loss: 3.3673E-04 6.6424E-04	Time: 0.05s
Epoch [228/500]	 Average training and validation loss: 3.3614E-04 6.6401E-04	Time: 0.05s
Epoch [229/500]	 Average training and validation loss: 3.3554E-04 6.6378E-04	Time: 0.04s
Epoch [230/500]	 Average training and validation loss: 3.3496E-04 6.6356E-04	Time: 0.05s
Epoch [231/500]	 Average training and validation loss: 3.3437E-04 6.6337E-04	Time: 0.05s
Epoch [232/500]	 Average training and validation loss: 3.3379E-04 6.6317E-04	Time: 0.05s
Epoch [233/500]	 Average training and validation loss: 3.3322E-04 6.6298E-04	Time: 0.05s
Epoch [234/500]	 Average training and validation loss: 3.3265E-04 6.6280E-04	Time: 0.05s
Epoch [235/500]	 Average training and validation loss: 3.3208E-04 6.6261E-04	Time: 0.05s
Epoch [236/500]	 Average training and validation loss: 3.3151E-04 6.6242E-04	Time: 0.05s
Epoch [237/500]	 Average training and validation loss: 3.3095E-04 6.6225E-04	Time: 0.05s
Epoch [238/500]	 Average training and validation loss: 3.3038E-04 6.6206E-04	Time: 0.05s
Epoch [239/500]	 Average training and validation loss: 3.2982E-04 6.6190E-04	Time: 0.05s
Epoch [240/500]	 Average training and validation loss: 3.2927E-04 6.6176E-04	Time: 0.05s
Epoch [241/500]	 Average training and validation loss: 3.2872E-04 6.6163E-04	Time: 0.05s
Epoch [242/500]	 Average training and validation loss: 3.2816E-04 6.6148E-04	Time: 0.05s
Epoch [243/500]	 Average training and validation loss: 3.2762E-04 6.6130E-04	Time: 0.05s
Epoch [244/500]	 Average training and validation loss: 3.2707E-04 6.6114E-04	Time: 0.05s
Epoch [245/500]	 Average training and validation loss: 3.2653E-04 6.6099E-04	Time: 0.05s
Epoch [246/500]	 Average training and validation loss: 3.2599E-04 6.6087E-04	Time: 0.05s
Epoch [247/500]	 Average training and validation loss: 3.2545E-04 6.6070E-04	Time: 0.05s
Epoch [248/500]	 Average training and validation loss: 3.2492E-04 6.6055E-04	Time: 0.05s
Epoch [249/500]	 Average training and validation loss: 3.2438E-04 6.6043E-04	Time: 0.05s
Epoch [250/500]	 Average training and validation loss: 3.2386E-04 6.6032E-04	Time: 0.05s
Epoch [251/500]	 Average training and validation loss: 3.2332E-04 6.6020E-04	Time: 0.05s
Epoch [252/500]	 Average training and validation loss: 3.2280E-04 6.6006E-04	Time: 0.05s
Epoch [253/500]	 Average training and validation loss: 3.2228E-04 6.5994E-04	Time: 0.05s
Epoch [254/500]	 Average training and validation loss: 3.2175E-04 6.5984E-04	Time: 0.05s
Epoch [255/500]	 Average training and validation loss: 3.2123E-04 6.5974E-04	Time: 0.05s
Epoch [256/500]	 Average training and validation loss: 3.2071E-04 6.5963E-04	Time: 0.05s
Epoch [257/500]	 Average training and validation loss: 3.2019E-04 6.5951E-04	Time: 0.05s
Epoch [258/500]	 Average training and validation loss: 3.1967E-04 6.5940E-04	Time: 0.05s
Epoch [259/500]	 Average training and validation loss: 3.1915E-04 6.5932E-04	Time: 0.05s
Epoch [260/500]	 Average training and validation loss: 3.1863E-04 6.5920E-04	Time: 0.05s
Epoch [261/500]	 Average training and validation loss: 3.1812E-04 6.5909E-04	Time: 0.05s
Epoch [262/500]	 Average training and validation loss: 3.1761E-04 6.5899E-04	Time: 0.05s
Epoch [263/500]	 Average training and validation loss: 3.1709E-04 6.5889E-04	Time: 0.05s
Epoch [264/500]	 Average training and validation loss: 3.1658E-04 6.5880E-04	Time: 0.05s
Epoch [265/500]	 Average training and validation loss: 3.1607E-04 6.5868E-04	Time: 0.04s
Epoch [266/500]	 Average training and validation loss: 3.1556E-04 6.5856E-04	Time: 0.05s
Epoch [267/500]	 Average training and validation loss: 3.1505E-04 6.5847E-04	Time: 0.05s
Epoch [268/500]	 Average training and validation loss: 3.1455E-04 6.5837E-04	Time: 0.05s
Epoch [269/500]	 Average training and validation loss: 3.1404E-04 6.5828E-04	Time: 0.05s
Epoch [270/500]	 Average training and validation loss: 3.1354E-04 6.5821E-04	Time: 0.05s
Epoch [271/500]	 Average training and validation loss: 3.1304E-04 6.5815E-04	Time: 0.05s
Epoch [272/500]	 Average training and validation loss: 3.1255E-04 6.5808E-04	Time: 0.05s
Epoch [273/500]	 Average training and validation loss: 3.1205E-04 6.5799E-04	Time: 0.05s
Epoch [274/500]	 Average training and validation loss: 3.1156E-04 6.5793E-04	Time: 0.05s
Epoch [275/500]	 Average training and validation loss: 3.1107E-04 6.5788E-04	Time: 0.05s
Epoch [276/500]	 Average training and validation loss: 3.1059E-04 6.5781E-04	Time: 0.05s
Epoch [277/500]	 Average training and validation loss: 3.1011E-04 6.5774E-04	Time: 0.05s
Epoch [278/500]	 Average training and validation loss: 3.0962E-04 6.5769E-04	Time: 0.05s
Epoch [279/500]	 Average training and validation loss: 3.0914E-04 6.5765E-04	Time: 0.05s
Epoch [280/500]	 Average training and validation loss: 3.0867E-04 6.5761E-04	Time: 0.05s
Epoch [281/500]	 Average training and validation loss: 3.0819E-04 6.5754E-04	Time: 0.05s
Epoch [282/500]	 Average training and validation loss: 3.0771E-04 6.5750E-04	Time: 0.05s
Epoch [283/500]	 Average training and validation loss: 3.0724E-04 6.5747E-04	Time: 0.05s
Epoch [284/500]	 Average training and validation loss: 3.0677E-04 6.5741E-04	Time: 0.05s
Epoch [285/500]	 Average training and validation loss: 3.0630E-04 6.5736E-04	Time: 0.05s
Epoch [286/500]	 Average training and validation loss: 3.0583E-04 6.5733E-04	Time: 0.05s
Epoch [287/500]	 Average training and validation loss: 3.0537E-04 6.5730E-04	Time: 0.05s
Epoch [288/500]	 Average training and validation loss: 3.0491E-04 6.5726E-04	Time: 0.05s
Epoch [289/500]	 Average training and validation loss: 3.0445E-04 6.5721E-04	Time: 0.05s
Epoch [290/500]	 Average training and validation loss: 3.0399E-04 6.5717E-04	Time: 0.04s
Epoch [291/500]	 Average training and validation loss: 3.0353E-04 6.5715E-04	Time: 0.05s
Epoch [292/500]	 Average training and validation loss: 3.0308E-04 6.5710E-04	Time: 0.05s
Epoch [293/500]	 Average training and validation loss: 3.0263E-04 6.5706E-04	Time: 0.05s
Epoch [294/500]	 Average training and validation loss: 3.0218E-04 6.5703E-04	Time: 0.04s
Epoch [295/500]	 Average training and validation loss: 3.0173E-04 6.5701E-04	Time: 0.05s
Epoch [296/500]	 Average training and validation loss: 3.0128E-04 6.5697E-04	Time: 0.05s
Epoch [297/500]	 Average training and validation loss: 3.0084E-04 6.5694E-04	Time: 0.05s
Epoch [298/500]	 Average training and validation loss: 3.0040E-04 6.5691E-04	Time: 0.05s
Epoch [299/500]	 Average training and validation loss: 2.9996E-04 6.5689E-04	Time: 0.05s
Epoch [300/500]	 Average training and validation loss: 2.9952E-04 6.5689E-04	Time: 0.05s
Epoch [301/500]	 Average training and validation loss: 2.9909E-04 6.5686E-04	Time: 0.05s
Epoch [302/500]	 Average training and validation loss: 2.9865E-04 6.5681E-04	Time: 0.04s
Epoch [303/500]	 Average training and validation loss: 2.9822E-04 6.5680E-04	Time: 0.05s
Epoch [304/500]	 Average training and validation loss: 2.9779E-04 6.5680E-04	Time: 0.04s
Epoch [305/500]	 Average training and validation loss: 2.9737E-04 6.5676E-04	Time: 0.05s
Epoch [306/500]	 Average training and validation loss: 2.9694E-04 6.5673E-04	Time: 0.05s
Epoch [307/500]	 Average training and validation loss: 2.9651E-04 6.5670E-04	Time: 0.05s
Epoch [308/500]	 Average training and validation loss: 2.9608E-04 6.5670E-04	Time: 0.05s
Epoch [309/500]	 Average training and validation loss: 2.9566E-04 6.5669E-04	Time: 0.05s
Epoch [310/500]	 Average training and validation loss: 2.9524E-04 6.5668E-04	Time: 0.05s
Epoch [311/500]	 Average training and validation loss: 2.9482E-04 6.5668E-04	Time: 0.04s
Epoch [312/500]	 Average training and validation loss: 2.9441E-04 6.5667E-04	Time: 0.05s
Epoch [313/500]	 Average training and validation loss: 2.9399E-04 6.5668E-04	Time: 0.04s
Epoch [314/500]	 Average training and validation loss: 2.9357E-04 6.5671E-04	Time: 0.04s
Epoch [315/500]	 Average training and validation loss: 2.9316E-04 6.5673E-04	Time: 0.04s
Epoch [316/500]	 Average training and validation loss: 2.9274E-04 6.5673E-04	Time: 0.04s
Epoch [317/500]	 Average training and validation loss: 2.9232E-04 6.5675E-04	Time: 0.04s
Epoch [318/500]	 Average training and validation loss: 2.9190E-04 6.5681E-04	Time: 0.04s
Epoch [319/500]	 Average training and validation loss: 2.9149E-04 6.5685E-04	Time: 0.04s
Epoch [320/500]	 Average training and validation loss: 2.9107E-04 6.5687E-04	Time: 0.04s
Epoch [321/500]	 Average training and validation loss: 2.9066E-04 6.5691E-04	Time: 0.04s
Epoch [322/500]	 Average training and validation loss: 2.9025E-04 6.5695E-04	Time: 0.04s
Epoch [323/500]	 Average training and validation loss: 2.8984E-04 6.5697E-04	Time: 0.04s
Epoch [324/500]	 Average training and validation loss: 2.8942E-04 6.5700E-04	Time: 0.04s
Epoch [325/500]	 Average training and validation loss: 2.8902E-04 6.5701E-04	Time: 0.04s
Epoch [326/500]	 Average training and validation loss: 2.8861E-04 6.5707E-04	Time: 0.04s
Epoch [327/500]	 Average training and validation loss: 2.8820E-04 6.5712E-04	Time: 0.04s
Epoch [328/500]	 Average training and validation loss: 2.8780E-04 6.5715E-04	Time: 0.04s
Epoch [329/500]	 Average training and validation loss: 2.8740E-04 6.5720E-04	Time: 0.04s
Epoch [330/500]	 Average training and validation loss: 2.8699E-04 6.5726E-04	Time: 0.04s
Epoch [331/500]	 Average training and validation loss: 2.8660E-04 6.5730E-04	Time: 0.04s
Epoch [332/500]	 Average training and validation loss: 2.8620E-04 6.5733E-04	Time: 0.04s
Epoch [333/500]	 Average training and validation loss: 2.8580E-04 6.5736E-04	Time: 0.04s
Epoch [334/500]	 Average training and validation loss: 2.8540E-04 6.5741E-04	Time: 0.04s
Epoch [335/500]	 Average training and validation loss: 2.8500E-04 6.5745E-04	Time: 0.04s
Epoch [336/500]	 Average training and validation loss: 2.8461E-04 6.5751E-04	Time: 0.04s
Epoch [337/500]	 Average training and validation loss: 2.8421E-04 6.5758E-04	Time: 0.04s
Epoch [338/500]	 Average training and validation loss: 2.8382E-04 6.5762E-04	Time: 0.04s
Epoch [339/500]	 Average training and validation loss: 2.8343E-04 6.5767E-04	Time: 0.04s
Epoch [340/500]	 Average training and validation loss: 2.8304E-04 6.5772E-04	Time: 0.04s
Epoch [341/500]	 Average training and validation loss: 2.8265E-04 6.5775E-04	Time: 0.04s
Epoch [342/500]	 Average training and validation loss: 2.8226E-04 6.5778E-04	Time: 0.04s
Epoch [343/500]	 Average training and validation loss: 2.8187E-04 6.5783E-04	Time: 0.04s
Epoch [344/500]	 Average training and validation loss: 2.8148E-04 6.5789E-04	Time: 0.04s
Epoch [345/500]	 Average training and validation loss: 2.8111E-04 6.5795E-04	Time: 0.04s
Epoch [346/500]	 Average training and validation loss: 2.8072E-04 6.5799E-04	Time: 0.04s
Epoch [347/500]	 Average training and validation loss: 2.8034E-04 6.5806E-04	Time: 0.04s
Epoch [348/500]	 Average training and validation loss: 2.7996E-04 6.5813E-04	Time: 0.04s
Epoch [349/500]	 Average training and validation loss: 2.7958E-04 6.5821E-04	Time: 0.04s
Epoch [350/500]	 Average training and validation loss: 2.7920E-04 6.5827E-04	Time: 0.04s
Epoch [351/500]	 Average training and validation loss: 2.7882E-04 6.5834E-04	Time: 0.04s
Epoch [352/500]	 Average training and validation loss: 2.7844E-04 6.5844E-04	Time: 0.04s
Epoch [353/500]	 Average training and validation loss: 2.7807E-04 6.5854E-04	Time: 0.04s
Epoch [354/500]	 Average training and validation loss: 2.7769E-04 6.5860E-04	Time: 0.04s
Epoch [355/500]	 Average training and validation loss: 2.7731E-04 6.5866E-04	Time: 0.04s
Epoch [356/500]	 Average training and validation loss: 2.7694E-04 6.5875E-04	Time: 0.04s
Epoch [357/500]	 Average training and validation loss: 2.7656E-04 6.5883E-04	Time: 0.04s
Epoch [358/500]	 Average training and validation loss: 2.7619E-04 6.5891E-04	Time: 0.04s
Epoch [359/500]	 Average training and validation loss: 2.7582E-04 6.5898E-04	Time: 0.04s
Epoch [360/500]	 Average training and validation loss: 2.7545E-04 6.5907E-04	Time: 0.04s
Epoch [361/500]	 Average training and validation loss: 2.7508E-04 6.5917E-04	Time: 0.04s
Epoch [362/500]	 Average training and validation loss: 2.7472E-04 6.5926E-04	Time: 0.04s
Epoch [363/500]	 Average training and validation loss: 2.7435E-04 6.5934E-04	Time: 0.04s
Epoch [364/500]	 Average training and validation loss: 2.7399E-04 6.5943E-04	Time: 0.04s
Epoch [365/500]	 Average training and validation loss: 2.7362E-04 6.5952E-04	Time: 0.04s
Epoch [366/500]	 Average training and validation loss: 2.7326E-04 6.5960E-04	Time: 0.04s
Epoch [367/500]	 Average training and validation loss: 2.7289E-04 6.5970E-04	Time: 0.04s
Epoch [368/500]	 Average training and validation loss: 2.7253E-04 6.5978E-04	Time: 0.04s
Epoch [369/500]	 Average training and validation loss: 2.7218E-04 6.5986E-04	Time: 0.04s
Epoch [370/500]	 Average training and validation loss: 2.7182E-04 6.5996E-04	Time: 0.04s
Epoch [371/500]	 Average training and validation loss: 2.7146E-04 6.6006E-04	Time: 0.04s
Epoch [372/500]	 Average training and validation loss: 2.7111E-04 6.6013E-04	Time: 0.04s
Epoch [373/500]	 Average training and validation loss: 2.7076E-04 6.6019E-04	Time: 0.04s
Epoch [374/500]	 Average training and validation loss: 2.7040E-04 6.6029E-04	Time: 0.04s
Epoch [375/500]	 Average training and validation loss: 2.7004E-04 6.6039E-04	Time: 0.04s
Epoch [376/500]	 Average training and validation loss: 2.6969E-04 6.6048E-04	Time: 0.04s
Epoch [377/500]	 Average training and validation loss: 2.6934E-04 6.6056E-04	Time: 0.04s
Epoch [378/500]	 Average training and validation loss: 2.6899E-04 6.6066E-04	Time: 0.04s
Epoch [379/500]	 Average training and validation loss: 2.6864E-04 6.6074E-04	Time: 0.04s
Epoch [380/500]	 Average training and validation loss: 2.6829E-04 6.6083E-04	Time: 0.04s
Epoch [381/500]	 Average training and validation loss: 2.6794E-04 6.6095E-04	Time: 0.04s
Epoch [382/500]	 Average training and validation loss: 2.6759E-04 6.6104E-04	Time: 0.04s
Epoch [383/500]	 Average training and validation loss: 2.6724E-04 6.6111E-04	Time: 0.04s
Epoch [384/500]	 Average training and validation loss: 2.6690E-04 6.6120E-04	Time: 0.04s
Epoch [385/500]	 Average training and validation loss: 2.6655E-04 6.6131E-04	Time: 0.04s
Epoch [386/500]	 Average training and validation loss: 2.6620E-04 6.6142E-04	Time: 0.04s
Epoch [387/500]	 Average training and validation loss: 2.6585E-04 6.6154E-04	Time: 0.04s
Epoch [388/500]	 Average training and validation loss: 2.6551E-04 6.6163E-04	Time: 0.04s
Epoch [389/500]	 Average training and validation loss: 2.6516E-04 6.6171E-04	Time: 0.04s
Epoch [390/500]	 Average training and validation loss: 2.6482E-04 6.6182E-04	Time: 0.04s
Epoch [391/500]	 Average training and validation loss: 2.6448E-04 6.6195E-04	Time: 0.04s
Epoch [392/500]	 Average training and validation loss: 2.6414E-04 6.6206E-04	Time: 0.04s
Epoch [393/500]	 Average training and validation loss: 2.6380E-04 6.6217E-04	Time: 0.04s
Epoch [394/500]	 Average training and validation loss: 2.6346E-04 6.6228E-04	Time: 0.04s
Epoch [395/500]	 Average training and validation loss: 2.6312E-04 6.6239E-04	Time: 0.04s
Epoch [396/500]	 Average training and validation loss: 2.6278E-04 6.6251E-04	Time: 0.04s
Epoch [397/500]	 Average training and validation loss: 2.6244E-04 6.6265E-04	Time: 0.04s
Epoch [398/500]	 Average training and validation loss: 2.6210E-04 6.6276E-04	Time: 0.04s
Epoch [399/500]	 Average training and validation loss: 2.6177E-04 6.6286E-04	Time: 0.04s
Epoch [400/500]	 Average training and validation loss: 2.6143E-04 6.6297E-04	Time: 0.04s
Epoch [401/500]	 Average training and validation loss: 2.6110E-04 6.6307E-04	Time: 0.04s
Epoch [402/500]	 Average training and validation loss: 2.6075E-04 6.6314E-04	Time: 0.04s
Epoch [403/500]	 Average training and validation loss: 2.6041E-04 6.6324E-04	Time: 0.04s
Epoch [404/500]	 Average training and validation loss: 2.6007E-04 6.6338E-04	Time: 0.04s
Epoch [405/500]	 Average training and validation loss: 2.5973E-04 6.6350E-04	Time: 0.04s
Epoch [406/500]	 Average training and validation loss: 2.5939E-04 6.6363E-04	Time: 0.04s
Epoch [407/500]	 Average training and validation loss: 2.5906E-04 6.6376E-04	Time: 0.04s
Epoch [408/500]	 Average training and validation loss: 2.5872E-04 6.6386E-04	Time: 0.04s
Epoch [409/500]	 Average training and validation loss: 2.5838E-04 6.6398E-04	Time: 0.04s
Epoch [410/500]	 Average training and validation loss: 2.5805E-04 6.6410E-04	Time: 0.04s
Epoch [411/500]	 Average training and validation loss: 2.5771E-04 6.6423E-04	Time: 0.04s
Epoch [412/500]	 Average training and validation loss: 2.5738E-04 6.6434E-04	Time: 0.04s
Epoch [413/500]	 Average training and validation loss: 2.5705E-04 6.6444E-04	Time: 0.04s
Epoch [414/500]	 Average training and validation loss: 2.5672E-04 6.6456E-04	Time: 0.04s
Epoch [415/500]	 Average training and validation loss: 2.5638E-04 6.6469E-04	Time: 0.04s
Epoch [416/500]	 Average training and validation loss: 2.5606E-04 6.6479E-04	Time: 0.04s
Epoch [417/500]	 Average training and validation loss: 2.5573E-04 6.6489E-04	Time: 0.04s
Epoch [418/500]	 Average training and validation loss: 2.5540E-04 6.6503E-04	Time: 0.04s
Epoch [419/500]	 Average training and validation loss: 2.5507E-04 6.6515E-04	Time: 0.04s
Epoch [420/500]	 Average training and validation loss: 2.5474E-04 6.6523E-04	Time: 0.04s
Epoch [421/500]	 Average training and validation loss: 2.5441E-04 6.6530E-04	Time: 0.04s
Epoch [422/500]	 Average training and validation loss: 2.5409E-04 6.6542E-04	Time: 0.04s
Epoch [423/500]	 Average training and validation loss: 2.5376E-04 6.6552E-04	Time: 0.04s
Epoch [424/500]	 Average training and validation loss: 2.5343E-04 6.6562E-04	Time: 0.04s
Epoch [425/500]	 Average training and validation loss: 2.5310E-04 6.6574E-04	Time: 0.04s
Epoch [426/500]	 Average training and validation loss: 2.5278E-04 6.6585E-04	Time: 0.04s
Epoch [427/500]	 Average training and validation loss: 2.5246E-04 6.6593E-04	Time: 0.04s
Epoch [428/500]	 Average training and validation loss: 2.5213E-04 6.6604E-04	Time: 0.04s
Epoch [429/500]	 Average training and validation loss: 2.5180E-04 6.6615E-04	Time: 0.04s
Epoch [430/500]	 Average training and validation loss: 2.5149E-04 6.6626E-04	Time: 0.04s
Epoch [431/500]	 Average training and validation loss: 2.5117E-04 6.6641E-04	Time: 0.04s
Epoch [432/500]	 Average training and validation loss: 2.5084E-04 6.6655E-04	Time: 0.04s
Epoch [433/500]	 Average training and validation loss: 2.5052E-04 6.6663E-04	Time: 0.04s
Epoch [434/500]	 Average training and validation loss: 2.5021E-04 6.6673E-04	Time: 0.04s
Epoch [435/500]	 Average training and validation loss: 2.4989E-04 6.6683E-04	Time: 0.04s
Epoch [436/500]	 Average training and validation loss: 2.4957E-04 6.6690E-04	Time: 0.04s
Epoch [437/500]	 Average training and validation loss: 2.4926E-04 6.6698E-04	Time: 0.04s
Epoch [438/500]	 Average training and validation loss: 2.4894E-04 6.6707E-04	Time: 0.04s
Epoch [439/500]	 Average training and validation loss: 2.4863E-04 6.6719E-04	Time: 0.05s
Epoch [440/500]	 Average training and validation loss: 2.4832E-04 6.6730E-04	Time: 0.04s
Epoch [441/500]	 Average training and validation loss: 2.4800E-04 6.6739E-04	Time: 0.04s
Epoch [442/500]	 Average training and validation loss: 2.4769E-04 6.6752E-04	Time: 0.05s
Epoch [443/500]	 Average training and validation loss: 2.4738E-04 6.6766E-04	Time: 0.04s
Epoch [444/500]	 Average training and validation loss: 2.4707E-04 6.6777E-04	Time: 0.04s
Epoch [445/500]	 Average training and validation loss: 2.4676E-04 6.6785E-04	Time: 0.04s
Epoch [446/500]	 Average training and validation loss: 2.4645E-04 6.6793E-04	Time: 0.04s
Epoch [447/500]	 Average training and validation loss: 2.4614E-04 6.6805E-04	Time: 0.04s
Epoch [448/500]	 Average training and validation loss: 2.4584E-04 6.6815E-04	Time: 0.04s
Epoch [449/500]	 Average training and validation loss: 2.4553E-04 6.6826E-04	Time: 0.04s
Epoch [450/500]	 Average training and validation loss: 2.4522E-04 6.6836E-04	Time: 0.04s
Epoch [451/500]	 Average training and validation loss: 2.4492E-04 6.6848E-04	Time: 0.04s
Epoch [452/500]	 Average training and validation loss: 2.4461E-04 6.6856E-04	Time: 0.04s
Epoch [453/500]	 Average training and validation loss: 2.4431E-04 6.6865E-04	Time: 0.04s
Epoch [454/500]	 Average training and validation loss: 2.4401E-04 6.6877E-04	Time: 0.04s
Epoch [455/500]	 Average training and validation loss: 2.4370E-04 6.6888E-04	Time: 0.04s
Epoch [456/500]	 Average training and validation loss: 2.4341E-04 6.6896E-04	Time: 0.04s
Epoch [457/500]	 Average training and validation loss: 2.4311E-04 6.6904E-04	Time: 0.04s
Epoch [458/500]	 Average training and validation loss: 2.4281E-04 6.6914E-04	Time: 0.04s
Epoch [459/500]	 Average training and validation loss: 2.4251E-04 6.6925E-04	Time: 0.04s
Epoch [460/500]	 Average training and validation loss: 2.4221E-04 6.6938E-04	Time: 0.04s
Epoch [461/500]	 Average training and validation loss: 2.4191E-04 6.6947E-04	Time: 0.04s
Epoch [462/500]	 Average training and validation loss: 2.4161E-04 6.6957E-04	Time: 0.04s
Epoch [463/500]	 Average training and validation loss: 2.4131E-04 6.6968E-04	Time: 0.04s
Epoch [464/500]	 Average training and validation loss: 2.4102E-04 6.6980E-04	Time: 0.04s
Epoch [465/500]	 Average training and validation loss: 2.4072E-04 6.6994E-04	Time: 0.04s
Epoch [466/500]	 Average training and validation loss: 2.4043E-04 6.7004E-04	Time: 0.04s
Epoch [467/500]	 Average training and validation loss: 2.4014E-04 6.7014E-04	Time: 0.04s
Epoch [468/500]	 Average training and validation loss: 2.3984E-04 6.7026E-04	Time: 0.04s
Epoch [469/500]	 Average training and validation loss: 2.3954E-04 6.7040E-04	Time: 0.04s
Epoch [470/500]	 Average training and validation loss: 2.3925E-04 6.7049E-04	Time: 0.04s
Epoch [471/500]	 Average training and validation loss: 2.3896E-04 6.7058E-04	Time: 0.04s
Epoch [472/500]	 Average training and validation loss: 2.3867E-04 6.7071E-04	Time: 0.04s
Epoch [473/500]	 Average training and validation loss: 2.3837E-04 6.7084E-04	Time: 0.04s
Epoch [474/500]	 Average training and validation loss: 2.3808E-04 6.7097E-04	Time: 0.04s
Epoch [475/500]	 Average training and validation loss: 2.3779E-04 6.7108E-04	Time: 0.04s
Epoch [476/500]	 Average training and validation loss: 2.3750E-04 6.7119E-04	Time: 0.04s
Epoch [477/500]	 Average training and validation loss: 2.3722E-04 6.7131E-04	Time: 0.04s
Epoch [478/500]	 Average training and validation loss: 2.3692E-04 6.7142E-04	Time: 0.04s
Epoch [479/500]	 Average training and validation loss: 2.3663E-04 6.7150E-04	Time: 0.04s
Epoch [480/500]	 Average training and validation loss: 2.3635E-04 6.7162E-04	Time: 0.04s
Epoch [481/500]	 Average training and validation loss: 2.3606E-04 6.7176E-04	Time: 0.04s
Epoch [482/500]	 Average training and validation loss: 2.3577E-04 6.7187E-04	Time: 0.04s
Epoch [483/500]	 Average training and validation loss: 2.3548E-04 6.7199E-04	Time: 0.04s
Epoch [484/500]	 Average training and validation loss: 2.3520E-04 6.7211E-04	Time: 0.04s
Epoch [485/500]	 Average training and validation loss: 2.3491E-04 6.7218E-04	Time: 0.04s
Epoch [486/500]	 Average training and validation loss: 2.3463E-04 6.7230E-04	Time: 0.04s
Epoch [487/500]	 Average training and validation loss: 2.3434E-04 6.7244E-04	Time: 0.05s
Epoch [488/500]	 Average training and validation loss: 2.3405E-04 6.7255E-04	Time: 0.04s
Epoch [489/500]	 Average training and validation loss: 2.3377E-04 6.7266E-04	Time: 0.04s
Epoch [490/500]	 Average training and validation loss: 2.3348E-04 6.7282E-04	Time: 0.04s
Epoch [491/500]	 Average training and validation loss: 2.3320E-04 6.7293E-04	Time: 0.04s
Epoch [492/500]	 Average training and validation loss: 2.3291E-04 6.7300E-04	Time: 0.04s
Epoch [493/500]	 Average training and validation loss: 2.3262E-04 6.7312E-04	Time: 0.04s
Epoch [494/500]	 Average training and validation loss: 2.3234E-04 6.7325E-04	Time: 0.04s
Epoch [495/500]	 Average training and validation loss: 2.3206E-04 6.7338E-04	Time: 0.04s
Epoch [496/500]	 Average training and validation loss: 2.3178E-04 6.7348E-04	Time: 0.04s
Epoch [497/500]	 Average training and validation loss: 2.3149E-04 6.7358E-04	Time: 0.04s
Epoch [498/500]	 Average training and validation loss: 2.3121E-04 6.7373E-04	Time: 0.04s
Epoch [499/500]	 Average training and validation loss: 2.3092E-04 6.7384E-04	Time: 0.04s
Epoch [500/500]	 Average training and validation loss: 2.3064E-04 6.7393E-04	Time: 0.04s
Training Time 25.4177
Test Loss 0.0006

Training best epoch: 500	Training minimum loss: 2.306E-04
Validate best epoch: 312	Validate minimum loss: 6.567E-04
